1     TP_POWER_ON      SFCS_CHECK_ROUTE                               20231023_10:07:16 20231023_10:07:17    1  [[32m Pass [0;39m]
2     TP_POWER_ON      SFCS_PASS                                      20231023_10:07:19 20231023_10:07:20    1  [[32m Pass [0;39m]
1     TP_BS            SFCS_CHECK_ROUTE                               20231023_10:16:33 20231023_10:16:33    1  [[32m Pass [0;39m]
2     TP_BS            IDLE                                           20231023_10:16:35 20231023_10:17:36    1  [[32m Pass [0;39m]
3     TP_BS            AB_BOOTSTRAP                                   20231023_10:17:37 20231023_11:03:56    1  [[33m Term [0;39m]
1     TP_BS            SFCS_CHECK_ROUTE                               20231023_11:04:03 20231023_11:04:03    2  [[32m Pass [0;39m]
2     TP_BS            IDLE                                           20231023_11:04:05 20231023_11:05:06    2  [[32m Pass [0;39m]
3     TP_BS            AB_BOOTSTRAP                                   20231023_11:05:08 20231023_11:07:04    2  [[33m Term [0;39m]
1     TP_BS            SFCS_CHECK_ROUTE                               20231023_11:57:33 20231023_11:57:34    3  [[32m Pass [0;39m]
2     TP_BS            IDLE                                           20231023_11:57:36 20231023_11:58:36    3  [[32m Pass [0;39m]
3     TP_BS            AB_BOOTSTRAP                                   20231023_11:58:38 20231023_13:02:35    3  [[33m Term [0;39m]
1     TP_BS            SFCS_CHECK_ROUTE                               20231023_13:17:22 20231023_13:17:23    4  [[32m Pass [0;39m]
2     TP_BS            IDLE                                           20231023_13:17:25 20231023_13:18:25    4  [[32m Pass [0;39m]
3     TP_BS            AB_BOOTSTRAP                                   20231023_13:20:19 20231023_13:52:45    4  [[33m Term [0;39m]
1     TP_BS            SFCS_CHECK_ROUTE                               20231023_15:14:55 20231023_15:14:56    5  [[32m Pass [0;39m]
2     TP_BS            IDLE                                           20231023_15:14:57 20231023_15:15:58    5  [[32m Pass [0;39m]
3     TP_BS            AB_BOOTSTRAP                                   20231023_15:16:00 20231023_15:24:36    5  [[32m Pass [0;39m]
4     TP_BS            IDLE                                           20231023_15:24:38 20231023_15:26:16    1  [[33m Term [0;39m]
1     TP_BS            SFCS_CHECK_ROUTE                               20231023_15:26:38 20231023_15:26:39    6  [[32m Pass [0;39m]
2     TP_BS            IDLE                                           20231023_15:26:40 20231023_15:27:41    6  [[32m Pass [0;39m]
3     TP_BS            AB_BOOTSTRAP                                   20231023_15:27:43 20231023_15:37:17    6  [[33m Term [0;39m]
1     TP_BS            SFCS_CHECK_ROUTE                               20231023_15:38:46 20231023_15:38:47    7  [[32m Pass [0;39m]
2     TP_BS            IDLE                                           20231023_15:38:48 20231023_15:39:49    7  [[32m Pass [0;39m]
3     TP_BS            AB_BOOTSTRAP                                   20231023_15:39:51 20231023_15:43:13    7  [[32m Pass [0;39m]
4     TP_BS            IDLE                                           20231023_15:43:15 20231023_15:44:25    2  [[33m Term [0;39m]
1     TP_BS            SFCS_CHECK_ROUTE                               20231023_15:44:31 20231023_15:44:32    8  [[32m Pass [0;39m]
2     TP_BS            IDLE                                           20231023_15:44:34 20231023_15:45:34    8  [[32m Pass [0;39m]
3     TP_BS            AB_BOOTSTRAP                                   20231023_15:45:36 20231023_15:53:21    8  [[33m Term [0;39m]
1     Teton_BS         SFCS_CHECK_ROUTE                               20231023_21:35:34 20231023_21:35:35    1  [[32m Pass [0;39m]
2     Teton_BS         AB_BOOTSTRAP                                   20231023_21:35:36 20231023_21:47:21    1  [[32m Pass [0;39m]
3     Teton_BS         IDLE                                           20231023_21:47:23 20231023_21:55:24    1  [[32m Pass [0;39m]
4     Teton_BS         AB_K2V4_VER                                    20231023_21:55:26 20231023_22:29:21    1  [[32m Pass [0;39m]
5     Teton_BS         SFCS_PASS                                      20231023_22:29:22 20231023_22:29:23    1  [[32m Pass [0;39m]
1     TP_BS            SFCS_CHECK_ROUTE                               20231023_22:53:17 20231023_22:53:18    1  [[32m Pass [0;39m]
2     TP_BS            IDLE                                           20231023_22:53:19 20231023_22:54:20    1  [[32m Pass [0;39m]
3     TP_BS            AB_BOOTSTRAP                                   20231023_22:54:22 20231023_23:20:37    1  [[33m Term [0;39m]
1     TP_BS            SFCS_CHECK_ROUTE                               20231023_23:23:17 20231023_23:23:18    2  [[32m Pass [0;39m]
2     TP_BS            IDLE                                           20231023_23:23:20 20231023_23:24:21    2  [[32m Pass [0;39m]
3     TP_BS            AB_BOOTSTRAP                                   20231023_23:24:22 20231023_23:55:43    2  [[32m Pass [0;39m]
4     TP_BS            IDLE                                           20231023_23:55:45 20231024_00:03:45    1  [[32m Pass [0;39m]