    ID     Stage                Name                                     Start Time                      End Time               Duration       Result  
----------------------------------------------------------------------------------------------------------------------------------------------------------------------------
    1      IDT_INITIAL          SLEEP_TEST                          2023-10-03 16:22:59            2023-10-03 16:23:07          00:00:09        pass   
    1      IDT_INITIAL          SLEEP_TEST                          2023-10-03 16:22:59            2023-10-03 16:23:07          00:00:08        pass   
    2      IDT_INITIAL          BFT_RTC_TEST                        2023-10-03 16:23:16            2023-10-03 16:23:20          00:00:04        pass   
    3      IDT_INITIAL          SFCS_CHECK_ROUTE                    2023-10-03 16:23:20            2023-10-03 16:23:20          00:00:01        pass   
    4      IDT_INITIAL          UPLOAD_FIXTURE_INFO                 2023-10-03 16:23:20            2023-10-03 16:23:21          00:00:01        pass   
    5      IDT_INITIAL          SFCS_STAGE_START                    2023-10-03 16:23:21            2023-10-03 16:23:22          00:00:01        pass   
    6      IDT_FW_UPDATE        YM3_BMC_UPDATE                      2023-10-03 16:23:22            2023-10-03 16:31:44          00:08:22        pass   
    7      IDT_FW_UPDATE        NETLAKE_NIC_FW_UPDATE               2023-10-03 16:31:44            2023-10-03 16:39:53          00:08:09        pass   
    8      IDT_FW_UPDATE        YM3_NVME_SSD_FW_UPDATE              2023-10-03 16:39:53            2023-10-03 16:41:28          00:01:35        pass   
    9      IDT_FW_UPDATE        YM3_SLOT_DC                         2023-10-03 16:41:28            2023-10-03 16:48:16          00:06:48        pass   
    10     IDT_FW_UPDATE        YM3_BIOS_SETTING_CHECK              2023-10-03 16:48:16            2023-10-03 16:56:36          00:08:20        pass   
    11     IDT_FRU_WRITE        YM35_FRU_WRITE_L10                  2023-10-03 16:56:36            2023-10-03 16:57:29          00:00:53        pass   
    12     IDT_FRU_WRITE        YM35_FRU_CHECK_L10                  2023-10-03 16:57:29            2023-10-03 16:57:30          00:00:01        pass   
    13     IDT_PRE_LOG_CHECK    YM_SEL_CLEAR                        2023-10-03 16:57:30            2023-10-03 16:57:31          00:00:01        pass   
    14     IDT_PRE_LOG_CHECK    YM3_MCE_CHECK                       2023-10-03 16:57:31            2023-10-03 16:57:32          00:00:01        pass   
    15     IDT_PRE_LOG_CHECK    YM3_DMESG_CHECK                     2023-10-03 16:57:32            2023-10-03 16:57:32          00:00:01        pass   
    16     IDT_PRE_LOG_CHECK    YM3_MESSAGES_CHECK                  2023-10-03 16:57:32            2023-10-03 16:57:33          00:00:01        pass   
    17     IDT_PRE_LOG_CHECK    YM3_SEL_CHECK                       2023-10-03 16:57:33            2023-10-03 16:57:33          00:00:01        pass   
    18     IDT_PRE_LOG_CHECK    NETLAKE_SDR_CHECK                   2023-10-03 16:57:33            2023-10-03 16:57:35          00:00:02        pass   
    19     IDT_FW_CHECK         NETLAKE_ME_VER_CHECK                2023-10-03 16:57:35            2023-10-03 16:57:35          00:00:01        pass   
    20     IDT_FW_CHECK         NETLAKE_CPLD_CHECK                  2023-10-03 16:57:35            2023-10-03 16:57:35          00:00:01        pass   
    21     IDT_FW_CHECK         NETLAKE_VR_CHECK                    2023-10-03 16:57:35            2023-10-03 16:57:36          00:00:01        pass   
    22     IDT_FW_CHECK         BIOS_CHECK                          2023-10-03 16:57:36            2023-10-03 16:57:36          00:00:01        pass   
    23     IDT_FW_CHECK         YM3_BMC_VER_CHECK                   2023-10-03 16:57:36            2023-10-03 16:57:37          00:00:01        pass   
    24     IDT_FW_CHECK         YM3_TPM_PCR_CHECK                   2023-10-03 16:57:37            2023-10-03 16:57:38          00:00:01        pass   
    25     IDT_FW_CHECK         YM3_BMC_TPM_VER_CHECK               2023-10-03 16:57:38            2023-10-03 16:57:38          00:00:01        pass   
    26     IDT_FW_CHECK         NETLAKE_ETHTOOL_CHECK               2023-10-03 16:57:38            2023-10-03 16:57:39          00:00:01        pass   
    27     IDT_FW_CHECK         YM3_NVME_SSD_CONFIG_CHECK           2023-10-03 16:57:39            2023-10-03 16:57:40          00:00:01        pass   
    28     IDT_FW_CHECK         YM3_NIC_FW_CHECK                    2023-10-03 16:57:40            2023-10-03 16:57:41          00:00:01        pass   
    29     IDT_CONFIG_CHECK     CMOS_TEST                           2023-10-03 16:57:41            2023-10-03 16:57:42          00:00:01        pass   
    30     IDT_CONFIG_CHECK     YM3_CPU_AES_SMX_SSE4                2023-10-03 16:57:42            2023-10-03 16:57:43          00:00:01        pass   
    31     IDT_CONFIG_CHECK     NETLAKE_ETHTOOL_CHECK               2023-10-03 16:57:43            2023-10-03 16:57:43          00:00:01        pass   
    32     IDT_CONFIG_CHECK     CWC_PCIE_DEVICES_CHECK              2023-10-03 16:57:43            2023-10-03 16:57:44          00:00:01        pass   
    33     IDT_CONFIG_CHECK     YM3_MAC_ETH_CHECK                   2023-10-03 16:57:44            2023-10-03 16:57:46          00:00:02        pass   
    34     IDT_CONFIG_CHECK     MEMORY_CONFIG_CHECK                 2023-10-03 16:57:46            2023-10-03 16:57:46          00:00:01        pass   
    35     IDT_CONFIG_CHECK     YM3_TPM_PCR_CHECK                   2023-10-03 16:57:46            2023-10-03 16:57:48          00:00:02        pass   
    36     IDT_CONFIG_CHECK     NETLAKE_I2C_BUS_SCAN                2023-10-03 16:57:48            2023-10-03 16:57:51          00:00:03        pass   
    37     IDT_CONFIG_CHECK     NETLAKE_HPET_CHECK                  2023-10-03 16:57:51            2023-10-03 16:57:52          00:00:01        pass   
    38     IDT_CONFIG_CHECK     NETLAKE_PIC_CHECK                   2023-10-03 16:57:52            2023-10-03 16:57:52          00:00:01        pass   
    39     IDT_CONFIG_CHECK     NETLAKE_DMI_TEST                    2023-10-03 16:57:52            2023-10-03 16:57:52          00:00:01        pass   
    40     IDT_CONFIG_CHECK     CPU_CONFIG_CHECK                    2023-10-03 16:57:52            2023-10-03 16:57:53          00:00:01        pass   
    41     IDT_CONFIG_CHECK     NETLAKE_SOL_CHECK                   2023-10-03 16:57:53            2023-10-03 17:05:51          00:07:58        pass   
    42     IDT_CONFIG_CHECK     YM3_NVME_SSD_CONFIG_CHECK           2023-10-03 17:05:51            2023-10-03 17:05:53          00:00:02        pass   
    43     IDT_GUID_CHECK       NETLAKE_GUID_CHECK                  2023-10-03 17:05:53            2023-10-03 17:05:54          00:00:01        pass   
    44     IDT_SFCS_PASS        SFCS_STAGE_END                      2023-10-03 17:05:54            2023-10-03 17:05:56          00:00:02        pass   
    45     IDT_SFCS_PASS        SFCS_PASS                           2023-10-03 17:06:46            2023-10-03 17:06:47          00:00:01        pass   
    46     RDT_START            SFCS_STAGE_START                    2023-10-03 17:06:48            2023-10-03 17:06:49          00:00:01        pass   
    47     RDT_DC_CYCLE         YM_SEL_CLEAR                        2023-10-03 17:06:49            2023-10-03 17:06:50          00:00:01        pass   
    48     RDT_DC_CYCLE         YM3_SLOT_DC                         2023-10-04 09:16:37            2023-10-04 09:23:30          00:06:54        pass   
    48     RDT_DC_CYCLE         YM3_SLOT_DC                         2023-10-04 09:16:37            2023-10-04 09:23:30          00:06:53        pass   
    49     RDT_DC_CYCLE         YM3_SEL_CHECK                       2023-10-04 09:23:47            2023-10-04 09:23:49          00:00:02        pass   
    50     RDT_DC_CYCLE         YM3_DMESG_CHECK                     2023-10-04 09:23:49            2023-10-04 09:23:49          00:00:01        pass   
    51     RDT_DC_CYCLE         YM3_MESSAGES_CHECK                  2023-10-04 09:23:49            2023-10-04 09:23:50          00:00:01        pass   
    52     RDT_DC_CYCLE         NETLAKE_SDR_CHECK                   2023-10-04 09:23:50            2023-10-04 09:23:51          00:00:01        pass   
    53     RDT_DC_CYCLE         YM3_MCE_CHECK                       2023-10-04 09:23:51            2023-10-04 09:23:52          00:00:01        pass   
    54     RDT_DC_CYCLE         YM3_SLOT_DC                         2023-10-04 09:23:52            2023-10-04 09:30:43          00:06:51        pass   
    55     RDT_DC_CYCLE         YM3_SEL_CHECK                       2023-10-04 09:30:43            2023-10-04 09:30:44          00:00:01        pass   
    56     RDT_DC_CYCLE         YM3_DMESG_CHECK                     2023-10-04 09:30:44            2023-10-04 09:30:44          00:00:01        pass   
    57     RDT_DC_CYCLE         YM3_MESSAGES_CHECK                  2023-10-04 09:30:44            2023-10-04 09:30:44          00:00:01        pass   
    58     RDT_DC_CYCLE         NETLAKE_SDR_CHECK                   2023-10-04 09:30:44            2023-10-04 09:30:46          00:00:02        pass   
    59     RDT_DC_CYCLE         YM3_MCE_CHECK                       2023-10-04 09:30:46            2023-10-04 09:30:47          00:00:01        pass   
    60     RDT_DC_CYCLE         YM3_SLOT_DC                         2023-10-04 09:30:47            2023-10-04 09:37:43          00:06:56        pass   
    61     RDT_DC_CYCLE         YM3_SEL_CHECK                       2023-10-04 09:37:43            2023-10-04 09:37:43          00:00:01        pass   
    62     RDT_DC_CYCLE         YM3_DMESG_CHECK                     2023-10-04 09:37:43            2023-10-04 09:37:44          00:00:01        pass   
    63     RDT_DC_CYCLE         YM3_MESSAGES_CHECK                  2023-10-04 09:37:44            2023-10-04 09:37:44          00:00:01        pass   
    64     RDT_DC_CYCLE         NETLAKE_SDR_CHECK                   2023-10-04 09:37:44            2023-10-04 09:37:46          00:00:02        pass   
    65     RDT_DC_CYCLE         YM3_MCE_CHECK                       2023-10-04 09:37:46            2023-10-04 09:37:46          00:00:01        pass   
    66     RDT_GRACEFUL_SHUTDOWN YM_SEL_CLEAR                        2023-10-04 09:37:46            2023-10-04 09:37:47          00:00:01        pass   
    67     RDT_GRACEFUL_SHUTDOWN NETLAKE_GRACEFUL_SHUTDOWN           2023-10-04 09:37:47            2023-10-04 09:44:52          00:07:05        pass   
    68     RDT_GRACEFUL_SHUTDOWN YM3_SEL_CHECK                       2023-10-04 09:44:52            2023-10-04 09:44:52          00:00:01        pass   
    69     RDT_GRACEFUL_SHUTDOWN YM3_DMESG_CHECK                     2023-10-04 09:44:52            2023-10-04 09:44:53          00:00:01        pass   
    70     RDT_GRACEFUL_SHUTDOWN YM3_MESSAGES_CHECK                  2023-10-04 09:44:53            2023-10-04 09:44:53          00:00:01        pass   
    71     RDT_GRACEFUL_SHUTDOWN NETLAKE_SDR_CHECK                   2023-10-04 09:44:53            2023-10-04 09:44:55          00:00:02        pass   
    72     RDT_GRACEFUL_SHUTDOWN YM3_MCE_CHECK                       2023-10-04 09:44:55            2023-10-04 09:44:55          00:00:01        pass   
    73     RDT_GRACEFUL_SHUTDOWN NETLAKE_GRACEFUL_SHUTDOWN           2023-10-04 09:44:55            2023-10-04 09:51:59          00:07:04        pass   
    74     RDT_GRACEFUL_SHUTDOWN YM3_SEL_CHECK                       2023-10-04 09:51:59            2023-10-04 09:52:00          00:00:01        pass   
    75     RDT_GRACEFUL_SHUTDOWN YM3_DMESG_CHECK                     2023-10-04 09:52:00            2023-10-04 09:52:00          00:00:01        pass   
    76     RDT_GRACEFUL_SHUTDOWN YM3_MESSAGES_CHECK                  2023-10-04 09:52:00            2023-10-04 09:52:00          00:00:01        pass   
    77     RDT_GRACEFUL_SHUTDOWN NETLAKE_SDR_CHECK                   2023-10-04 09:52:00            2023-10-04 09:52:02          00:00:02        pass   
    78     RDT_GRACEFUL_SHUTDOWN YM3_MCE_CHECK                       2023-10-04 09:52:02            2023-10-04 09:52:03          00:00:01        pass   
    79     RDT_GRACEFUL_SHUTDOWN NETLAKE_GRACEFUL_SHUTDOWN           2023-10-04 09:52:03            2023-10-04 09:59:08          00:07:05        pass   
    80     RDT_GRACEFUL_SHUTDOWN YM3_SEL_CHECK                       2023-10-04 09:59:08            2023-10-04 09:59:08          00:00:01        pass   
    81     RDT_GRACEFUL_SHUTDOWN YM3_DMESG_CHECK                     2023-10-04 09:59:08            2023-10-04 09:59:08          00:00:01        pass   
    82     RDT_GRACEFUL_SHUTDOWN YM3_MESSAGES_CHECK                  2023-10-04 09:59:08            2023-10-04 09:59:09          00:00:01        pass   
    83     RDT_GRACEFUL_SHUTDOWN NETLAKE_SDR_CHECK                   2023-10-04 09:59:09            2023-10-04 09:59:10          00:00:01        pass   
    84     RDT_GRACEFUL_SHUTDOWN YM3_MCE_CHECK                       2023-10-04 09:59:10            2023-10-04 09:59:11          00:00:01        pass   
    85     RDT_AC_CYCLE         YM_SEL_CLEAR                        2023-10-04 09:59:11            2023-10-04 09:59:12          00:00:01        pass   
    86     RDT_AC_CYCLE         YM3_SLED_AC                         2023-10-04 09:59:12            2023-10-04 10:08:11          00:08:59        pass   
    87     RDT_AC_CYCLE         YM3_SEL_CHECK                       2023-10-04 10:08:11            2023-10-04 10:08:12          00:00:01        pass   
    88     RDT_AC_CYCLE         YM3_DMESG_CHECK                     2023-10-04 10:08:12            2023-10-04 10:08:12          00:00:01        pass   
    89     RDT_AC_CYCLE         YM3_MESSAGES_CHECK                  2023-10-04 10:08:12            2023-10-04 10:08:13          00:00:01        pass   
    90     RDT_AC_CYCLE         NETLAKE_SDR_CHECK                   2023-10-04 10:08:13            2023-10-04 10:08:14          00:00:01        pass   
    91     RDT_AC_CYCLE         YM3_MCE_CHECK                       2023-10-04 10:08:14            2023-10-04 10:08:15          00:00:01        pass   
    92     RDT_AC_CYCLE         YM3_SLED_AC                         2023-10-04 10:08:15            2023-10-04 10:17:15          00:09:00        pass   
    93     RDT_AC_CYCLE         YM3_SEL_CHECK                       2023-10-04 10:17:15            2023-10-04 10:17:15          00:00:01        pass   
    94     RDT_AC_CYCLE         YM3_DMESG_CHECK                     2023-10-04 10:17:15            2023-10-04 10:17:16          00:00:01        pass   
    95     RDT_AC_CYCLE         YM3_MESSAGES_CHECK                  2023-10-04 10:17:16            2023-10-04 10:17:16          00:00:01        pass   
    96     RDT_AC_CYCLE         NETLAKE_SDR_CHECK                   2023-10-04 10:17:16            2023-10-04 10:17:18          00:00:02        pass   
    97     RDT_AC_CYCLE         YM3_MCE_CHECK                       2023-10-04 10:17:18            2023-10-04 10:17:18          00:00:01        pass   
    98     RDT_AC_CYCLE         YM3_SLED_AC                         2023-10-04 10:17:18            2023-10-04 10:26:21          00:09:03        pass   
    99     RDT_AC_CYCLE         YM3_SEL_CHECK                       2023-10-04 10:26:21            2023-10-04 10:26:22          00:00:01        pass   
   100     RDT_AC_CYCLE         YM3_DMESG_CHECK                     2023-10-04 10:26:22            2023-10-04 10:26:22          00:00:01        pass   
   101     RDT_AC_CYCLE         YM3_MESSAGES_CHECK                  2023-10-04 10:26:22            2023-10-04 10:26:22          00:00:01        pass   
   102     RDT_AC_CYCLE         NETLAKE_SDR_CHECK                   2023-10-04 10:26:23            2023-10-04 10:26:24          00:00:01        pass   
   103     RDT_AC_CYCLE         YM3_MCE_CHECK                       2023-10-04 10:26:24            2023-10-04 10:26:25          00:00:01        pass   
   104     RDT_LOG_CHECK        YM3_MCE_CHECK                       2023-10-04 10:26:25            2023-10-04 10:26:25          00:00:01        pass   
   105     RDT_LOG_CHECK        YM3_DMESG_CHECK                     2023-10-04 10:26:25            2023-10-04 10:26:26          00:00:01        pass   
   106     RDT_LOG_CHECK        YM3_MESSAGES_CHECK                  2023-10-04 10:26:26            2023-10-04 10:26:26          00:00:01        pass   
   107     RDT_LOG_CHECK        YM3_SEL_CHECK                       2023-10-04 10:26:26            2023-10-04 10:26:26          00:00:01        pass   
   108     RDT_LOG_CHECK        NETLAKE_SDR_CHECK                   2023-10-04 10:26:26            2023-10-04 10:26:28          00:00:02        pass   
   109     RDT_LOG_CHECK        YM_SEL_CLEAR                        2023-10-04 10:26:28            2023-10-04 10:26:29          00:00:01        pass   
   110     RDT_SHC_TEST         NETLAKE_INTEL_SHC_TEST              2023-10-04 10:26:29            2023-10-04 11:30:38          01:04:09        pass   
   111     RDT_SHC_TEST         YM3_SEL_CHECK                       2023-10-04 11:30:38            2023-10-04 11:30:38          00:00:01        pass   
   112     RDT_SHC_TEST         YM3_DMESG_CHECK                     2023-10-04 11:30:38            2023-10-04 11:30:39          00:00:01        pass   
   113     RDT_SHC_TEST         YM3_MESSAGES_CHECK                  2023-10-04 11:30:39            2023-10-04 11:30:39          00:00:01        pass   
   114     RDT_SHC_TEST         NETLAKE_SDR_CHECK                   2023-10-04 11:30:39            2023-10-04 11:30:41          00:00:02        pass   
   115     RDT_SHC_TEST         YM3_MCE_CHECK                       2023-10-04 11:30:41            2023-10-04 11:30:41          00:00:01        pass   
   116     RDT_SHC_TEST         YM_SEL_CLEAR                        2023-10-04 11:30:41            2023-10-04 11:30:42          00:00:01        pass   
   117     RDT_PTU              YM3_PTUGEN                          2023-10-04 11:30:42            2023-10-04 12:32:22          01:01:40        pass   
   118     RDT_PTU              YM3_SEL_CHECK                       2023-10-04 12:32:22            2023-10-04 12:32:23          00:00:01        pass   
   119     RDT_PTU              YM3_DMESG_CHECK                     2023-10-04 12:32:23            2023-10-04 12:32:23          00:00:01        pass   
   120     RDT_PTU              YM3_MESSAGES_CHECK                  2023-10-04 12:32:23            2023-10-04 12:32:24          00:00:01        pass   
   121     RDT_PTU              NETLAKE_SDR_CHECK                   2023-10-04 12:32:24            2023-10-04 12:32:25          00:00:01        pass   
   122     RDT_PTU              YM3_MCE_CHECK                       2023-10-04 12:32:25            2023-10-04 12:32:26          00:00:01        pass   
   123     RDT_PTU              YM_SEL_CLEAR                        2023-10-04 12:32:26            2023-10-04 12:32:27          00:00:01        pass   
   124     RDT_MEMSTRESS        YM3_STRESSAPPTEST                   2023-10-04 12:32:27            2023-10-04 14:03:05          01:30:38        pass   
   125     RDT_MEMSTRESS        YM3_SEL_CHECK                       2023-10-04 14:03:05            2023-10-04 14:03:06          00:00:01        pass   
   126     RDT_MEMSTRESS        YM3_DMESG_CHECK                     2023-10-04 14:03:06            2023-10-04 14:03:06          00:00:01        pass   
   127     RDT_MEMSTRESS        YM3_MESSAGES_CHECK                  2023-10-04 14:03:06            2023-10-04 14:03:07          00:00:01        pass   
   128     RDT_MEMSTRESS        NETLAKE_SDR_CHECK                   2023-10-04 14:03:07            2023-10-04 14:03:08          00:00:01        pass   
   129     RDT_MEMSTRESS        YM3_MCE_CHECK                       2023-10-04 14:03:08            2023-10-04 14:03:09          00:00:01        pass   
   131     RDT_MEMSTRESS        YM3_MPRIME                          2023-10-04 14:03:10            2023-10-04 22:50:48          08:47:39        fail   
   130     RDT_MEMSTRESS        YM_SEL_CLEAR                        2023-10-04 22:31:53            2023-10-04 22:31:54          00:00:02        pass   
   130     RDT_MEMSTRESS        YM_SEL_CLEAR                        2023-10-04 22:31:53            2023-10-04 22:31:54          00:00:01        pass   
   131     RDT_MEMSTRESS        YM3_MPRIME                          2023-10-04 22:32:19            2023-10-04 22:50:48          00:18:29        fail   
   124     RDT_MEMSTRESS        YM3_STRESSAPPTEST                   2023-10-04 23:29:24            2023-10-05 01:00:12          01:30:48        pass   
   125     RDT_MEMSTRESS        YM3_SEL_CHECK                       2023-10-05 01:00:12            2023-10-05 01:00:13          00:00:01        pass   
   126     RDT_MEMSTRESS        YM3_DMESG_CHECK                     2023-10-05 01:00:13            2023-10-05 01:00:13          00:00:01        pass   
   127     RDT_MEMSTRESS        YM3_MESSAGES_CHECK                  2023-10-05 01:00:13            2023-10-05 01:00:14          00:00:01        pass   
   128     RDT_MEMSTRESS        NETLAKE_SDR_CHECK                   2023-10-05 01:00:14            2023-10-05 01:00:15          00:00:01        pass   
   129     RDT_MEMSTRESS        YM3_MCE_CHECK                       2023-10-05 01:00:15            2023-10-05 01:00:16          00:00:01        pass   
   130     RDT_MEMSTRESS        YM_SEL_CLEAR                        2023-10-05 01:00:16            2023-10-05 01:00:17          00:00:01        pass   
   131     RDT_MEMSTRESS        YM3_MPRIME                          2023-10-05 01:00:17            2023-10-05 02:40:22          01:40:05        pass   
   132     RDT_MEMSTRESS        YM3_SEL_CHECK                       2023-10-05 02:40:22            2023-10-05 02:40:22          00:00:01        pass   
   133     RDT_MEMSTRESS        YM3_DMESG_CHECK                     2023-10-05 02:40:22            2023-10-05 02:40:23          00:00:01        pass   
   134     RDT_MEMSTRESS        YM3_MESSAGES_CHECK                  2023-10-05 02:40:23            2023-10-05 02:40:23          00:00:01        pass   
   135     RDT_MEMSTRESS        NETLAKE_SDR_CHECK                   2023-10-05 02:40:23            2023-10-05 02:40:25          00:00:02        pass   
   136     RDT_MEMSTRESS        YM3_MCE_CHECK                       2023-10-05 02:40:25            2023-10-05 02:40:25          00:00:01        pass   
   137     RDT_MEMSTRESS        YM_SEL_CLEAR                        2023-10-05 02:40:25            2023-10-05 02:40:26          00:00:01        pass   
   138     RDT_FIO_TEST         YM3_FIO_START                       2023-10-05 02:40:26            2023-10-05 02:41:43          00:01:17        pass   
   139     RDT_FIO_TEST         YM3_MPRIME                          2023-10-05 02:41:43            2023-10-05 03:21:48          00:40:05        pass   
   140     RDT_FIO_TEST         YM3_FIO_END                         2023-10-05 03:21:48            2023-10-05 03:21:49          00:00:01        pass   
   141     RDT_FIO_TEST         YM3_SEL_CHECK                       2023-10-05 03:21:49            2023-10-05 03:21:49          00:00:01        pass   
   142     RDT_FIO_TEST         YM3_DMESG_CHECK                     2023-10-05 03:21:49            2023-10-05 03:21:50          00:00:01        pass   
   143     RDT_FIO_TEST         YM3_MESSAGES_CHECK                  2023-10-05 03:21:50            2023-10-05 03:21:50          00:00:01        pass   
   144     RDT_FIO_TEST         NETLAKE_SDR_CHECK                   2023-10-05 03:21:50            2023-10-05 03:21:52          00:00:02        pass   
   145     RDT_FIO_TEST         YM3_MCE_CHECK                       2023-10-05 03:21:52            2023-10-05 03:21:52          00:00:01        pass   
   146     RDT_FIO_TEST         YM_SEL_CLEAR                        2023-10-05 03:21:52            2023-10-05 03:21:53          00:00:01        pass   
   147     RDT_IPERF            YM3_IPERF                           2023-10-05 03:21:58            2023-10-05 03:59:14          00:37:16        pass   
   148     RDT_IPERF            YM3_SEL_CHECK                       2023-10-05 03:59:38            2023-10-05 03:59:48          00:00:10        pass   
   149     RDT_IPERF            YM3_DMESG_CHECK                     2023-10-05 03:59:49            2023-10-05 03:59:49          00:00:01        pass   
   150     RDT_IPERF            YM3_MESSAGES_CHECK                  2023-10-05 03:59:49            2023-10-05 03:59:50          00:00:01        pass   
   151     RDT_IPERF            NETLAKE_SDR_CHECK                   2023-10-05 03:59:50            2023-10-05 03:59:51          00:00:01        pass   
   152     RDT_IPERF            YM3_MCE_CHECK                       2023-10-05 03:59:51            2023-10-05 03:59:52          00:00:01        pass   
   153     RDT_IPERF            YM_SEL_CLEAR                        2023-10-05 03:59:52            2023-10-05 03:59:53          00:00:01        pass   
   154     RDT_FW_CHECK         NETLAKE_ME_VER_CHECK                2023-10-05 03:59:53            2023-10-05 03:59:53          00:00:01        pass   
   155     RDT_FW_CHECK         NETLAKE_CPLD_CHECK                  2023-10-05 03:59:53            2023-10-05 03:59:53          00:00:01        pass   
   156     RDT_FW_CHECK         NETLAKE_VR_CHECK                    2023-10-05 03:59:53            2023-10-05 03:59:54          00:00:01        pass   
   157     RDT_FW_CHECK         BIOS_CHECK                          2023-10-05 03:59:54            2023-10-05 03:59:54          00:00:01        pass   
   158     RDT_FW_CHECK         YM3_BMC_VER_CHECK                   2023-10-05 03:59:54            2023-10-05 03:59:55          00:00:01        pass   
   159     RDT_FW_CHECK         YM3_TPM_PCR_CHECK                   2023-10-05 03:59:55            2023-10-05 03:59:56          00:00:01        pass   
   160     RDT_FW_CHECK         YM3_BMC_TPM_VER_CHECK               2023-10-05 03:59:56            2023-10-05 03:59:56          00:00:01        pass   
   161     RDT_FW_CHECK         NETLAKE_ETHTOOL_CHECK               2023-10-05 03:59:56            2023-10-05 03:59:56          00:00:01        pass   
   162     RDT_FW_CHECK         YM3_NVME_SSD_CONFIG_CHECK           2023-10-05 03:59:56            2023-10-05 03:59:58          00:00:02        pass   
   163     RDT_FW_CHECK         YM3_NIC_FW_CHECK                    2023-10-05 03:59:58            2023-10-05 03:59:59          00:00:01        pass   
   164     RDT_FW_CHECK         YM35_FRU_CHECK_L10                  2023-10-05 03:59:59            2023-10-05 04:00:00          00:00:01        pass   
   165     RDT_CONFIG_CHECK     NETLAKE_ETHTOOL_CHECK               2023-10-05 04:00:00            2023-10-05 04:00:00          00:00:01        pass   
   166     RDT_CONFIG_CHECK     YM3_MAC_ETH_CHECK                   2023-10-05 04:00:00            2023-10-05 04:00:02          00:00:02        pass   
   167     RDT_CONFIG_CHECK     CWC_PCIE_DEVICES_CHECK              2023-10-05 04:00:02            2023-10-05 04:00:03          00:00:01        pass   
   168     RDT_CONFIG_CHECK     MEMORY_CONFIG_CHECK                 2023-10-05 04:00:03            2023-10-05 04:00:03          00:00:01        pass   
   169     RDT_CONFIG_CHECK     NETLAKE_I2C_BUS_SCAN                2023-10-05 04:00:03            2023-10-05 04:00:07          00:00:04        pass   
   170     RDT_CONFIG_CHECK     NETLAKE_HPET_CHECK                  2023-10-05 04:00:07            2023-10-05 04:00:07          00:00:01        pass   
   171     RDT_CONFIG_CHECK     NETLAKE_PIC_CHECK                   2023-10-05 04:00:07            2023-10-05 04:00:08          00:00:01        pass   
   172     RDT_CONFIG_CHECK     NETLAKE_DMI_TEST                    2023-10-05 04:00:08            2023-10-05 04:00:08          00:00:01        pass   
   173     RDT_CONFIG_CHECK     CPU_CONFIG_CHECK                    2023-10-05 04:00:08            2023-10-05 04:00:08          00:00:01        pass   
   174     RDT_CONFIG_CHECK     NETLAKE_SOL_CHECK                   2023-10-05 04:00:08            2023-10-05 04:08:12          00:08:04        pass   
   175     RDT_CONFIG_CHECK     YM3_NVME_SSD_CONFIG_CHECK           2023-10-05 04:08:12            2023-10-05 04:08:13          00:00:01        pass   
   176     RDT_LOG_CLEAR        NETLAKE_BIOS_DEFAULT_BMC            2023-10-05 04:08:13            2023-10-05 04:16:23          00:08:10        pass   
   177     RDT_LOG_CLEAR        YM3_BIOS_SETTING_CHECK              2023-10-05 04:16:23            2023-10-05 04:24:39          00:08:16        pass   
   178     RDT_LOG_CLEAR        BIOS_CHECK                          2023-10-05 04:24:39            2023-10-05 04:24:39          00:00:01        pass   
   179     RDT_LOG_CLEAR        YM_SEL_CLEAR                        2023-10-05 04:24:39            2023-10-05 04:24:40          00:00:01        pass   
   180     RDT_LOG_CLEAR        YM3_SEL_CHECK                       2023-10-05 04:24:40            2023-10-05 04:24:40          00:00:01        pass   
   181     RDT_SFCS_PASS        SFCS_STAGE_END                      2023-10-05 04:24:40            2023-10-05 04:24:48          00:00:08        pass   
   182     RDT_SFCS_PASS        SFCS_PASS                           2023-10-05 04:26:14            2023-10-05 04:26:14          00:00:01        pass   
   183     FDT_START            SFCS_STAGE_START                    2023-10-05 04:26:40            2023-10-05 04:26:41          00:00:01        pass   
   184     FDT_PRE_LOG_CHECK    YM_SEL_CLEAR                        2023-10-05 04:26:41            2023-10-05 04:26:42          00:00:01        pass   
   185     FDT_PRE_LOG_CHECK    YM3_MCE_CHECK                       2023-10-05 04:26:42            2023-10-05 04:26:42          00:00:01        pass   
   186     FDT_PRE_LOG_CHECK    YM3_DMESG_CHECK                     2023-10-05 04:26:42            2023-10-05 04:26:43          00:00:01        pass   
   187     FDT_PRE_LOG_CHECK    YM3_MESSAGES_CHECK                  2023-10-05 04:26:43            2023-10-05 04:26:43          00:00:01        pass   
   188     FDT_PRE_LOG_CHECK    YM3_SEL_CHECK                       2023-10-05 04:26:43            2023-10-05 04:26:44          00:00:01        pass   
   189     FDT_PRE_LOG_CHECK    NETLAKE_SDR_CHECK                   2023-10-05 04:26:44            2023-10-05 04:26:45          00:00:01        pass   
   190     FDT_FW_CHECK         NETLAKE_ME_VER_CHECK                2023-10-05 04:26:45            2023-10-05 04:26:46          00:00:01        pass   
   191     FDT_FW_CHECK         NETLAKE_CPLD_CHECK                  2023-10-05 04:26:46            2023-10-05 04:26:46          00:00:01        pass   
   192     FDT_FW_CHECK         NETLAKE_VR_CHECK                    2023-10-05 04:26:46            2023-10-05 04:26:47          00:00:01        pass   
   193     FDT_FW_CHECK         BIOS_CHECK                          2023-10-05 04:26:47            2023-10-05 04:26:47          00:00:01        pass   
   194     FDT_FW_CHECK         YM3_BMC_VER_CHECK                   2023-10-05 04:26:47            2023-10-05 04:26:47          00:00:01        pass   
   195     FDT_FW_CHECK         YM3_TPM_PCR_CHECK                   2023-10-05 04:26:47            2023-10-05 04:26:48          00:00:01        pass   
   196     FDT_FW_CHECK         YM3_BMC_TPM_VER_CHECK               2023-10-05 04:26:48            2023-10-05 04:26:49          00:00:01        pass   
   197     FDT_FW_CHECK         NETLAKE_ETHTOOL_CHECK               2023-10-05 04:26:49            2023-10-05 04:26:49          00:00:01        pass   
   198     FDT_FW_CHECK         YM3_NVME_SSD_CONFIG_CHECK           2023-10-05 04:26:49            2023-10-05 04:26:51          00:00:02        pass   
   199     FDT_FW_CHECK         YM3_NIC_FW_CHECK                    2023-10-05 04:26:51            2023-10-05 04:26:51          00:00:01        pass   
   200     FDT_GUID_CHECK       NETLAKE_GUID_CHECK                  2023-10-05 04:26:51            2023-10-05 04:26:52          00:00:01        pass   
   201     FDT_CONFIG_CHECK     CMOS_TEST                           2023-10-05 04:26:52            2023-10-05 04:26:53          00:00:01        pass   
   202     FDT_CONFIG_CHECK     YM3_CPU_AES_SMX_SSE4                2023-10-05 04:26:53            2023-10-05 04:26:54          00:00:01        pass   
   203     FDT_CONFIG_CHECK     NETLAKE_ETHTOOL_CHECK               2023-10-05 04:26:54            2023-10-05 04:26:54          00:00:01        pass   
   204     FDT_CONFIG_CHECK     CWC_PCIE_DEVICES_CHECK              2023-10-05 04:26:55            2023-10-05 04:26:55          00:00:01        pass   
   205     FDT_CONFIG_CHECK     YM3_MAC_ETH_CHECK                   2023-10-05 04:26:55            2023-10-05 04:26:57          00:00:02        pass   
   206     FDT_CONFIG_CHECK     MEMORY_CONFIG_CHECK                 2023-10-05 04:26:57            2023-10-05 04:26:58          00:00:01        pass   
   207     FDT_CONFIG_CHECK     YM3_TPM_PCR_CHECK                   2023-10-05 04:26:58            2023-10-05 04:26:59          00:00:01        pass   
   208     FDT_CONFIG_CHECK     NETLAKE_I2C_BUS_SCAN                2023-10-05 04:26:59            2023-10-05 04:27:02          00:00:03        pass   
   209     FDT_CONFIG_CHECK     NETLAKE_HPET_CHECK                  2023-10-05 04:27:02            2023-10-05 04:27:03          00:00:01        pass   
   210     FDT_CONFIG_CHECK     NETLAKE_PIC_CHECK                   2023-10-05 04:27:03            2023-10-05 04:27:03          00:00:01        pass   
   211     FDT_CONFIG_CHECK     NETLAKE_DMI_TEST                    2023-10-05 04:27:03            2023-10-05 04:27:03          00:00:01        pass   
   212     FDT_CONFIG_CHECK     CPU_CONFIG_CHECK                    2023-10-05 04:27:03            2023-10-05 04:27:04          00:00:01        pass   
   213     FDT_CONFIG_CHECK     NETLAKE_SOL_CHECK                   2023-10-05 04:27:04            2023-10-05 04:35:08          00:08:04        pass   
   214     FDT_CONFIG_CHECK     YM3_NVME_SSD_CONFIG_CHECK           2023-10-05 04:35:08            2023-10-05 04:35:09          00:00:01        pass   
   215     FDT_FAN_CHECK        NETLAKE_FAN_CHECK                   2023-10-05 04:35:16            2023-10-05 04:36:45          00:01:29        pass   
   216     FDT_AC_CYCLE         YM_SEL_CLEAR                        2023-10-05 04:37:10            2023-10-05 04:37:12          00:00:02        pass   
   217     FDT_AC_CYCLE         YM3_SLED_AC                         2023-10-05 04:37:12            2023-10-05 04:46:20          00:09:08        pass   
   218     FDT_AC_CYCLE         YM3_SEL_CHECK                       2023-10-05 04:46:20            2023-10-05 04:46:20          00:00:01        pass   
   219     FDT_AC_CYCLE         YM3_DMESG_CHECK                     2023-10-05 04:46:20            2023-10-05 04:46:21          00:00:01        pass   
   220     FDT_AC_CYCLE         YM3_MESSAGES_CHECK                  2023-10-05 04:46:21            2023-10-05 04:46:21          00:00:01        pass   
   221     FDT_AC_CYCLE         NETLAKE_SDR_CHECK                   2023-10-05 04:46:21            2023-10-05 04:46:23          00:00:02        pass   
   222     FDT_AC_CYCLE         YM3_MCE_CHECK                       2023-10-05 04:46:23            2023-10-05 04:46:23          00:00:01        pass   
   223     FDT_AC_CYCLE         YM3_SLED_AC                         2023-10-05 04:46:23            2023-10-05 04:55:28          00:09:05        pass   
   224     FDT_AC_CYCLE         YM3_SEL_CHECK                       2023-10-05 04:55:28            2023-10-05 04:55:28          00:00:01        pass   
   225     FDT_AC_CYCLE         YM3_DMESG_CHECK                     2023-10-05 04:55:28            2023-10-05 04:55:28          00:00:01        pass   
   226     FDT_AC_CYCLE         YM3_MESSAGES_CHECK                  2023-10-05 04:55:29            2023-10-05 04:55:29          00:00:01        pass   
   227     FDT_AC_CYCLE         NETLAKE_SDR_CHECK                   2023-10-05 04:55:29            2023-10-05 04:55:31          00:00:02        pass   
   228     FDT_AC_CYCLE         YM3_MCE_CHECK                       2023-10-05 04:55:31            2023-10-05 04:55:31          00:00:01        pass   
   229     FDT_AC_CYCLE         YM3_SLED_AC                         2023-10-05 04:55:31            2023-10-05 05:04:35          00:09:04        pass   
   230     FDT_AC_CYCLE         YM3_SEL_CHECK                       2023-10-05 05:04:35            2023-10-05 05:04:36          00:00:01        pass   
   231     FDT_AC_CYCLE         YM3_DMESG_CHECK                     2023-10-05 05:04:36            2023-10-05 05:04:36          00:00:01        pass   
   232     FDT_AC_CYCLE         YM3_MESSAGES_CHECK                  2023-10-05 05:04:36            2023-10-05 05:04:37          00:00:01        pass   
   233     FDT_AC_CYCLE         NETLAKE_SDR_CHECK                   2023-10-05 05:04:37            2023-10-05 05:04:38          00:00:01        pass   
   234     FDT_AC_CYCLE         YM3_MCE_CHECK                       2023-10-05 05:04:38            2023-10-05 05:04:39          00:00:01        pass   
   235     FDT_LOG_CHECK        YM3_MCE_CHECK                       2023-10-05 05:04:39            2023-10-05 05:04:39          00:00:01        pass   
   236     FDT_LOG_CHECK        YM3_DMESG_CHECK                     2023-10-05 05:04:39            2023-10-05 05:04:40          00:00:01        pass   
   237     FDT_LOG_CHECK        YM3_MESSAGES_CHECK                  2023-10-05 05:04:40            2023-10-05 05:04:40          00:00:01        pass   
   238     FDT_LOG_CHECK        YM3_SEL_CHECK                       2023-10-05 05:04:40            2023-10-05 05:04:41          00:00:01        pass   
   239     FDT_LOG_CHECK        NETLAKE_SDR_CHECK                   2023-10-05 05:04:41            2023-10-05 05:04:42          00:00:01        pass   
   240     FDT_LOG_CHECK        YM_SEL_CLEAR                        2023-10-05 05:04:42            2023-10-05 05:04:43          00:00:01        pass   
   241     FDT_STRESS           YM3_FIO_START                       2023-10-05 05:04:43            2023-10-05 05:06:00          00:01:17        pass   
   242     FDT_STRESS           YM3_MPRIME                          2023-10-05 05:06:00            2023-10-05 05:21:05          00:15:05        pass   
   243     FDT_STRESS           YM3_FIO_END                         2023-10-05 05:21:05            2023-10-05 05:21:06          00:00:01        pass   
   244     FDT_STRESS           YM3_PTUGEN                          2023-10-05 05:21:06            2023-10-05 05:29:46          00:08:40        pass   
   245     FDT_STRESS           YM3_IPERF                           2023-10-05 05:30:07            2023-10-05 05:41:51          00:11:44        pass   
   246     FDT_STRESS           YM3_STRESSAPPTEST                   2023-10-05 05:42:14            2023-10-05 05:48:01          00:05:47        pass   
   247     FDT_LOG_CLEAR        NETLAKE_BIOS_DEFAULT_BMC            2023-10-05 05:48:02            2023-10-05 05:56:11          00:08:09        pass   
   248     FDT_LOG_CLEAR        YM3_BIOS_SETTING_CHECK              2023-10-05 05:56:11            2023-10-05 06:04:30          00:08:19        pass   
   249     FDT_LOG_CLEAR        BIOS_CHECK                          2023-10-05 06:04:31            2023-10-05 06:04:31          00:00:01        pass   
   250     FDT_LOG_CLEAR        YM_SEL_CLEAR                        2023-10-05 06:04:31            2023-10-05 06:04:31          00:00:01        pass   
   251     FDT_LOG_CLEAR        YM3_SEL_CHECK                       2023-10-05 06:04:32            2023-10-05 06:04:32          00:00:01        pass   
   252     FDT_SFCS_PASS        SFCS_STAGE_END                      2023-10-05 06:04:32            2023-10-05 06:04:39          00:00:07        pass   
   253     FDT_SFCS_PASS        SFCS_PASS                           2023-10-05 08:57:24            2023-10-05 08:57:25          00:00:01        pass   




