    ID     Stage                Name                                     Start Time                      End Time               Duration       Result  
----------------------------------------------------------------------------------------------------------------------------------------------------------------------------
    1      IDT_INITIAL          SLEEP_TEST                          2023-09-14 20:52:10            2023-09-14 20:52:18          00:00:09        pass   
    1      IDT_INITIAL          SLEEP_TEST                          2023-09-14 20:52:10            2023-09-14 20:52:18          00:00:08        pass   
    2      IDT_INITIAL          BFT_RTC_TEST                        2023-09-14 20:52:46            2023-09-14 20:52:51          00:00:05        pass   
    3      IDT_INITIAL          SFCS_CHECK_ROUTE                    2023-09-14 20:52:51            2023-09-14 20:52:51          00:00:01        pass   
    4      IDT_INITIAL          UPLOAD_FIXTURE_INFO                 2023-09-14 20:52:51            2023-09-14 20:52:52          00:00:01        pass   
    5      IDT_INITIAL          SFCS_STAGE_START                    2023-09-14 20:52:52            2023-09-14 20:52:52          00:00:01        pass   
    6      IDT_INITIAL          YM3_BIOS_SETTING_CHECK              2023-09-14 20:52:52            2023-09-14 20:53:04          00:00:12        pass   
    7      IDT_FW_UPDATE        NETLAKE_NIC_FW_UPDATE               2023-09-14 20:53:04            2023-09-14 21:01:46          00:08:42        pass   
    8      IDT_FW_UPDATE        YM3_BMC_UPDATE                      2023-09-14 21:01:46            2023-09-14 21:10:09          00:08:23        fail   
    1      IDT_INITIAL          SLEEP_TEST                          2023-09-14 21:27:18            2023-09-14 21:27:25          00:00:07        pass   
    2      IDT_INITIAL          BFT_RTC_TEST                        2023-09-14 21:27:25            2023-09-14 21:27:29          00:00:04        pass   
    3      IDT_INITIAL          SFCS_CHECK_ROUTE                    2023-09-14 21:27:29            2023-09-14 21:27:29          00:00:01        pass   
    4      IDT_INITIAL          UPLOAD_FIXTURE_INFO                 2023-09-14 21:27:29            2023-09-14 21:27:30          00:00:01        pass   
    5      IDT_INITIAL          SFCS_STAGE_START                    2023-09-14 21:27:30            2023-09-14 21:27:30          00:00:01        pass   
    6      IDT_INITIAL          YM3_BMC_UPDATE                      2023-09-14 21:27:30            2023-09-14 21:37:03          00:09:33        pass   
    7      IDT_INITIAL          YM3_BIOS_SETTING_CHECK              2023-09-14 21:37:03            2023-09-14 21:37:14          00:00:11        pass   
    8      IDT_FW_UPDATE        NETLAKE_NIC_FW_UPDATE               2023-09-14 21:37:14            2023-09-14 21:37:15          00:00:01        pass   
    9      IDT_FW_UPDATE        YM3_NVME_SSD_FW_UPDATE              2023-09-14 21:37:15            2023-09-14 21:41:50          00:04:36        fail   
    9      IDT_FW_UPDATE        YM3_NVME_SSD_FW_UPDATE              2023-09-14 21:44:06            2023-09-14 21:47:26          00:03:21        fail   
    8      IDT_FW_UPDATE        NETLAKE_NIC_FW_UPDATE               2023-09-14 21:51:50            2023-09-14 21:52:00          00:00:10        pass   
    9      IDT_FW_UPDATE        YM3_NVME_SSD_FW_UPDATE              2023-09-14 21:52:00            2023-09-14 21:52:01          00:00:01        pass   
    10     IDT_FRU_WRITE        YM35_FRU_WRITE_L10                  2023-09-14 21:52:01            2023-09-14 21:52:06          00:00:05        pass   
    11     IDT_FRU_WRITE        YM35_FRU_CHECK_L10                  2023-09-14 21:52:06            2023-09-14 21:52:07          00:00:01        pass   
    12     IDT_PRE_LOG_CHECK    YM_SEL_CLEAR                        2023-09-14 21:52:07            2023-09-14 21:52:08          00:00:01        pass   
    13     IDT_PRE_LOG_CHECK    YM3_MCE_CHECK                       2023-09-14 21:52:08            2023-09-14 21:52:08          00:00:01        pass   
    14     IDT_PRE_LOG_CHECK    YM3_DMESG_CHECK                     2023-09-14 21:52:08            2023-09-14 21:52:09          00:00:01        pass   
    15     IDT_PRE_LOG_CHECK    YM3_MESSAGES_CHECK                  2023-09-14 21:52:09            2023-09-14 21:52:09          00:00:01        pass   
    16     IDT_PRE_LOG_CHECK    YM3_SEL_CHECK                       2023-09-14 21:52:09            2023-09-14 21:52:09          00:00:01        pass   
    17     IDT_PRE_LOG_CHECK    NETLAKE_SDR_CHECK                   2023-09-14 21:52:09            2023-09-14 21:52:11          00:00:02        pass   
    18     IDT_FW_CHECK         NETLAKE_ME_VER_CHECK                2023-09-14 21:52:11            2023-09-14 21:52:11          00:00:01        pass   
    19     IDT_FW_CHECK         NETLAKE_CPLD_CHECK                  2023-09-14 21:52:12            2023-09-14 21:52:12          00:00:01        pass   
    20     IDT_FW_CHECK         NETLAKE_VR_CHECK                    2023-09-14 21:52:12            2023-09-14 21:52:12          00:00:01        pass   
    21     IDT_FW_CHECK         BIOS_CHECK                          2023-09-14 21:52:12            2023-09-14 21:52:13          00:00:01        pass   
    22     IDT_FW_CHECK         YM3_BMC_VER_CHECK                   2023-09-14 21:52:13            2023-09-14 21:52:13          00:00:01        pass   
    23     IDT_FW_CHECK         YM3_TPM_PCR_CHECK                   2023-09-14 21:52:13            2023-09-14 21:52:16          00:00:03        fail   
    1      IDT_INITIAL          SLEEP_TEST                          2023-09-15 15:07:54            2023-09-15 15:08:57          00:01:03        fail   
    1      IDT_INITIAL          SLEEP_TEST                          2023-09-15 15:19:24            2023-09-15 15:19:39          00:00:15        pass   
    2      IDT_INITIAL          BFT_RTC_TEST                        2023-09-15 15:19:39            2023-09-15 15:19:43          00:00:04        pass   
    3      IDT_INITIAL          SFCS_CHECK_ROUTE                    2023-09-15 15:19:43            2023-09-15 15:19:43          00:00:01        pass   
    4      IDT_INITIAL          UPLOAD_FIXTURE_INFO                 2023-09-15 15:19:43            2023-09-15 15:19:44          00:00:01        pass   
    5      IDT_INITIAL          SFCS_STAGE_START                    2023-09-15 15:19:44            2023-09-15 15:19:44          00:00:01        pass   
    6      IDT_INITIAL          YM3_BMC_UPDATE                      2023-09-15 15:19:44            2023-09-15 15:19:45          00:00:01        pass   
    7      IDT_INITIAL          YM3_BIOS_SETTING_CHECK              2023-09-15 15:19:45            2023-09-15 15:19:57          00:00:12        pass   
    8      IDT_FW_UPDATE        NETLAKE_NIC_FW_UPDATE               2023-09-15 15:19:57            2023-09-15 15:19:57          00:00:01        pass   
    9      IDT_FW_UPDATE        YM3_NVME_SSD_FW_UPDATE              2023-09-15 15:19:57            2023-09-15 15:19:58          00:00:01        pass   
    10     IDT_FRU_WRITE        YM35_FRU_WRITE_L10                  2023-09-15 15:19:58            2023-09-15 15:20:09          00:00:11        pass   
    11     IDT_FRU_WRITE        YM35_FRU_CHECK_L10                  2023-09-15 15:20:09            2023-09-15 15:20:10          00:00:01        pass   
    12     IDT_PRE_LOG_CHECK    YM_SEL_CLEAR                        2023-09-15 15:20:10            2023-09-15 15:20:10          00:00:01        pass   
    13     IDT_PRE_LOG_CHECK    YM3_MCE_CHECK                       2023-09-15 15:20:11            2023-09-15 15:20:11          00:00:01        pass   
    14     IDT_PRE_LOG_CHECK    YM3_DMESG_CHECK                     2023-09-15 15:20:11            2023-09-15 15:20:11          00:00:01        pass   
    15     IDT_PRE_LOG_CHECK    YM3_MESSAGES_CHECK                  2023-09-15 15:20:11            2023-09-15 15:20:12          00:00:01        pass   
    16     IDT_PRE_LOG_CHECK    YM3_SEL_CHECK                       2023-09-15 15:20:12            2023-09-15 15:20:12          00:00:01        pass   
    17     IDT_PRE_LOG_CHECK    NETLAKE_SDR_CHECK                   2023-09-15 15:20:12            2023-09-15 15:20:14          00:00:02        pass   
    18     IDT_FW_CHECK         NETLAKE_ME_VER_CHECK                2023-09-15 15:20:14            2023-09-15 15:20:14          00:00:01        pass   
    19     IDT_FW_CHECK         NETLAKE_CPLD_CHECK                  2023-09-15 15:20:14            2023-09-15 15:20:15          00:00:01        pass   
    20     IDT_FW_CHECK         NETLAKE_VR_CHECK                    2023-09-15 15:20:15            2023-09-15 15:20:15          00:00:01        pass   
    21     IDT_FW_CHECK         BIOS_CHECK                          2023-09-15 15:20:15            2023-09-15 15:20:15          00:00:01        pass   
    22     IDT_FW_CHECK         YM3_BMC_VER_CHECK                   2023-09-15 15:20:15            2023-09-15 15:20:16          00:00:01        pass   
    23     IDT_FW_CHECK         YM3_TPM_PCR_CHECK                   2023-09-15 15:20:16            2023-09-15 15:20:17          00:00:01        pass   
    24     IDT_FW_CHECK         YM3_BMC_TPM_VER_CHECK               2023-09-15 15:20:17            2023-09-15 15:20:17          00:00:01        pass   
    25     IDT_FW_CHECK         NETLAKE_ETHTOOL_CHECK               2023-09-15 15:20:17            2023-09-15 15:20:18          00:00:01        pass   
    26     IDT_FW_CHECK         YM3_NVME_SSD_CONFIG_CHECK           2023-09-15 15:20:18            2023-09-15 15:20:19          00:00:01        pass   
    27     IDT_FW_CHECK         YM3_NIC_FW_CHECK                    2023-09-15 15:20:19            2023-09-15 15:20:20          00:00:01        pass   
    28     IDT_CONFIG_CHECK     CMOS_TEST                           2023-09-15 15:20:20            2023-09-15 15:20:20          00:00:01        pass   
    29     IDT_CONFIG_CHECK     YM3_CPU_AES_SMX_SSE4                2023-09-15 15:20:20            2023-09-15 15:20:21          00:00:01        pass   
    30     IDT_CONFIG_CHECK     NETLAKE_ETHTOOL_CHECK               2023-09-15 15:20:21            2023-09-15 15:20:22          00:00:01        pass   
    31     IDT_CONFIG_CHECK     CWC_PCIE_DEVICES_CHECK              2023-09-15 15:20:22            2023-09-15 15:20:22          00:00:01        pass   
    32     IDT_CONFIG_CHECK     YM3_MAC_ETH_CHECK                   2023-09-15 15:20:22            2023-09-15 15:20:24          00:00:02        pass   
    33     IDT_CONFIG_CHECK     MEMORY_CONFIG_CHECK                 2023-09-15 15:20:24            2023-09-15 15:20:25          00:00:01        pass   
    34     IDT_CONFIG_CHECK     YM3_TPM_PCR_CHECK                   2023-09-15 15:20:25            2023-09-15 15:20:26          00:00:01        pass   
    35     IDT_CONFIG_CHECK     NETLAKE_I2C_BUS_SCAN                2023-09-15 15:20:26            2023-09-15 15:20:29          00:00:03        pass   
    36     IDT_CONFIG_CHECK     NETLAKE_HPET_CHECK                  2023-09-15 15:20:29            2023-09-15 15:20:30          00:00:01        pass   
    37     IDT_CONFIG_CHECK     NETLAKE_PIC_CHECK                   2023-09-15 15:20:30            2023-09-15 15:20:30          00:00:01        pass   
    38     IDT_CONFIG_CHECK     NETLAKE_DMI_TEST                    2023-09-15 15:20:30            2023-09-15 15:20:30          00:00:01        pass   
    39     IDT_CONFIG_CHECK     CPU_CONFIG_CHECK                    2023-09-15 15:20:30            2023-09-15 15:20:31          00:00:01        pass   
    40     IDT_CONFIG_CHECK     NETLAKE_SOL_CHECK                   2023-09-15 15:20:31            2023-09-15 15:30:07          00:09:36        pass   
    41     IDT_CONFIG_CHECK     YM3_NVME_SSD_CONFIG_CHECK           2023-09-15 15:30:07            2023-09-15 15:30:08          00:00:01        pass   
    42     IDT_GUID_CHECK       NETLAKE_GUID_CHECK                  2023-09-15 15:30:08            2023-09-15 15:30:09          00:00:01        pass   
    43     IDT_SFCS_PASS        SFCS_STAGE_END                      2023-09-15 15:30:09            2023-09-15 15:30:11          00:00:02        pass   
    44     IDT_SFCS_PASS        SFCS_PASS                           2023-09-15 16:08:07            2023-09-15 16:08:07          00:00:01        pass   
    45     RDT_START            SFCS_STAGE_START                    2023-09-15 16:08:27            2023-09-15 16:08:34          00:00:07        pass   
    46     RDT_DC_CYCLE         YM_SEL_CLEAR                        2023-09-15 16:08:34            2023-09-15 16:08:35          00:00:01        pass   
    47     RDT_DC_CYCLE         YM3_SLOT_DC                         2023-09-15 16:08:35            2023-09-15 16:15:14          00:06:39        pass   
    48     RDT_DC_CYCLE         YM3_SEL_CHECK                       2023-09-15 16:15:14            2023-09-15 16:15:15          00:00:01        pass   
    49     RDT_DC_CYCLE         YM3_DMESG_CHECK                     2023-09-15 16:15:15            2023-09-15 16:15:15          00:00:01        pass   
    50     RDT_DC_CYCLE         YM3_MESSAGES_CHECK                  2023-09-15 16:15:15            2023-09-15 16:15:15          00:00:01        pass   
    51     RDT_DC_CYCLE         NETLAKE_SDR_CHECK                   2023-09-15 16:15:15            2023-09-15 16:15:17          00:00:02        pass   
    52     RDT_DC_CYCLE         YM3_MCE_CHECK                       2023-09-15 16:15:17            2023-09-15 16:15:17          00:00:01        pass   
    53     RDT_DC_CYCLE         YM3_SLOT_DC                         2023-09-15 16:15:17            2023-09-15 16:21:57          00:06:40        pass   
    54     RDT_DC_CYCLE         YM3_SEL_CHECK                       2023-09-15 16:21:57            2023-09-15 16:21:58          00:00:01        pass   
    55     RDT_DC_CYCLE         YM3_DMESG_CHECK                     2023-09-15 16:21:58            2023-09-15 16:21:58          00:00:01        pass   
    56     RDT_DC_CYCLE         YM3_MESSAGES_CHECK                  2023-09-15 16:21:58            2023-09-15 16:21:58          00:00:01        pass   
    57     RDT_DC_CYCLE         NETLAKE_SDR_CHECK                   2023-09-15 16:21:58            2023-09-15 16:22:00          00:00:02        pass   
    58     RDT_DC_CYCLE         YM3_MCE_CHECK                       2023-09-15 16:22:00            2023-09-15 16:22:00          00:00:01        pass   
    59     RDT_DC_CYCLE         YM3_SLOT_DC                         2023-09-15 16:22:00            2023-09-15 16:28:45          00:06:45        pass   
    60     RDT_DC_CYCLE         YM3_SEL_CHECK                       2023-09-15 16:28:45            2023-09-15 16:28:46          00:00:01        pass   
    61     RDT_DC_CYCLE         YM3_DMESG_CHECK                     2023-09-15 16:28:46            2023-09-15 16:28:46          00:00:01        pass   
    62     RDT_DC_CYCLE         YM3_MESSAGES_CHECK                  2023-09-15 16:28:46            2023-09-15 16:28:46          00:00:01        pass   
    63     RDT_DC_CYCLE         NETLAKE_SDR_CHECK                   2023-09-15 16:28:46            2023-09-15 16:28:48          00:00:02        pass   
    64     RDT_DC_CYCLE         YM3_MCE_CHECK                       2023-09-15 16:28:48            2023-09-15 16:28:48          00:00:01        pass   
    65     RDT_GRACEFUL_SHUTDOWN YM_SEL_CLEAR                        2023-09-15 16:28:49            2023-09-15 16:28:49          00:00:01        pass   
    66     RDT_GRACEFUL_SHUTDOWN NETLAKE_GRACEFUL_SHUTDOWN           2023-09-15 16:28:49            2023-09-15 16:35:40          00:06:51        pass   
    67     RDT_GRACEFUL_SHUTDOWN YM3_SEL_CHECK                       2023-09-15 16:35:40            2023-09-15 16:35:41          00:00:01        pass   
    68     RDT_GRACEFUL_SHUTDOWN YM3_DMESG_CHECK                     2023-09-15 16:35:41            2023-09-15 16:35:41          00:00:01        pass   
    69     RDT_GRACEFUL_SHUTDOWN YM3_MESSAGES_CHECK                  2023-09-15 16:35:41            2023-09-15 16:35:42          00:00:01        pass   
    70     RDT_GRACEFUL_SHUTDOWN NETLAKE_SDR_CHECK                   2023-09-15 16:35:42            2023-09-15 16:35:43          00:00:01        pass   
    71     RDT_GRACEFUL_SHUTDOWN YM3_MCE_CHECK                       2023-09-15 16:35:43            2023-09-15 16:35:44          00:00:01        pass   
    72     RDT_GRACEFUL_SHUTDOWN NETLAKE_GRACEFUL_SHUTDOWN           2023-09-15 16:35:44            2023-09-15 16:42:35          00:06:51        pass   
    73     RDT_GRACEFUL_SHUTDOWN YM3_SEL_CHECK                       2023-09-15 16:42:35            2023-09-15 16:42:35          00:00:01        pass   
    74     RDT_GRACEFUL_SHUTDOWN YM3_DMESG_CHECK                     2023-09-15 16:42:35            2023-09-15 16:42:36          00:00:01        pass   
    75     RDT_GRACEFUL_SHUTDOWN YM3_MESSAGES_CHECK                  2023-09-15 16:42:36            2023-09-15 16:42:36          00:00:01        pass   
    76     RDT_GRACEFUL_SHUTDOWN NETLAKE_SDR_CHECK                   2023-09-15 16:42:36            2023-09-15 16:42:38          00:00:02        pass   
    77     RDT_GRACEFUL_SHUTDOWN YM3_MCE_CHECK                       2023-09-15 16:42:38            2023-09-15 16:42:38          00:00:01        pass   
    78     RDT_GRACEFUL_SHUTDOWN NETLAKE_GRACEFUL_SHUTDOWN           2023-09-15 16:42:38            2023-09-15 16:49:30          00:06:52        pass   
    79     RDT_GRACEFUL_SHUTDOWN YM3_SEL_CHECK                       2023-09-15 16:49:30            2023-09-15 16:49:30          00:00:01        pass   
    80     RDT_GRACEFUL_SHUTDOWN YM3_DMESG_CHECK                     2023-09-15 16:49:30            2023-09-15 16:49:31          00:00:01        pass   
    81     RDT_GRACEFUL_SHUTDOWN YM3_MESSAGES_CHECK                  2023-09-15 16:49:31            2023-09-15 16:49:31          00:00:01        pass   
    82     RDT_GRACEFUL_SHUTDOWN NETLAKE_SDR_CHECK                   2023-09-15 16:49:31            2023-09-15 16:49:33          00:00:02        pass   
    83     RDT_GRACEFUL_SHUTDOWN YM3_MCE_CHECK                       2023-09-15 16:49:33            2023-09-15 16:49:33          00:00:01        pass   
    84     RDT_AC_CYCLE         YM_SEL_CLEAR                        2023-09-15 16:49:33            2023-09-15 16:49:34          00:00:01        pass   
    85     RDT_AC_CYCLE         YM3_SLED_AC                         2023-09-15 16:49:34            2023-09-15 16:58:25          00:08:51        pass   
    86     RDT_AC_CYCLE         YM3_SEL_CHECK                       2023-09-15 16:58:25            2023-09-15 16:58:25          00:00:01        pass   
    87     RDT_AC_CYCLE         YM3_DMESG_CHECK                     2023-09-15 16:58:25            2023-09-15 16:58:26          00:00:01        pass   
    88     RDT_AC_CYCLE         YM3_MESSAGES_CHECK                  2023-09-15 16:58:26            2023-09-15 16:58:26          00:00:01        pass   
    89     RDT_AC_CYCLE         NETLAKE_SDR_CHECK                   2023-09-15 16:58:26            2023-09-15 16:58:28          00:00:02        pass   
    90     RDT_AC_CYCLE         YM3_MCE_CHECK                       2023-09-15 16:58:28            2023-09-15 16:58:28          00:00:01        pass   
    91     RDT_AC_CYCLE         YM3_SLED_AC                         2023-09-15 16:58:28            2023-09-15 17:07:14          00:08:46        pass   
    92     RDT_AC_CYCLE         YM3_SEL_CHECK                       2023-09-15 17:07:14            2023-09-15 17:07:15          00:00:01        pass   
    93     RDT_AC_CYCLE         YM3_DMESG_CHECK                     2023-09-15 17:07:15            2023-09-15 17:07:15          00:00:01        pass   
    94     RDT_AC_CYCLE         YM3_MESSAGES_CHECK                  2023-09-15 17:07:15            2023-09-15 17:07:15          00:00:01        pass   
    95     RDT_AC_CYCLE         NETLAKE_SDR_CHECK                   2023-09-15 17:07:15            2023-09-15 17:07:17          00:00:02        pass   
    96     RDT_AC_CYCLE         YM3_MCE_CHECK                       2023-09-15 17:07:17            2023-09-15 17:07:18          00:00:01        pass   
    97     RDT_AC_CYCLE         YM3_SLED_AC                         2023-09-15 17:07:18            2023-09-15 17:16:04          00:08:46        pass   
    98     RDT_AC_CYCLE         YM3_SEL_CHECK                       2023-09-15 17:16:04            2023-09-15 17:16:04          00:00:01        pass   
    99     RDT_AC_CYCLE         YM3_DMESG_CHECK                     2023-09-15 17:16:04            2023-09-15 17:16:05          00:00:01        pass   
   100     RDT_AC_CYCLE         YM3_MESSAGES_CHECK                  2023-09-15 17:16:05            2023-09-15 17:16:05          00:00:01        pass   
   101     RDT_AC_CYCLE         NETLAKE_SDR_CHECK                   2023-09-15 17:16:05            2023-09-15 17:16:07          00:00:02        pass   
   102     RDT_AC_CYCLE         YM3_MCE_CHECK                       2023-09-15 17:16:07            2023-09-15 17:16:07          00:00:01        pass   
   103     RDT_LOG_CHECK        YM3_MCE_CHECK                       2023-09-15 17:16:07            2023-09-15 17:16:08          00:00:01        pass   
   104     RDT_LOG_CHECK        YM3_DMESG_CHECK                     2023-09-15 17:16:08            2023-09-15 17:16:08          00:00:01        pass   
   105     RDT_LOG_CHECK        YM3_MESSAGES_CHECK                  2023-09-15 17:16:08            2023-09-15 17:16:08          00:00:01        pass   
   106     RDT_LOG_CHECK        YM3_SEL_CHECK                       2023-09-15 17:16:08            2023-09-15 17:16:09          00:00:01        pass   
   107     RDT_LOG_CHECK        NETLAKE_SDR_CHECK                   2023-09-15 17:16:09            2023-09-15 17:16:10          00:00:01        pass   
   108     RDT_LOG_CHECK        YM_SEL_CLEAR                        2023-09-15 17:16:11            2023-09-15 17:16:11          00:00:01        pass   
   109     RDT_SHC_TEST         NETLAKE_INTEL_SHC_TEST              2023-09-15 17:16:11            2023-09-15 18:20:23          01:04:12        pass   
   110     RDT_SHC_TEST         YM3_SEL_CHECK                       2023-09-15 18:20:23            2023-09-15 18:20:23          00:00:01        pass   
   111     RDT_SHC_TEST         YM3_DMESG_CHECK                     2023-09-15 18:20:23            2023-09-15 18:20:24          00:00:01        pass   
   112     RDT_SHC_TEST         YM3_MESSAGES_CHECK                  2023-09-15 18:20:24            2023-09-15 18:20:24          00:00:01        pass   
   113     RDT_SHC_TEST         NETLAKE_SDR_CHECK                   2023-09-15 18:20:24            2023-09-15 18:20:26          00:00:02        pass   
   114     RDT_SHC_TEST         YM3_MCE_CHECK                       2023-09-15 18:20:26            2023-09-15 18:20:26          00:00:01        pass   
   115     RDT_SHC_TEST         YM_SEL_CLEAR                        2023-09-15 18:20:26            2023-09-15 18:20:27          00:00:01        pass   
   116     RDT_PTU              YM3_PTUGEN                          2023-09-15 18:20:27            2023-09-15 19:22:07          01:01:40        pass   
   117     RDT_PTU              YM3_SEL_CHECK                       2023-09-15 19:22:07            2023-09-15 19:22:08          00:00:01        pass   
   118     RDT_PTU              YM3_DMESG_CHECK                     2023-09-15 19:22:08            2023-09-15 19:22:08          00:00:01        pass   
   119     RDT_PTU              YM3_MESSAGES_CHECK                  2023-09-15 19:22:08            2023-09-15 19:22:09          00:00:01        pass   
   120     RDT_PTU              NETLAKE_SDR_CHECK                   2023-09-15 19:22:09            2023-09-15 19:22:10          00:00:01        pass   
   121     RDT_PTU              YM3_MCE_CHECK                       2023-09-15 19:22:10            2023-09-15 19:22:11          00:00:01        pass   
   122     RDT_PTU              YM_SEL_CLEAR                        2023-09-15 19:22:11            2023-09-15 19:22:12          00:00:01        pass   
   123     RDT_MEMSTRESS        YM3_STRESSAPPTEST                   2023-09-15 19:22:12            2023-09-15 20:52:50          01:30:38        pass   
   124     RDT_MEMSTRESS        YM3_SEL_CHECK                       2023-09-15 20:52:50            2023-09-15 20:52:51          00:00:01        pass   
   125     RDT_MEMSTRESS        YM3_DMESG_CHECK                     2023-09-15 20:52:51            2023-09-15 20:52:52          00:00:01        pass   
   126     RDT_MEMSTRESS        YM3_MESSAGES_CHECK                  2023-09-15 20:52:52            2023-09-15 20:52:52          00:00:01        pass   
   127     RDT_MEMSTRESS        NETLAKE_SDR_CHECK                   2023-09-15 20:52:52            2023-09-15 20:52:54          00:00:02        pass   
   128     RDT_MEMSTRESS        YM3_MCE_CHECK                       2023-09-15 20:52:54            2023-09-15 20:52:54          00:00:01        pass   
   129     RDT_MEMSTRESS        YM_SEL_CLEAR                        2023-09-15 20:52:54            2023-09-15 20:52:55          00:00:01        pass   
   130     RDT_MEMSTRESS        YM3_MPRIME                          2023-09-15 20:52:55            2023-09-15 22:33:00          01:40:05        pass   
   131     RDT_MEMSTRESS        YM3_SEL_CHECK                       2023-09-15 22:33:00            2023-09-15 22:33:00          00:00:01        pass   
   132     RDT_MEMSTRESS        YM3_DMESG_CHECK                     2023-09-15 22:33:00            2023-09-15 22:33:01          00:00:01        pass   
   133     RDT_MEMSTRESS        YM3_MESSAGES_CHECK                  2023-09-15 22:33:01            2023-09-15 22:33:02          00:00:01        pass   
   134     RDT_MEMSTRESS        NETLAKE_SDR_CHECK                   2023-09-15 22:33:02            2023-09-15 22:33:03          00:00:01        pass   
   135     RDT_MEMSTRESS        YM3_MCE_CHECK                       2023-09-15 22:33:03            2023-09-15 22:33:04          00:00:01        pass   
   136     RDT_MEMSTRESS        YM_SEL_CLEAR                        2023-09-15 22:33:04            2023-09-15 22:33:04          00:00:01        pass   
   137     RDT_FIO_TEST         YM3_FIO_START                       2023-09-15 22:33:05            2023-09-15 22:34:21          00:01:16        pass   
   138     RDT_FIO_TEST         YM3_MPRIME                          2023-09-15 22:34:21            2023-09-15 23:14:26          00:40:05        pass   
   139     RDT_FIO_TEST         YM3_FIO_END                         2023-09-15 23:14:26            2023-09-15 23:14:27          00:00:01        pass   
   140     RDT_FIO_TEST         YM3_SEL_CHECK                       2023-09-15 23:14:27            2023-09-15 23:14:27          00:00:01        pass   
   141     RDT_FIO_TEST         YM3_DMESG_CHECK                     2023-09-15 23:14:27            2023-09-15 23:14:28          00:00:01        pass   
   142     RDT_FIO_TEST         YM3_MESSAGES_CHECK                  2023-09-15 23:14:28            2023-09-15 23:14:28          00:00:01        pass   
   143     RDT_FIO_TEST         NETLAKE_SDR_CHECK                   2023-09-15 23:14:29            2023-09-15 23:14:30          00:00:01        pass   
   144     RDT_FIO_TEST         YM3_MCE_CHECK                       2023-09-15 23:14:30            2023-09-15 23:14:31          00:00:01        pass   
   145     RDT_FIO_TEST         YM_SEL_CLEAR                        2023-09-15 23:14:31            2023-09-15 23:14:31          00:00:01        pass   
   146     RDT_IPERF            YM3_IPERF                           2023-09-15 23:15:02            2023-09-15 23:52:11          00:37:09        pass   
   147     RDT_IPERF            YM3_SEL_CHECK                       2023-09-15 23:52:29            2023-09-15 23:52:36          00:00:07        pass   
   148     RDT_IPERF            YM3_DMESG_CHECK                     2023-09-15 23:52:36            2023-09-15 23:52:36          00:00:01        pass   
   149     RDT_IPERF            YM3_MESSAGES_CHECK                  2023-09-15 23:52:36            2023-09-15 23:52:37          00:00:01        pass   
   150     RDT_IPERF            NETLAKE_SDR_CHECK                   2023-09-15 23:52:37            2023-09-15 23:52:39          00:00:02        pass   
   151     RDT_IPERF            YM3_MCE_CHECK                       2023-09-15 23:52:39            2023-09-15 23:52:39          00:00:01        pass   
   152     RDT_IPERF            YM_SEL_CLEAR                        2023-09-15 23:52:39            2023-09-15 23:52:40          00:00:01        pass   
   153     RDT_FW_CHECK         NETLAKE_ME_VER_CHECK                2023-09-15 23:52:40            2023-09-15 23:52:40          00:00:01        pass   
   154     RDT_FW_CHECK         NETLAKE_CPLD_CHECK                  2023-09-15 23:52:40            2023-09-15 23:52:41          00:00:01        pass   
   155     RDT_FW_CHECK         NETLAKE_VR_CHECK                    2023-09-15 23:52:41            2023-09-15 23:52:41          00:00:01        pass   
   156     RDT_FW_CHECK         BIOS_CHECK                          2023-09-15 23:52:41            2023-09-15 23:52:41          00:00:01        pass   
   157     RDT_FW_CHECK         YM3_BMC_VER_CHECK                   2023-09-15 23:52:41            2023-09-15 23:52:42          00:00:01        pass   
   158     RDT_FW_CHECK         YM3_TPM_PCR_CHECK                   2023-09-15 23:52:42            2023-09-15 23:52:43          00:00:01        pass   
   159     RDT_FW_CHECK         YM3_BMC_TPM_VER_CHECK               2023-09-15 23:52:43            2023-09-15 23:52:43          00:00:01        pass   
   160     RDT_FW_CHECK         NETLAKE_ETHTOOL_CHECK               2023-09-15 23:52:43            2023-09-15 23:52:44          00:00:01        pass   
   161     RDT_FW_CHECK         YM3_NVME_SSD_CONFIG_CHECK           2023-09-15 23:52:44            2023-09-15 23:52:45          00:00:01        pass   
   162     RDT_FW_CHECK         YM3_NIC_FW_CHECK                    2023-09-15 23:52:45            2023-09-15 23:52:46          00:00:01        pass   
   163     RDT_FW_CHECK         YM35_FRU_CHECK_L10                  2023-09-15 23:52:46            2023-09-15 23:52:47          00:00:01        pass   
   164     RDT_CONFIG_CHECK     NETLAKE_ETHTOOL_CHECK               2023-09-15 23:52:47            2023-09-15 23:52:47          00:00:01        pass   
   165     RDT_CONFIG_CHECK     YM3_MAC_ETH_CHECK                   2023-09-15 23:52:47            2023-09-15 23:52:49          00:00:02        pass   
   166     RDT_CONFIG_CHECK     CWC_PCIE_DEVICES_CHECK              2023-09-15 23:52:49            2023-09-15 23:52:50          00:00:01        pass   
   167     RDT_CONFIG_CHECK     MEMORY_CONFIG_CHECK                 2023-09-15 23:52:50            2023-09-15 23:52:50          00:00:01        pass   
   168     RDT_CONFIG_CHECK     NETLAKE_I2C_BUS_SCAN                2023-09-15 23:52:50            2023-09-15 23:52:54          00:00:04        pass   
   169     RDT_CONFIG_CHECK     NETLAKE_HPET_CHECK                  2023-09-15 23:52:54            2023-09-15 23:52:54          00:00:01        pass   
   170     RDT_CONFIG_CHECK     NETLAKE_PIC_CHECK                   2023-09-15 23:52:54            2023-09-15 23:52:54          00:00:01        pass   
   171     RDT_CONFIG_CHECK     NETLAKE_DMI_TEST                    2023-09-15 23:52:54            2023-09-15 23:52:55          00:00:01        pass   
   172     RDT_CONFIG_CHECK     CPU_CONFIG_CHECK                    2023-09-15 23:52:55            2023-09-15 23:52:55          00:00:01        pass   
   173     RDT_CONFIG_CHECK     NETLAKE_SOL_CHECK                   2023-09-15 23:52:55            2023-09-16 00:00:48          00:07:53        pass   
   174     RDT_CONFIG_CHECK     YM3_NVME_SSD_CONFIG_CHECK           2023-09-16 00:00:48            2023-09-16 00:00:49          00:00:01        pass   
   175     RDT_LOG_CLEAR        NETLAKE_BIOS_DEFAULT_BMC            2023-09-16 00:00:49            2023-09-16 00:08:54          00:08:05        pass   
   176     RDT_LOG_CLEAR        YM3_BIOS_SETTING_CHECK              2023-09-16 00:08:54            2023-09-16 00:09:06          00:00:12        pass   
   177     RDT_LOG_CLEAR        BIOS_CHECK                          2023-09-16 00:09:06            2023-09-16 00:09:07          00:00:01        pass   
   178     RDT_LOG_CLEAR        YM_SEL_CLEAR                        2023-09-16 00:09:07            2023-09-16 00:09:07          00:00:01        pass   
   179     RDT_LOG_CLEAR        YM3_SEL_CHECK                       2023-09-16 00:09:07            2023-09-16 00:09:08          00:00:01        pass   
   180     RDT_SFCS_PASS        SFCS_STAGE_END                      2023-09-16 00:09:08            2023-09-16 00:09:10          00:00:02        pass   
   181     RDT_SFCS_PASS        SFCS_PASS                           2023-09-16 00:09:15            2023-09-16 00:09:15          00:00:01        pass   
   182     FDT_START            SFCS_STAGE_START                    2023-09-16 00:09:30            2023-09-16 00:09:37          00:00:07        pass   
   183     FDT_PRE_LOG_CHECK    YM_SEL_CLEAR                        2023-09-16 00:09:37            2023-09-16 00:09:37          00:00:01        pass   
   184     FDT_PRE_LOG_CHECK    YM3_MCE_CHECK                       2023-09-16 00:09:37            2023-09-16 00:09:38          00:00:01        pass   
   185     FDT_PRE_LOG_CHECK    YM3_DMESG_CHECK                     2023-09-16 00:09:38            2023-09-16 00:09:38          00:00:01        pass   
   186     FDT_PRE_LOG_CHECK    YM3_MESSAGES_CHECK                  2023-09-16 00:09:38            2023-09-16 00:09:39          00:00:01        pass   
   187     FDT_PRE_LOG_CHECK    YM3_SEL_CHECK                       2023-09-16 00:09:39            2023-09-16 00:09:39          00:00:01        pass   
   188     FDT_PRE_LOG_CHECK    NETLAKE_SDR_CHECK                   2023-09-16 00:09:39            2023-09-16 00:09:41          00:00:02        pass   
   189     FDT_FW_CHECK         NETLAKE_ME_VER_CHECK                2023-09-16 00:09:41            2023-09-16 00:09:41          00:00:01        pass   
   190     FDT_FW_CHECK         NETLAKE_CPLD_CHECK                  2023-09-16 00:09:41            2023-09-16 00:09:42          00:00:01        pass   
   191     FDT_FW_CHECK         NETLAKE_VR_CHECK                    2023-09-16 00:09:42            2023-09-16 00:09:42          00:00:01        pass   
   192     FDT_FW_CHECK         BIOS_CHECK                          2023-09-16 00:09:42            2023-09-16 00:09:43          00:00:01        pass   
   193     FDT_FW_CHECK         YM3_BMC_VER_CHECK                   2023-09-16 00:09:43            2023-09-16 00:09:43          00:00:01        pass   
   194     FDT_FW_CHECK         YM3_TPM_PCR_CHECK                   2023-09-16 00:09:43            2023-09-16 00:09:44          00:00:01        pass   
   195     FDT_FW_CHECK         YM3_BMC_TPM_VER_CHECK               2023-09-16 00:09:44            2023-09-16 00:09:44          00:00:01        pass   
   196     FDT_FW_CHECK         NETLAKE_ETHTOOL_CHECK               2023-09-16 00:09:44            2023-09-16 00:09:45          00:00:01        pass   
   197     FDT_FW_CHECK         YM3_NVME_SSD_CONFIG_CHECK           2023-09-16 00:09:45            2023-09-16 00:09:46          00:00:01        pass   
   198     FDT_FW_CHECK         YM3_NIC_FW_CHECK                    2023-09-16 00:09:46            2023-09-16 00:09:47          00:00:01        pass   
   199     FDT_GUID_CHECK       NETLAKE_GUID_CHECK                  2023-09-16 00:09:47            2023-09-16 00:09:48          00:00:01        pass   
   200     FDT_CONFIG_CHECK     CMOS_TEST                           2023-09-16 00:09:48            2023-09-16 00:09:48          00:00:01        pass   
   201     FDT_CONFIG_CHECK     YM3_CPU_AES_SMX_SSE4                2023-09-16 00:09:48            2023-09-16 00:09:49          00:00:01        pass   
   202     FDT_CONFIG_CHECK     NETLAKE_ETHTOOL_CHECK               2023-09-16 00:09:49            2023-09-16 00:09:50          00:00:01        pass   
   203     FDT_CONFIG_CHECK     CWC_PCIE_DEVICES_CHECK              2023-09-16 00:09:50            2023-09-16 00:09:50          00:00:01        pass   
   204     FDT_CONFIG_CHECK     YM3_MAC_ETH_CHECK                   2023-09-16 00:09:50            2023-09-16 00:09:52          00:00:02        pass   
   205     FDT_CONFIG_CHECK     MEMORY_CONFIG_CHECK                 2023-09-16 00:09:52            2023-09-16 00:09:53          00:00:01        pass   
   206     FDT_CONFIG_CHECK     YM3_TPM_PCR_CHECK                   2023-09-16 00:09:53            2023-09-16 00:09:54          00:00:01        pass   
   207     FDT_CONFIG_CHECK     NETLAKE_I2C_BUS_SCAN                2023-09-16 00:09:54            2023-09-16 00:09:57          00:00:03        pass   
   208     FDT_CONFIG_CHECK     NETLAKE_HPET_CHECK                  2023-09-16 00:09:57            2023-09-16 00:09:58          00:00:01        pass   
   209     FDT_CONFIG_CHECK     NETLAKE_PIC_CHECK                   2023-09-16 00:09:58            2023-09-16 00:09:58          00:00:01        pass   
   210     FDT_CONFIG_CHECK     NETLAKE_DMI_TEST                    2023-09-16 00:09:58            2023-09-16 00:09:59          00:00:01        pass   
   211     FDT_CONFIG_CHECK     CPU_CONFIG_CHECK                    2023-09-16 00:09:59            2023-09-16 00:09:59          00:00:01        pass   
   212     FDT_CONFIG_CHECK     NETLAKE_SOL_CHECK                   2023-09-16 00:09:59            2023-09-16 00:19:36          00:09:37        pass   
   213     FDT_CONFIG_CHECK     YM3_NVME_SSD_CONFIG_CHECK           2023-09-16 00:19:36            2023-09-16 00:19:37          00:00:01        pass   
   214     FDT_FAN_CHECK        NETLAKE_FAN_CHECK                   2023-09-16 00:19:47            2023-09-16 00:21:14          00:01:27        pass   
   215     FDT_AC_CYCLE         YM_SEL_CLEAR                        2023-09-16 00:21:31            2023-09-16 00:21:42          00:00:11        pass   
   216     FDT_AC_CYCLE         YM3_SLED_AC                         2023-09-16 00:21:42            2023-09-16 00:30:34          00:08:52        pass   
   217     FDT_AC_CYCLE         YM3_SEL_CHECK                       2023-09-16 00:30:34            2023-09-16 00:30:35          00:00:01        pass   
   218     FDT_AC_CYCLE         YM3_DMESG_CHECK                     2023-09-16 00:30:35            2023-09-16 00:30:35          00:00:01        pass   
   219     FDT_AC_CYCLE         YM3_MESSAGES_CHECK                  2023-09-16 00:30:35            2023-09-16 00:30:36          00:00:01        pass   
   220     FDT_AC_CYCLE         NETLAKE_SDR_CHECK                   2023-09-16 00:30:36            2023-09-16 00:30:37          00:00:01        pass   
   221     FDT_AC_CYCLE         YM3_MCE_CHECK                       2023-09-16 00:30:37            2023-09-16 00:30:38          00:00:01        pass   
   222     FDT_AC_CYCLE         YM3_SLED_AC                         2023-09-16 00:30:38            2023-09-16 00:39:25          00:08:47        pass   
   223     FDT_AC_CYCLE         YM3_SEL_CHECK                       2023-09-16 00:39:25            2023-09-16 00:39:26          00:00:01        pass   
   224     FDT_AC_CYCLE         YM3_DMESG_CHECK                     2023-09-16 00:39:26            2023-09-16 00:39:26          00:00:01        pass   
   225     FDT_AC_CYCLE         YM3_MESSAGES_CHECK                  2023-09-16 00:39:26            2023-09-16 00:39:26          00:00:01        pass   
   226     FDT_AC_CYCLE         NETLAKE_SDR_CHECK                   2023-09-16 00:39:27            2023-09-16 00:39:28          00:00:01        pass   
   227     FDT_AC_CYCLE         YM3_MCE_CHECK                       2023-09-16 00:39:28            2023-09-16 00:39:29          00:00:01        pass   
   228     FDT_AC_CYCLE         YM3_SLED_AC                         2023-09-16 00:39:29            2023-09-16 00:48:16          00:08:47        pass   
   229     FDT_AC_CYCLE         YM3_SEL_CHECK                       2023-09-16 00:48:16            2023-09-16 00:48:17          00:00:01        pass   
   230     FDT_AC_CYCLE         YM3_DMESG_CHECK                     2023-09-16 00:48:17            2023-09-16 00:48:17          00:00:01        pass   
   231     FDT_AC_CYCLE         YM3_MESSAGES_CHECK                  2023-09-16 00:48:17            2023-09-16 00:48:18          00:00:01        pass   
   232     FDT_AC_CYCLE         NETLAKE_SDR_CHECK                   2023-09-16 00:48:18            2023-09-16 00:48:19          00:00:01        pass   
   233     FDT_AC_CYCLE         YM3_MCE_CHECK                       2023-09-16 00:48:19            2023-09-16 00:48:20          00:00:01        pass   
   234     FDT_LOG_CHECK        YM3_MCE_CHECK                       2023-09-16 00:48:20            2023-09-16 00:48:20          00:00:01        pass   
   235     FDT_LOG_CHECK        YM3_DMESG_CHECK                     2023-09-16 00:48:20            2023-09-16 00:48:21          00:00:01        pass   
   236     FDT_LOG_CHECK        YM3_MESSAGES_CHECK                  2023-09-16 00:48:21            2023-09-16 00:48:21          00:00:01        pass   
   237     FDT_LOG_CHECK        YM3_SEL_CHECK                       2023-09-16 00:48:21            2023-09-16 00:48:21          00:00:01        pass   
   238     FDT_LOG_CHECK        NETLAKE_SDR_CHECK                   2023-09-16 00:48:21            2023-09-16 00:48:23          00:00:02        pass   
   239     FDT_LOG_CHECK        YM_SEL_CLEAR                        2023-09-16 00:48:23            2023-09-16 00:48:24          00:00:01        pass   
   240     FDT_STRESS           YM3_FIO_START                       2023-09-16 00:48:24            2023-09-16 00:49:44          00:01:20        pass   
   241     FDT_STRESS           YM3_MPRIME                          2023-09-16 00:49:44            2023-09-16 01:04:49          00:15:05        pass   
   242     FDT_STRESS           YM3_FIO_END                         2023-09-16 01:04:49            2023-09-16 01:04:50          00:00:01        pass   
   243     FDT_STRESS           YM3_PTUGEN                          2023-09-16 01:04:50            2023-09-16 01:13:30          00:08:40        pass   
   244     FDT_STRESS           YM3_IPERF                           2023-09-16 01:13:59            2023-09-16 01:25:34          00:11:35        pass   
   245     FDT_STRESS           YM3_STRESSAPPTEST                   2023-09-16 01:25:35            2023-09-16 01:31:18          00:05:43        pass   
   246     FDT_LOG_CLEAR        NETLAKE_BIOS_DEFAULT_BMC            2023-09-16 01:31:18            2023-09-16 01:39:24          00:08:06        pass   
   247     FDT_LOG_CLEAR        YM3_BIOS_SETTING_CHECK              2023-09-16 01:39:24            2023-09-16 01:39:36          00:00:12        pass   
   248     FDT_LOG_CLEAR        BIOS_CHECK                          2023-09-16 01:39:36            2023-09-16 01:39:36          00:00:01        pass   
   249     FDT_LOG_CLEAR        YM_SEL_CLEAR                        2023-09-16 01:39:36            2023-09-16 01:39:37          00:00:01        pass   
   250     FDT_LOG_CLEAR        YM3_SEL_CHECK                       2023-09-16 01:39:37            2023-09-16 01:39:37          00:00:01        pass   
   251     FDT_SFCS_PASS        SFCS_STAGE_END                      2023-09-16 01:39:37            2023-09-16 01:39:40          00:00:03        pass   
   252     FDT_SFCS_PASS        SFCS_PASS                           2023-09-16 01:40:05            2023-09-16 01:40:06          00:00:01        pass   




