    ID     Stage                Name                                     Start Time                      End Time               Duration       Result  
----------------------------------------------------------------------------------------------------------------------------------------------------------------------------
    1      PT_START             IDLE                                2023-09-24 02:40:38            2023-09-24 02:40:46          00:00:08        pass   
    2      PT_START             SFCS_CHECK_ROUTE                    2023-09-24 02:40:46            2023-09-24 02:40:46          00:00:01        pass   
    3      PT_FRU_REWORK        IDLE                                2023-09-24 02:40:46            2023-09-24 02:45:47          00:05:01        pass   
    4      PT_FRU_REWORK        TT2_JBOG_BB_FRU_REWORK              2023-09-24 02:45:47            2023-09-24 02:52:39          00:06:52        pass   
    5      PT_FRU_REWORK        TT2_JBOG_FRU_WRITE_PT               2023-09-24 02:52:39            2023-09-24 02:54:50          00:02:11        pass   
    6      PT_FRU_REWORK        TT2_JBOG_FRU_CHECK                  2023-09-24 02:54:51            2023-09-24 02:55:13          00:00:22        pass   
    7      PT_END               IDLE                                2023-09-24 02:55:13            2023-09-24 02:55:14          00:00:01        pass   
    8      PT_END               SFCS_PASS                           2023-09-24 02:55:14            2023-09-24 02:55:24          00:00:10        pass   
    1      TN_START             IDLE                                2023-09-24 02:58:39            2023-09-24 03:04:10          00:05:31        pass   
    2      TN_START             SFCS_CHECK_ROUTE                    2023-09-24 03:04:10            2023-09-24 03:04:11          00:00:01        pass   
    3      TN_START             SFCS_UPLOAD_TIME                    2023-09-24 03:04:11            2023-09-24 03:04:21          00:00:10        pass   
    4      TN_HN_FW             TT2_JBOG_HN_BIOS_CHECK              2023-09-24 03:04:21            2023-09-24 03:04:21          00:00:01        pass   
    5      TN_HN_FW             TT2_JBOG_HN_BMC_VER_CHECK           2023-09-24 03:04:21            2023-09-24 03:04:27          00:00:06        pass   
    6      TN_HN_FW             TT2_JBOG_HN_CPLD_VER_CHECK          2023-09-24 03:04:27            2023-09-24 03:05:10          00:00:43        pass   
    7      TN_HN_FW             IDLE                                2023-09-24 03:05:10            2023-09-24 03:05:11          00:00:01        pass   
    8      TN_HN_FW             IDLE                                2023-09-24 03:05:11            2023-09-24 03:05:12          00:00:01        pass   
    9      TN_HN_FW             IDLE                                2023-09-24 03:05:12            2023-09-24 03:05:13          00:00:01        pass   
    10     TN_HN_FW             IDLE                                2023-09-24 03:05:13            2023-09-24 03:05:15          00:00:02        pass   
    11     TN_HN_FW             IDLE                                2023-09-24 03:05:15            2023-09-24 03:05:16          00:00:01        pass   
    12     TN_DHCP              TT2_JBOG_DHCP_CLEAR                 2023-09-24 03:05:16            2023-09-24 03:05:18          00:00:02        pass   
    13     TN_DHCP              IDLE                                2023-09-24 03:05:18            2023-09-24 03:05:19          00:00:01        pass   
    14     TN_FW_1              TT2_JBOG_SMC_HEALTH_CHECK           2023-09-24 03:05:19            2023-09-24 03:05:22          00:00:03        pass   
    15     TN_FW_1              TT2_JBOG_SMC_VER_CHECK              2023-09-24 03:05:22            2023-09-24 03:33:03          00:27:41        pass   
    16     TN_FW_1              TT2_JBOG_CPLD_VER_UPDATE            2023-09-24 03:33:03            2023-09-24 03:44:18          00:11:15        pass   
    17     TN_FW_1              TT2_JBOG_PESW_VER_UPDATE            2023-09-24 03:44:18            2023-09-24 03:46:47          00:02:29        pass   
    18     TN_FW_1              TT2_JBOG_HN_POWER_AC                2023-09-24 03:46:47            2023-09-24 04:13:16          00:26:29        pass   
    19     TN_FW_1              TT2_JBOG_K2V5_VER_UPDATE            2023-09-24 04:13:16            2023-09-24 05:05:40          00:52:24        pass   
    20     TN_FW_1              IDLE                                2023-09-24 05:05:41            2023-09-24 05:05:42          00:00:01        pass   
    21     TN_FW_1              TT2_JBOG_HN_POWER_AC                2023-09-24 05:05:42            2023-09-24 05:32:10          00:26:28        pass   
    22     TN_FW_1              TT2_JBOG_CPLD_VER_CHECK             2023-09-24 05:32:10            2023-09-24 05:33:04          00:00:54        pass   
    23     TN_FW_1              TT2_JBOG_PESW_VER_CHECK             2023-09-24 05:33:05            2023-09-24 05:33:23          00:00:18        pass   
    24     TN_FW_1              IDLE                                2023-09-24 05:33:23            2023-09-24 05:33:24          00:00:01        pass   
    25     TN_FW_1              IDLE                                2023-09-24 05:33:24            2023-09-24 05:33:25          00:00:01        pass   
    26     TN_FW_1              TT2_JBOG_K2V5_VER_CHECK             2023-09-24 05:33:25            2023-09-24 05:33:43          00:00:18        pass   
    27     TN_FW_2              TT2_JBOG_CABLE_DETECT               2023-09-24 05:33:43            2023-09-24 05:34:51          00:01:08        pass   
    28     TN_FW_2              TT2_JBOG_RPM_PRESENCE               2023-09-24 05:34:51            2023-09-24 05:35:12          00:00:21        pass   
    29     TN_FW_2              TT2_JBOG_FRU_CHECK                  2023-09-24 05:35:12            2023-09-24 05:35:34          00:00:22        pass   
    30     TN_FW_2              TT2_JBOG_SMC_FRU_CHECK              2023-09-24 05:35:34            2023-09-24 05:35:45          00:00:11        pass   
    31     TN_FW_2              TT2_JBOG_K2V5_FRU_CHECK             2023-09-24 05:35:45            2023-09-24 05:35:57          00:00:12        pass   
    32     TN_HW                TT2_JBOG_SMC_MAC_CHECK              2023-09-24 05:35:57            2023-09-24 05:36:00          00:00:03        pass   
    33     TN_HW                TT2_JBOG_SMC_POS_CHECK              2023-09-24 05:36:00            2023-09-24 05:36:06          00:00:06        pass   
    34     TN_HW                TT2_JBOG_SDR_CHECK                  2023-09-24 05:36:06            2023-09-24 05:36:09          00:00:03        pass   
    35     TN_HW                TT2_JBOG_PCIE_BUS_CHECK             2023-09-24 05:36:09            2023-09-24 05:36:12          00:00:03        pass   
    36     TN_HW                TT2_JBOG_FAN_CONFIG_CHECK           2023-09-24 05:36:12            2023-09-24 05:36:16          00:00:04        pass   
    37     TN_HW                TT2_JBOG_MX2_CHECK                  2023-09-24 05:36:16            2023-09-24 05:36:38          00:00:22        pass   
    38     TN_HW                IDLE                                2023-09-24 05:36:38            2023-09-24 05:36:39          00:00:01        pass   
    39     TN_HW                TT2_JBOG_MX2_MAC_REWORK             2023-09-24 05:36:39            2023-09-24 05:45:13          00:08:34        pass   
    40     TN_HW                TT2_JBOG_K2V5_LIST_CHECK            2023-09-24 05:45:13            2023-09-24 05:45:15          00:00:02        pass   
    41     TN_HW                TT2_JBOG_CARD_LIST_CHECK            2023-09-24 05:45:15            2023-09-24 05:45:28          00:00:13        pass   
    42     TN_HW                TT2_JBOG_INTERNAL_LAN_CHECK         2023-09-24 05:45:28            2023-09-24 05:47:05          00:01:37        pass   
    43     TN_HW                TT2_JBOG_SOL_TEST                   2023-09-24 05:47:05            2023-09-24 05:54:18          00:07:13        pass   
    44     TN_LOG               IDLE                                2023-09-24 05:54:18            2023-09-24 05:54:20          00:00:02        pass   
    45     TN_LOG               TT2_JBOG_SEL_CHECK                  2023-09-24 05:54:20            2023-09-24 05:54:26          00:00:06        pass   
    46     TN_LOG               TT2_SEL_CLEAR                       2023-09-24 05:54:26            2023-09-24 05:54:37          00:00:11        pass   
    47     TN_END               SFCS_UPLOAD_TIME                    2023-09-24 05:54:37            2023-09-24 05:54:57          00:00:20        pass   
    48     TN_END               SFCS_PASS                           2023-09-24 05:54:57            2023-09-24 05:55:08          00:00:11        pass   
    49     TO_START             SFCS_UPLOAD_TIME                    2023-09-24 05:55:08            2023-09-24 05:55:18          00:00:10        pass   
    50     TO_END               SFCS_UPLOAD_TIME                    2023-09-24 05:55:18            2023-09-24 05:55:38          00:00:20        pass   
    51     TO_END               SFCS_PASS                           2023-09-24 05:55:38            2023-09-24 05:55:49          00:00:11        pass   
    52     TP_START             SFCS_CHECK_ROUTE                    2023-09-24 05:55:49            2023-09-24 05:55:49          00:00:01        pass   
    53     TP_START             SFCS_UPLOAD_TIME                    2023-09-24 05:55:49            2023-09-24 05:55:59          00:00:10        pass   
    54     TP_MLA               TT2_JBOG_CABLE_DETECT               2023-09-24 05:55:59            2023-09-24 05:57:08          00:01:09        pass   
    55     TP_MLA               TT2_JBOG_K2V5_LIST_CHECK            2023-09-24 05:57:08            2023-09-24 05:57:10          00:00:02        pass   
    56     TP_MLA               TT2_JBOG_MX2_CHECK                  2023-09-24 05:57:10            2023-09-24 05:57:34          00:00:24        pass   
    57     TP_MLA               TT2_JBOG_CARD_LIST_CHECK            2023-09-24 05:57:34            2023-09-24 05:57:46          00:00:12        pass   
    58     TP_MLA               IDLE                                2023-09-24 05:57:46            2023-09-24 05:57:47          00:00:01        pass   
    59     TP_MLA               TT2_JBOG_DHCP_CLEAR                 2023-09-24 05:57:47            2023-09-24 05:57:50          00:00:03        pass   
    60     TP_MLA               TT2_SWITCH_BOOTMENU                 2023-09-24 05:57:50            2023-09-24 06:23:21          00:25:31        pass   
    61     TP_MLA               TT2_RAMDISK_LOG_CHECK               2023-09-24 06:23:21            2023-09-24 08:01:10          01:37:49        pass   
    62     TP_MLA               TT2_SWITCH_BOOTMENU                 2023-09-24 08:01:10            2023-09-24 08:27:20          00:26:10        pass   
    63     TP_MLA               IDLE                                2023-09-24 08:27:21            2023-09-24 08:27:22          00:00:01        pass   
    64     TP_FINAL             TT2_JBOG_SMC_HEALTH_CHECK           2023-09-24 08:27:22            2023-09-24 08:27:25          00:00:03        pass   
    65     TP_FINAL             TT2_JBOG_SMC_VER_CHECK              2023-09-24 08:27:25            2023-09-24 08:27:32          00:00:07        pass   
    66     TP_FINAL             TT2_JBOG_CPLD_VER_CHECK             2023-09-24 08:27:32            2023-09-24 08:28:25          00:00:53        pass   
    67     TP_FINAL             TT2_JBOG_PESW_VER_CHECK             2023-09-24 08:28:25            2023-09-24 08:28:44          00:00:19        pass   
    68     TP_FINAL             IDLE                                2023-09-24 08:28:44            2023-09-24 08:28:45          00:00:01        pass   
    69     TP_FINAL             IDLE                                2023-09-24 08:28:45            2023-09-24 08:28:46          00:00:01        pass   
    70     TP_FINAL             TT2_JBOG_K2V5_VER_CHECK             2023-09-24 08:28:46            2023-09-24 08:29:06          00:00:20        pass   
    71     TP_FINAL             TT2_JBOG_CABLE_DETECT               2023-09-24 08:29:06            2023-09-24 08:30:16          00:01:10        pass   
    72     TP_FINAL             TT2_JBOG_RPM_PRESENCE               2023-09-24 08:30:16            2023-09-24 08:30:36          00:00:20        pass   
    73     TP_FINAL             TT2_JBOG_FRU_CHECK                  2023-09-24 08:30:36            2023-09-24 08:30:58          00:00:22        pass   
    74     TP_FINAL             TT2_JBOG_SMC_FRU_CHECK              2023-09-24 08:30:58            2023-09-24 08:31:09          00:00:11        pass   
    75     TP_FINAL             TT2_JBOG_K2V5_FRU_CHECK             2023-09-24 08:31:09            2023-09-24 08:31:20          00:00:11        pass   
    76     TP_FINAL             TT2_JBOG_SMC_MAC_CHECK              2023-09-24 08:31:21            2023-09-24 08:31:24          00:00:03        pass   
    77     TP_FINAL             TT2_JBOG_SMC_POS_CHECK              2023-09-24 08:31:24            2023-09-24 08:31:30          00:00:06        pass   
    78     TP_FINAL             TT2_JBOG_SDR_CHECK                  2023-09-24 08:31:30            2023-09-24 08:31:33          00:00:03        pass   
    79     TP_FINAL             TT2_JBOG_PCIE_BUS_CHECK             2023-09-24 08:31:33            2023-09-24 08:31:37          00:00:04        pass   
    80     TP_FINAL             TT2_JBOG_FAN_CONFIG_CHECK           2023-09-24 08:31:37            2023-09-24 08:31:40          00:00:03        pass   
    81     TP_FINAL             TT2_JBOG_MX2_CHECK                  2023-09-24 08:31:40            2023-09-24 08:32:02          00:00:22        pass   
    82     TP_FINAL             IDLE                                2023-09-24 08:32:02            2023-09-24 08:32:03          00:00:01        pass   
    83     TP_FINAL             TT2_JBOG_K2V5_LIST_CHECK            2023-09-24 08:32:03            2023-09-24 08:32:05          00:00:02        pass   
    84     TP_FINAL             TT2_JBOG_CARD_LIST_CHECK            2023-09-24 08:32:05            2023-09-24 08:32:17          00:00:12        pass   
    85     TP_FINAL             TT2_JBOG_INTERNAL_LAN_CHECK         2023-09-24 08:32:17            2023-09-24 08:33:56          00:01:39        pass   
    86     TP_FINAL             TT2_JBOG_SOL_TEST                   2023-09-24 08:33:56            2023-09-24 08:41:08          00:07:12        pass   
    87     TP_END               SFCS_UPLOAD_TIME                    2023-09-24 08:41:09            2023-09-24 08:41:29          00:00:20        pass   
    88     TP_END               SFCS_PASS                           2023-09-24 08:41:29            2023-09-24 08:41:39          00:00:10        pass   
    89     TP_END               TT2_JBOG_DHCP_CLEAR                 2023-09-24 08:41:39            2023-09-24 08:41:41          00:00:02        pass   
    90     TP_END               TT2_WATS_SEND                       2023-09-24 08:41:42            2023-09-24 08:41:42          00:00:01        pass   
    1      PT_START             IDLE                                2023-11-06 10:21:50            2023-11-06 10:38:57          00:17:07        pass   
    2      PT_START             SFCS_CHECK_ROUTE                    2023-11-06 10:38:57            2023-11-06 10:38:57          00:00:01        pass   
    3      PT_FRU_REWORK        IDLE                                2023-11-06 10:38:57            2023-11-06 10:43:57          00:05:00        pass   
    4      PT_FRU_REWORK        TT2_JBOG_BB_FRU_REWORK              2023-11-06 10:43:57            2023-11-06 10:43:59          00:00:02        pass   
    5      PT_FRU_REWORK        TT2_JBOG_FRU_WRITE_PT               2023-11-06 10:43:59            2023-11-06 10:44:33          00:00:34        pass   
    6      PT_FRU_REWORK        TT2_JBOG_FRU_CHECK                  2023-11-06 10:44:33            2023-11-06 10:44:40          00:00:07        pass   
    7      PT_END               IDLE                                2023-11-06 10:44:40            2023-11-06 10:44:41          00:00:01        pass   
    8      PT_END               SFCS_PASS                           2023-11-06 10:44:41            2023-11-06 10:44:51          00:00:10        pass   
    1      TN_START             IDLE                                2023-11-06 10:50:22            2023-11-06 11:03:47          00:13:25        pass   
    2      TN_START             SFCS_CHECK_ROUTE                    2023-11-06 11:03:47            2023-11-06 11:03:47          00:00:01        pass   
    3      TN_START             SFCS_UPLOAD_TIME                    2023-11-06 11:03:47            2023-11-06 11:03:58          00:00:11        pass   
    4      TN_HN_FW             TT2_JBOG_HN_BIOS_CHECK              2023-11-06 11:03:58            2023-11-06 11:03:58          00:00:01        pass   
    5      TN_HN_FW             TT2_JBOG_HN_BMC_VER_CHECK           2023-11-06 11:03:58            2023-11-06 11:03:59          00:00:01        pass   
    6      TN_HN_FW             TT2_JBOG_HN_CPLD_VER_CHECK          2023-11-06 11:03:59            2023-11-06 11:04:34          00:00:35        pass   
    7      TN_HN_FW             IDLE                                2023-11-06 11:04:34            2023-11-06 11:04:35          00:00:01        pass   
    8      TN_HN_FW             IDLE                                2023-11-06 11:04:35            2023-11-06 11:04:36          00:00:01        pass   
    9      TN_HN_FW             IDLE                                2023-11-06 11:04:36            2023-11-06 11:04:37          00:00:01        pass   
    10     TN_HN_FW             IDLE                                2023-11-06 11:04:37            2023-11-06 11:04:38          00:00:01        pass   
    11     TN_HN_FW             IDLE                                2023-11-06 11:04:38            2023-11-06 11:04:39          00:00:01        pass   
    12     TN_DHCP              TT2_JBOG_DHCP_CLEAR                 2023-11-06 11:04:39            2023-11-06 11:04:40          00:00:01        pass   
    13     TN_DHCP              IDLE                                2023-11-06 11:04:40            2023-11-06 11:04:41          00:00:01        pass   
    14     TN_FW_1              TT2_JBOG_SMC_HEALTH_CHECK           2023-11-06 11:04:41            2023-11-06 11:04:44          00:00:03        pass   
    15     TN_FW_1              TT2_JBOG_SMC_VER_CHECK              2023-11-06 11:04:44            2023-11-06 11:32:09          00:27:25        pass   
    16     TN_FW_1              TT2_JBOG_CPLD_VER_UPDATE            2023-11-06 11:32:09            2023-11-06 11:32:53          00:00:44        pass   
    17     TN_FW_1              TT2_JBOG_PESW_VER_UPDATE            2023-11-06 11:32:53            2023-11-06 11:33:04          00:00:11        pass   
    18     TN_FW_1              TT2_JBOG_HN_POWER_AC                2023-11-06 11:33:04            2023-11-06 11:58:41          00:25:37        pass   
    19     TN_FW_1              TT2_JBOG_K2V5_VER_UPDATE            2023-11-06 11:58:41            2023-11-06 11:58:47          00:00:06        pass   
    20     TN_FW_1              IDLE                                2023-11-06 11:58:47            2023-11-06 11:58:48          00:00:01        pass   
    21     TN_FW_1              TT2_JBOG_HN_POWER_AC                2023-11-06 11:58:49            2023-11-06 12:24:25          00:25:36        pass   
    22     TN_FW_1              TT2_JBOG_CPLD_VER_CHECK             2023-11-06 12:24:25            2023-11-06 12:25:08          00:00:43        pass   
    23     TN_FW_1              TT2_JBOG_PESW_VER_CHECK             2023-11-06 12:25:08            2023-11-06 12:25:20          00:00:12        pass   
    24     TN_FW_1              IDLE                                2023-11-06 12:25:20            2023-11-06 12:25:21          00:00:01        pass   
    25     TN_FW_1              IDLE                                2023-11-06 12:25:21            2023-11-06 12:25:22          00:00:01        pass   
    26     TN_FW_1              TT2_JBOG_K2V5_VER_CHECK             2023-11-06 12:25:22            2023-11-06 12:25:29          00:00:07        pass   
    27     TN_FW_2              TT2_JBOG_CABLE_DETECT               2023-11-06 12:25:29            2023-11-06 12:26:23          00:00:54        pass   
    28     TN_FW_2              TT2_JBOG_RPM_PRESENCE               2023-11-06 12:26:23            2023-11-06 12:26:39          00:00:16        pass   
    29     TN_FW_2              TT2_JBOG_FRU_CHECK                  2023-11-06 12:26:39            2023-11-06 12:26:45          00:00:06        pass   
    30     TN_FW_2              TT2_JBOG_SMC_FRU_CHECK              2023-11-06 12:26:45            2023-11-06 12:26:48          00:00:03        pass   
    31     TN_FW_2              TT2_JBOG_K2V5_FRU_CHECK             2023-11-06 12:26:48            2023-11-06 12:26:52          00:00:04        pass   
    32     TN_HW                TT2_JBOG_SMC_MAC_CHECK              2023-11-06 12:26:52            2023-11-06 12:26:53          00:00:01        pass   
    33     TN_HW                TT2_JBOG_SMC_POS_CHECK              2023-11-06 12:26:53            2023-11-06 12:26:54          00:00:01        pass   
    34     TN_HW                TT2_JBOG_SDR_CHECK                  2023-11-06 12:26:54            2023-11-06 12:26:55          00:00:01        pass   
    35     TN_HW                TT2_JBOG_PCIE_BUS_CHECK             2023-11-06 12:26:55            2023-11-06 12:26:59          00:00:04        pass   
    36     TN_HW                TT2_JBOG_FAN_CONFIG_CHECK           2023-11-06 12:26:59            2023-11-06 12:27:01          00:00:02        pass   
    37     TN_HW                TT2_JBOG_MX2_CHECK                  2023-11-06 12:27:01            2023-11-06 12:27:17          00:00:16        pass   
    38     TN_HW                IDLE                                2023-11-06 12:27:17            2023-11-06 12:27:18          00:00:01        pass   
    39     TN_HW                TT2_JBOG_MX2_MAC_REWORK             2023-11-06 12:27:18            2023-11-06 12:28:44          00:01:26        pass   
    40     TN_HW                TT2_JBOG_K2V5_LIST_CHECK            2023-11-06 12:28:44            2023-11-06 12:28:45          00:00:01        pass   
    41     TN_HW                TT2_JBOG_CARD_LIST_CHECK            2023-11-06 12:28:45            2023-11-06 12:28:49          00:00:04        pass   
    42     TN_HW                TT2_JBOG_INTERNAL_LAN_CHECK         2023-11-06 12:28:49            2023-11-06 12:30:09          00:01:20        pass   
    43     TN_HW                TT2_JBOG_SOL_TEST                   2023-11-06 12:30:09            2023-11-06 12:37:19          00:07:10        pass   
    44     TN_LOG               IDLE                                2023-11-06 12:37:19            2023-11-06 12:37:20          00:00:01        pass   
    45     TN_LOG               TT2_JBOG_SEL_CHECK                  2023-11-06 12:37:20            2023-11-06 12:37:22          00:00:02        pass   
    46     TN_LOG               TT2_SEL_CLEAR                       2023-11-06 12:37:22            2023-11-06 12:37:24          00:00:02        pass   
    47     TN_END               SFCS_UPLOAD_TIME                    2023-11-06 12:37:24            2023-11-06 12:37:45          00:00:21        pass   
    48     TN_END               SFCS_PASS                           2023-11-06 12:37:45            2023-11-06 12:37:55          00:00:10        pass   
    49     TO_START             SFCS_UPLOAD_TIME                    2023-11-06 12:37:55            2023-11-06 12:38:05          00:00:10        pass   
    50     TO_MLA               TT2_JBOG_CABLE_DETECT               2023-11-06 12:38:05            2023-11-06 12:39:02          00:00:57        pass   
    51     TO_MLA               TT2_JBOG_K2V5_LIST_CHECK            2023-11-06 12:39:02            2023-11-06 12:39:02          00:00:01        pass   
    52     TO_MLA               TT2_JBOG_MX2_CHECK                  2023-11-06 12:39:02            2023-11-06 12:39:18          00:00:16        pass   
    53     TO_MLA               TT2_JBOG_CARD_LIST_CHECK            2023-11-06 12:39:18            2023-11-06 12:39:23          00:00:05        pass   
    54     TO_MLA               IDLE                                2023-11-06 12:39:23            2023-11-06 12:39:24          00:00:01        pass   
    55     TO_MLA               TT2_JBOG_DHCP_CLEAR                 2023-11-06 12:39:24            2023-11-06 12:39:25          00:00:01        pass   
    56     TO_MLA               TT2_SWITCH_BOOTMENU                 2023-11-06 12:39:25            2023-11-06 13:04:42          00:25:17        pass   
    57     TO_MLA               TT2_RAMDISK_LOG_CHECK               2023-11-06 13:04:42            2023-11-06 14:52:13          01:47:31        pass   
    58     TO_MLA               TT2_SWITCH_BOOTMENU                 2023-11-06 14:52:13            2023-11-06 15:17:42          00:25:29        pass   
    59     TO_MLA               IDLE                                2023-11-06 15:17:42            2023-11-06 15:17:43          00:00:01        pass   
    60     TO_END               SFCS_UPLOAD_TIME                    2023-11-06 15:17:43            2023-11-06 15:18:03          00:00:20        pass   
    61     TO_END               SFCS_PASS                           2023-11-06 15:18:03            2023-11-06 15:18:13          00:00:10        pass   
    62     TP_START             SFCS_CHECK_ROUTE                    2023-11-06 15:18:13            2023-11-06 15:18:14          00:00:01        pass   
    63     TP_START             SFCS_UPLOAD_TIME                    2023-11-06 15:18:14            2023-11-06 15:18:24          00:00:10        pass   
    64     TP_FINAL             TT2_JBOG_SMC_HEALTH_CHECK           2023-11-06 15:18:24            2023-11-06 15:18:27          00:00:03        pass   
    65     TP_FINAL             TT2_JBOG_SMC_VER_CHECK              2023-11-06 15:18:27            2023-11-06 15:18:28          00:00:01        pass   
    66     TP_FINAL             TT2_JBOG_CPLD_VER_CHECK             2023-11-06 15:18:28            2023-11-06 15:19:12          00:00:44        pass   
    67     TP_FINAL             TT2_JBOG_PESW_VER_CHECK             2023-11-06 15:19:12            2023-11-06 15:19:24          00:00:12        pass   
    68     TP_FINAL             IDLE                                2023-11-06 15:19:24            2023-11-06 15:19:25          00:00:01        pass   
    69     TP_FINAL             IDLE                                2023-11-06 15:19:25            2023-11-06 15:19:26          00:00:01        pass   
    70     TP_FINAL             TT2_JBOG_K2V5_VER_CHECK             2023-11-06 15:19:26            2023-11-06 15:19:33          00:00:07        pass   
    71     TP_FINAL             TT2_JBOG_CABLE_DETECT               2023-11-06 15:19:33            2023-11-06 15:20:27          00:00:54        pass   
    72     TP_FINAL             TT2_JBOG_RPM_PRESENCE               2023-11-06 15:20:27            2023-11-06 15:20:42          00:00:15        pass   
    73     TP_FINAL             TT2_JBOG_FRU_CHECK                  2023-11-06 15:20:43            2023-11-06 15:20:49          00:00:06        pass   
    74     TP_FINAL             TT2_JBOG_SMC_FRU_CHECK              2023-11-06 15:20:49            2023-11-06 15:20:52          00:00:03        pass   
    75     TP_FINAL             TT2_JBOG_K2V5_FRU_CHECK             2023-11-06 15:20:52            2023-11-06 15:20:56          00:00:04        pass   
    76     TP_FINAL             TT2_JBOG_SMC_MAC_CHECK              2023-11-06 15:20:56            2023-11-06 15:20:57          00:00:01        pass   
    77     TP_FINAL             TT2_JBOG_SMC_POS_CHECK              2023-11-06 15:20:57            2023-11-06 15:20:58          00:00:01        pass   
    78     TP_FINAL             TT2_JBOG_SDR_CHECK                  2023-11-06 15:20:58            2023-11-06 15:20:59          00:00:01        pass   
    79     TP_FINAL             TT2_JBOG_PCIE_BUS_CHECK             2023-11-06 15:20:59            2023-11-06 15:21:03          00:00:04        pass   
    80     TP_FINAL             TT2_JBOG_FAN_CONFIG_CHECK           2023-11-06 15:21:03            2023-11-06 15:21:05          00:00:02        pass   
    81     TP_FINAL             TT2_JBOG_MX2_CHECK                  2023-11-06 15:21:05            2023-11-06 15:21:21          00:00:16        pass   
    82     TP_FINAL             IDLE                                2023-11-06 15:21:21            2023-11-06 15:21:22          00:00:01        pass   
    83     TP_FINAL             TT2_JBOG_K2V5_LIST_CHECK            2023-11-06 15:21:22            2023-11-06 15:21:22          00:00:01        pass   
    84     TP_FINAL             TT2_JBOG_CARD_LIST_CHECK            2023-11-06 15:21:22            2023-11-06 15:21:27          00:00:05        pass   
    85     TP_FINAL             TT2_JBOG_INTERNAL_LAN_CHECK         2023-11-06 15:21:27            2023-11-06 15:22:48          00:01:21        pass   
    86     TP_FINAL             TT2_JBOG_SOL_TEST                   2023-11-06 15:22:48            2023-11-06 15:29:55          00:07:07        pass   
    87     TP_END               SFCS_UPLOAD_TIME                    2023-11-06 15:29:56            2023-11-06 15:30:16          00:00:20        pass   
    88     TP_END               SFCS_PASS                           2023-11-06 15:30:16            2023-11-06 15:30:26          00:00:10        pass   
    89     TP_END               TT2_JBOG_DHCP_CLEAR                 2023-11-06 15:30:27            2023-11-06 15:30:27          00:00:01        pass   
    90     TP_END               TT2_WATS_SEND                       2023-11-06 15:30:27            2023-11-06 15:30:27          00:00:01        pass   




