    ID     Stage                Name                                     Start Time                      End Time               Duration       Result  
----------------------------------------------------------------------------------------------------------------------------------------------------------------------------
    1      TN_START             IDLE                                2023-08-11 17:56:43            2023-08-11 18:21:51          00:25:08        fail   
    1      TN_START             IDLE                                2023-08-11 18:57:20            2023-08-11 19:22:27          00:25:07        fail   
    1      PT_START             IDLE                                2023-08-12 02:02:33            2023-08-12 02:27:40          00:25:07        fail   
    1      PT_START             IDLE                                2023-08-12 10:32:28            2023-08-12 10:32:38          00:00:10        pass   
    2      PT_START             SFCS_CHECK_ROUTE                    2023-08-12 10:32:38            2023-08-12 10:32:38          00:00:01        pass   
    3      PT_CPLD_UPDATE       IDLE                                2023-08-12 10:32:38            2023-08-12 10:32:39          00:00:01        pass   
    4      PT_CPLD_UPDATE       TT2_CPLD_VER_CHECK_OOB              2023-08-12 10:32:39            2023-08-12 11:01:51          00:29:12        pass   
    5      PT_CPLD_UPDATE       TT2_MB_FRU_WRITE                    2023-08-12 11:01:51            2023-08-12 11:02:24          00:00:33        pass   
    6      PT_END               IDLE                                2023-08-12 11:02:24            2023-08-12 11:02:25          00:00:01        pass   
    7      PT_END               SFCS_PASS                           2023-08-12 11:02:25            2023-08-12 11:02:35          00:00:10        pass   
    8      BS_START             IDLE                                2023-08-12 11:02:35            2023-08-12 11:02:36          00:00:01        pass   
    9      BS_START             SFCS_CHECK_ROUTE                    2023-08-12 11:02:37            2023-08-12 11:02:37          00:00:01        pass   
    10     BS_BOOTSTRAP         TT2_BOOTSTRAP                       2023-08-12 11:02:37            2023-08-12 11:39:33          00:36:56        pass   
    11     BS_BOOTSTRAP         TT2_K2V4_VER_OOB                    2023-08-12 11:39:33            2023-08-12 11:39:34          00:00:01        pass   
    12     BS_END               IDLE                                2023-08-12 11:39:34            2023-08-12 11:39:35          00:00:01        pass   
    13     BS_END               SFCS_PASS                           2023-08-12 11:39:35            2023-08-12 11:39:45          00:00:10        pass   
    1      TN_START             IDLE                                2023-08-12 13:05:45            2023-08-12 13:07:07          00:01:22        pass   
    2      TN_START             TT2_INIT_CLEAR                      2023-08-12 13:07:07            2023-08-12 13:07:36          00:00:29        pass   
    3      TN_START             TT2_BFT_RTC_TEST                    2023-08-12 13:07:36            2023-08-12 13:07:44          00:00:08        pass   
    4      TN_START             SFCS_CHECK_ROUTE                    2023-08-12 13:07:44            2023-08-12 13:07:44          00:00:01        pass   
    5      TN_START             SFCS_UPLOAD_TIME                    2023-08-12 13:07:44            2023-08-12 13:07:54          00:00:10        pass   
    6      TN_LOG               IDLE                                2023-08-12 13:07:54            2023-08-12 13:07:55          00:00:01        pass   
    7      TN_LOG               IDLE                                2023-08-12 13:07:55            2023-08-12 13:07:56          00:00:01        pass   
    8      TN_LOG               TT2_MSG_CHECK                       2023-08-12 13:07:56            2023-08-12 13:09:57          00:02:01        pass   
    9      TN_LOG               TT2_MCE_CHECK                       2023-08-12 13:09:57            2023-08-12 13:09:57          00:00:01        pass   
    10     TN_LOG               TT2_SEL_CLEAR                       2023-08-12 13:09:57            2023-08-12 13:10:03          00:00:06        pass   
    11     TN_FW                TT2_BIOS_CHECK                      2023-08-12 13:10:03            2023-08-12 13:45:40          00:35:37        pass   
    12     TN_FW                IDLE                                2023-08-12 13:45:40            2023-08-12 13:45:41          00:00:01        pass   
    13     TN_FW                TT2_BMC_HEALTH_CHECK                2023-08-12 13:45:41            2023-08-12 13:45:44          00:00:03        pass   
    14     TN_FW                TT2_BMC_VER_CHECK                   2023-08-12 13:45:44            2023-08-12 14:10:44          00:25:00        pass   
    15     TN_FW                TT2_CPLD_VER_CHECK                  2023-08-12 14:10:44            2023-08-12 14:11:14          00:00:30        pass   
    16     TN_FW                TT2_FRU_WRITE                       2023-08-12 14:11:14            2023-08-12 14:12:07          00:00:53        pass   
    17     TN_FW                TT2_POWER_AC_CYCLE                  2023-08-12 14:12:07            2023-08-12 14:37:25          00:25:18        pass   
    18     TN_FW                TT2_FRU_CHECK                       2023-08-12 14:37:25            2023-08-12 14:37:34          00:00:09        pass   
    19     TN_FW                TT2_K2V4_VER                        2023-08-12 14:37:34            2023-08-12 14:37:40          00:00:06        pass   
    20     TN_K2NX_UPD          TT2_MCIO_CHECK                      2023-08-12 14:37:40            2023-08-12 14:38:21          00:00:41        pass   
    21     TN_K2NX_UPD          TT2_K2XN_UPDATE_SOL                 2023-08-12 14:38:21            2023-08-12 16:02:40          01:24:19        pass   
    22     TN_K2NX_UPD          TT2_K2XN_UPDATE_SOL                 2023-08-12 16:02:40            2023-08-12 17:27:00          01:24:20        pass   
    23     TN_K2NX_UPD          IDLE                                2023-08-12 17:27:00            2023-08-12 17:27:10          00:00:10        pass   
    24     TN_K2NX_UPD          TT2_K2XN_VER_OOB                    2023-08-12 17:27:10            2023-08-12 17:27:11          00:00:01        pass   
    25     TN_K2NX_UPD          TT2_PCIE_CONFIG_CHECK               2023-08-12 17:27:11            2023-08-12 17:27:11          00:00:01        pass   
    26     TN_K2NX_UPD          TT2_PCIE_DEVICES_CHECK              2023-08-12 17:27:12            2023-08-12 17:27:12          00:00:01        pass   
    27     TN_HW                IDLE                                2023-08-12 17:27:12            2023-08-12 17:27:13          00:00:01        pass   
    28     TN_HW                TT2_PCIE_CONFIG_CHECK               2023-08-12 17:27:13            2023-08-12 17:27:13          00:00:01        pass   
    29     TN_HW                TT2_PCIE_DEVICES_CHECK              2023-08-12 17:27:13            2023-08-12 17:27:14          00:00:01        pass   
    30     TN_HW                TT2_CPU_CONFIG_CHECK                2023-08-12 17:27:14            2023-08-12 17:27:14          00:00:01        pass   
    31     TN_HW                TT2_MEMORY_SLOT_CHECK               2023-08-12 17:27:14            2023-08-12 17:27:14          00:00:01        pass   
    32     TN_HW                TT2_MLC_TEST                        2023-08-12 17:27:14            2023-08-12 17:30:58          00:03:44        pass   
    33     TN_HW                TT2_SDR_CHECK                       2023-08-12 17:30:58            2023-08-12 17:31:01          00:00:03        pass   
    34     TN_HW                TT2_NVME_CHECK                      2023-08-12 17:31:01            2023-08-12 17:31:11          00:00:10        pass   
    35     TN_HW                TT2_BMC_MAC_CHECK                   2023-08-12 17:31:11            2023-08-12 17:31:15          00:00:04        pass   
    36     TN_HW                TT2_BFT_IOBD_GF_PRSNT               2023-08-12 17:31:15            2023-08-12 17:31:23          00:00:08        pass   
    37     TN_HW                TT2_BFT_IOBD_I2C_CHECK              2023-08-12 17:31:23            2023-08-12 17:32:02          00:00:39        pass   
    38     TN_HW                TT2_BFT_IOBD_RETIMER_FW             2023-08-12 17:32:02            2023-08-12 17:32:10          00:00:08        pass   
    39     TN_HW                TT2_BFT_IOBD_SMI                    2023-08-12 17:32:10            2023-08-12 17:32:46          00:00:36        pass   
    40     TN_HW                TT2_BFT_RISER0_I2C_CHECK            2023-08-12 17:32:46            2023-08-12 17:33:27          00:00:41        pass   
    41     TN_HW                TT2_BFT_RISER0_POWER                2023-08-12 17:33:27            2023-08-12 17:33:37          00:00:10        pass   
    42     TN_HW                TT2_MCIO_CHECK                      2023-08-12 17:33:37            2023-08-12 17:34:19          00:00:42        pass   
    43     TN_HW                TT2_FAN_CONFIG_CHECK                2023-08-12 17:34:19            2023-08-12 17:34:23          00:00:04        pass   
    44     TN_HW                IDLE                                2023-08-12 17:34:23            2023-08-12 17:34:24          00:00:01        pass   
    45     TN_HW                TT2_POWER_DC_CYCLE                  2023-08-12 17:34:24            2023-08-12 17:57:10          00:22:46        pass   
    46     TN_HW                TT2_DMI_CHECK                       2023-08-12 17:57:10            2023-08-12 17:57:13          00:00:03        pass   
    47     TN_HW                TT2_INTER_LINK_CHECK                2023-08-12 17:57:13            2023-08-12 17:58:02          00:00:49        pass   
    48     TN_END               SFCS_UPLOAD_TIME                    2023-08-12 17:58:02            2023-08-12 17:58:23          00:00:21        pass   
    49     TN_END               SFCS_PASS                           2023-08-12 17:58:23            2023-08-12 17:58:33          00:00:10        pass   
    50     TO_START             SFCS_UPLOAD_TIME                    2023-08-12 17:58:33            2023-08-12 17:58:44          00:00:11        pass   
    51     TO_DC_1              TT2_SEL_CLEAR                       2023-08-12 17:58:44            2023-08-12 17:59:07          00:00:23        pass   
    52     TO_DC_1              TT2_POWER_DC_CYCLE                  2023-08-12 17:59:07            2023-08-12 18:20:54          00:21:47        pass   
    53     TO_DC_1              TT2_CPU_CONFIG_CHECK                2023-08-12 18:20:54            2023-08-12 18:20:54          00:00:01        pass   
    54     TO_DC_1              TT2_MEMORY_SLOT_CHECK               2023-08-12 18:20:54            2023-08-12 18:20:54          00:00:01        pass   
    55     TO_DC_1              TT2_BMC_MAC_CHECK                   2023-08-12 18:20:54            2023-08-12 18:20:57          00:00:03        pass   
    56     TO_DC_1              TT2_MCIO_CHECK                      2023-08-12 18:20:57            2023-08-12 18:21:39          00:00:42        pass   
    57     TO_DC_1              TT2_PCIE_CONFIG_CHECK               2023-08-12 18:21:39            2023-08-12 18:21:40          00:00:01        pass   
    58     TO_DC_1              TT2_PCIE_DEVICES_CHECK              2023-08-12 18:21:40            2023-08-12 18:21:40          00:00:01        pass   
    59     TO_DC_1              TT2_NVME_CHECK                      2023-08-12 18:21:40            2023-08-12 18:21:50          00:00:10        pass   
    60     TO_DC_1              TT2_FAN_CONFIG_CHECK                2023-08-12 18:21:50            2023-08-12 18:21:53          00:00:03        pass   
    61     TO_DC_1              TT2_DMI_CHECK                       2023-08-12 18:21:53            2023-08-12 18:21:55          00:00:02        pass   
    62     TO_DC_1              TT2_SDR_CHECK                       2023-08-12 18:21:55            2023-08-12 18:21:59          00:00:04        pass   
    63     TO_DC_1              TT2_SEL_CHECK                       2023-08-12 18:21:59            2023-08-12 18:22:03          00:00:04        pass   
    64     TO_DC_1              TT2_MSG_CHECK                       2023-08-12 18:22:03            2023-08-12 18:22:03          00:00:01        pass   
    65     TO_DC_1              TT2_MCE_CHECK                       2023-08-12 18:22:03            2023-08-12 18:22:03          00:00:01        pass   
    66     TO_DC_2              TT2_SEL_CLEAR                       2023-08-12 18:22:03            2023-08-12 18:22:10          00:00:07        pass   
    67     TO_DC_2              TT2_POWER_DC_CYCLE                  2023-08-12 18:22:10            2023-08-12 18:44:55          00:22:45        pass   
    68     TO_DC_2              TT2_CPU_CONFIG_CHECK                2023-08-12 18:44:55            2023-08-12 18:44:55          00:00:01        pass   
    69     TO_DC_2              TT2_MEMORY_SLOT_CHECK               2023-08-12 18:44:55            2023-08-12 18:44:55          00:00:01        pass   
    70     TO_DC_2              TT2_BMC_MAC_CHECK                   2023-08-12 18:44:55            2023-08-12 18:44:58          00:00:03        pass   
    71     TO_DC_2              TT2_MCIO_CHECK                      2023-08-12 18:44:58            2023-08-12 18:45:40          00:00:42        pass   
    72     TO_DC_2              TT2_PCIE_CONFIG_CHECK               2023-08-12 18:45:40            2023-08-12 18:45:40          00:00:01        pass   
    73     TO_DC_2              TT2_PCIE_DEVICES_CHECK              2023-08-12 18:45:41            2023-08-12 18:45:41          00:00:01        pass   
    74     TO_DC_2              TT2_NVME_CHECK                      2023-08-12 18:45:41            2023-08-12 18:45:51          00:00:10        pass   
    75     TO_DC_2              TT2_FAN_CONFIG_CHECK                2023-08-12 18:45:51            2023-08-12 18:45:54          00:00:03        pass   
    76     TO_DC_2              TT2_DMI_CHECK                       2023-08-12 18:45:54            2023-08-12 18:45:56          00:00:02        pass   
    77     TO_DC_2              TT2_SDR_CHECK                       2023-08-12 18:45:56            2023-08-12 18:45:59          00:00:03        pass   
    78     TO_DC_2              TT2_SEL_CHECK                       2023-08-12 18:46:00            2023-08-12 18:46:03          00:00:03        pass   
    79     TO_DC_2              TT2_MSG_CHECK                       2023-08-12 18:46:03            2023-08-12 18:46:04          00:00:01        pass   
    80     TO_DC_2              TT2_MCE_CHECK                       2023-08-12 18:46:04            2023-08-12 18:46:04          00:00:01        pass   
    81     TO_DC_3              TT2_SEL_CLEAR                       2023-08-12 18:46:04            2023-08-12 18:46:10          00:00:06        pass   
    82     TO_DC_3              TT2_POWER_DC_CYCLE                  2023-08-12 18:46:10            2023-08-12 19:08:55          00:22:45        pass   
    83     TO_DC_3              TT2_CPU_CONFIG_CHECK                2023-08-12 19:08:56            2023-08-12 19:08:56          00:00:01        pass   
    84     TO_DC_3              TT2_MEMORY_SLOT_CHECK               2023-08-12 19:08:56            2023-08-12 19:08:56          00:00:01        pass   
    85     TO_DC_3              TT2_BMC_MAC_CHECK                   2023-08-12 19:08:56            2023-08-12 19:08:59          00:00:03        pass   
    86     TO_DC_3              TT2_MCIO_CHECK                      2023-08-12 19:08:59            2023-08-12 19:09:41          00:00:42        pass   
    87     TO_DC_3              TT2_PCIE_CONFIG_CHECK               2023-08-12 19:09:41            2023-08-12 19:09:41          00:00:01        pass   
    88     TO_DC_3              TT2_PCIE_DEVICES_CHECK              2023-08-12 19:09:42            2023-08-12 19:09:42          00:00:01        pass   
    89     TO_DC_3              TT2_NVME_CHECK                      2023-08-12 19:09:42            2023-08-12 19:09:52          00:00:10        pass   
    90     TO_DC_3              TT2_FAN_CONFIG_CHECK                2023-08-12 19:09:52            2023-08-12 19:09:55          00:00:03        pass   
    91     TO_DC_3              TT2_DMI_CHECK                       2023-08-12 19:09:55            2023-08-12 19:09:58          00:00:03        pass   
    92     TO_DC_3              TT2_SDR_CHECK                       2023-08-12 19:09:58            2023-08-12 19:10:01          00:00:03        pass   
    93     TO_DC_3              TT2_SEL_CHECK                       2023-08-12 19:10:01            2023-08-12 19:10:05          00:00:04        pass   
    94     TO_DC_3              TT2_MSG_CHECK                       2023-08-12 19:10:05            2023-08-12 19:10:06          00:00:01        pass   
    95     TO_DC_3              TT2_MCE_CHECK                       2023-08-12 19:10:06            2023-08-12 19:10:06          00:00:01        pass   
    96     TO_AC_1              TT2_SEL_CLEAR                       2023-08-12 19:10:06            2023-08-12 19:10:14          00:00:08        pass   
    97     TO_AC_1              TT2_POWER_AC_CYCLE                  2023-08-12 19:10:14            2023-08-12 19:34:33          00:24:19        pass   
    98     TO_AC_1              TT2_CPU_CONFIG_CHECK                2023-08-12 19:34:33            2023-08-12 19:34:33          00:00:01        pass   
    99     TO_AC_1              TT2_MEMORY_SLOT_CHECK               2023-08-12 19:34:33            2023-08-12 19:34:34          00:00:01        pass   
   100     TO_AC_1              TT2_BMC_MAC_CHECK                   2023-08-12 19:34:34            2023-08-12 19:34:36          00:00:02        pass   
   101     TO_AC_1              TT2_MCIO_CHECK                      2023-08-12 19:34:36            2023-08-12 19:35:20          00:00:44        pass   
   102     TO_AC_1              TT2_PCIE_CONFIG_CHECK               2023-08-12 19:35:20            2023-08-12 19:35:20          00:00:01        pass   
   103     TO_AC_1              TT2_PCIE_DEVICES_CHECK              2023-08-12 19:35:20            2023-08-12 19:35:20          00:00:01        pass   
   104     TO_AC_1              TT2_NVME_CHECK                      2023-08-12 19:35:20            2023-08-12 19:35:30          00:00:10        pass   
   105     TO_AC_1              TT2_FAN_CONFIG_CHECK                2023-08-12 19:35:31            2023-08-12 19:35:33          00:00:02        pass   
   106     TO_AC_1              TT2_DMI_CHECK                       2023-08-12 19:35:33            2023-08-12 19:35:36          00:00:03        pass   
   107     TO_AC_1              TT2_SDR_CHECK                       2023-08-12 19:35:36            2023-08-12 19:35:38          00:00:02        pass   
   108     TO_AC_1              TT2_SEL_CHECK                       2023-08-12 19:35:38            2023-08-12 19:35:43          00:00:05        pass   
   109     TO_AC_1              TT2_MSG_CHECK                       2023-08-12 19:35:43            2023-08-12 19:35:44          00:00:01        pass   
   110     TO_AC_1              TT2_MCE_CHECK                       2023-08-12 19:35:44            2023-08-12 19:35:44          00:00:01        pass   
   111     TO_AC_2              TT2_SEL_CLEAR                       2023-08-12 19:35:44            2023-08-12 19:35:52          00:00:08        pass   
   112     TO_AC_2              TT2_POWER_AC_CYCLE                  2023-08-12 19:35:52            2023-08-12 20:01:10          00:25:18        pass   
   113     TO_AC_2              TT2_CPU_CONFIG_CHECK                2023-08-12 20:01:10            2023-08-12 20:01:10          00:00:01        pass   
   114     TO_AC_2              TT2_MEMORY_SLOT_CHECK               2023-08-12 20:01:10            2023-08-12 20:01:10          00:00:01        pass   
   115     TO_AC_2              TT2_BMC_MAC_CHECK                   2023-08-12 20:01:10            2023-08-12 20:01:14          00:00:04        pass   
   116     TO_AC_2              TT2_MCIO_CHECK                      2023-08-12 20:01:14            2023-08-12 20:01:58          00:00:44        pass   
   117     TO_AC_2              TT2_PCIE_CONFIG_CHECK               2023-08-12 20:01:58            2023-08-12 20:01:58          00:00:01        pass   
   118     TO_AC_2              TT2_PCIE_DEVICES_CHECK              2023-08-12 20:01:58            2023-08-12 20:01:58          00:00:01        pass   
   119     TO_AC_2              TT2_NVME_CHECK                      2023-08-12 20:01:58            2023-08-12 20:02:09          00:00:11        pass   
   120     TO_AC_2              TT2_FAN_CONFIG_CHECK                2023-08-12 20:02:09            2023-08-12 20:02:11          00:00:02        pass   
   121     TO_AC_2              TT2_DMI_CHECK                       2023-08-12 20:02:12            2023-08-12 20:02:15          00:00:03        pass   
   122     TO_AC_2              TT2_SDR_CHECK                       2023-08-12 20:02:15            2023-08-12 20:02:17          00:00:02        pass   
   123     TO_AC_2              TT2_SEL_CHECK                       2023-08-12 20:02:17            2023-08-12 20:02:23          00:00:06        pass   
   124     TO_AC_2              TT2_MSG_CHECK                       2023-08-12 20:02:23            2023-08-12 20:02:23          00:00:01        pass   
   125     TO_AC_2              TT2_MCE_CHECK                       2023-08-12 20:02:23            2023-08-12 20:02:23          00:00:01        pass   
   126     TO_AC_3              TT2_SEL_CLEAR                       2023-08-12 20:02:23            2023-08-12 20:02:31          00:00:08        pass   
   127     TO_AC_3              TT2_POWER_AC_CYCLE                  2023-08-12 20:02:32            2023-08-12 20:27:50          00:25:18        pass   
   128     TO_AC_3              TT2_CPU_CONFIG_CHECK                2023-08-12 20:27:50            2023-08-12 20:27:50          00:00:01        pass   
   129     TO_AC_3              TT2_MEMORY_SLOT_CHECK               2023-08-12 20:27:50            2023-08-12 20:27:50          00:00:01        pass   
   130     TO_AC_3              TT2_BMC_MAC_CHECK                   2023-08-12 20:27:50            2023-08-12 20:28:21          00:00:31        fail   
   126     TO_AC_3              TT2_SEL_CLEAR                       2023-08-14 11:16:21            2023-08-14 12:13:27          00:57:06        fail   
   126     TO_AC_3              TT2_SEL_CLEAR                       2023-08-14 13:23:35            2023-08-14 13:37:08          00:13:33        pass   
   127     TO_AC_3              TT2_POWER_AC_CYCLE                  2023-08-14 13:37:09            2023-08-14 14:02:25          00:25:16        pass   
   128     TO_AC_3              TT2_CPU_CONFIG_CHECK                2023-08-14 14:02:25            2023-08-14 14:02:25          00:00:01        pass   
   129     TO_AC_3              TT2_MEMORY_SLOT_CHECK               2023-08-14 14:02:25            2023-08-14 14:02:26          00:00:01        pass   
   130     TO_AC_3              TT2_BMC_MAC_CHECK                   2023-08-14 14:02:26            2023-08-14 14:02:29          00:00:03        pass   
   131     TO_AC_3              TT2_MCIO_CHECK                      2023-08-14 14:02:29            2023-08-14 14:03:11          00:00:42        pass   
   132     TO_AC_3              TT2_PCIE_CONFIG_CHECK               2023-08-14 14:03:11            2023-08-14 14:03:11          00:00:01        pass   
   133     TO_AC_3              TT2_PCIE_DEVICES_CHECK              2023-08-14 14:03:11            2023-08-14 14:03:11          00:00:01        pass   
   134     TO_AC_3              TT2_NVME_CHECK                      2023-08-14 14:03:11            2023-08-14 14:03:22          00:00:11        pass   
   135     TO_AC_3              TT2_FAN_CONFIG_CHECK                2023-08-14 14:03:22            2023-08-14 14:03:24          00:00:02        pass   
   136     TO_AC_3              TT2_DMI_CHECK                       2023-08-14 14:03:24            2023-08-14 14:03:27          00:00:03        pass   
   137     TO_AC_3              TT2_SDR_CHECK                       2023-08-14 14:03:27            2023-08-14 14:03:30          00:00:03        pass   
   138     TO_AC_3              TT2_SEL_CHECK                       2023-08-14 14:03:30            2023-08-14 14:03:35          00:00:05        pass   
   139     TO_AC_3              TT2_MSG_CHECK                       2023-08-14 14:03:35            2023-08-14 14:03:35          00:00:01        pass   
   140     TO_AC_3              TT2_MCE_CHECK                       2023-08-14 14:03:35            2023-08-14 14:03:35          00:00:01        pass   
   141     TO_RESET_1           TT2_SEL_CLEAR                       2023-08-14 14:03:35            2023-08-14 14:03:43          00:00:08        pass   
   142     TO_RESET_1           TT2_POWER_RESET_CYCLE               2023-08-14 14:03:43            2023-08-14 14:18:24          00:14:41        pass   
   143     TO_RESET_1           TT2_CPU_CONFIG_CHECK                2023-08-14 14:18:24            2023-08-14 14:18:24          00:00:01        pass   
   144     TO_RESET_1           TT2_MEMORY_SLOT_CHECK               2023-08-14 14:18:24            2023-08-14 14:18:24          00:00:01        pass   
   145     TO_RESET_1           TT2_BMC_MAC_CHECK                   2023-08-14 14:18:24            2023-08-14 14:18:27          00:00:03        pass   
   146     TO_RESET_1           TT2_MCIO_CHECK                      2023-08-14 14:18:27            2023-08-14 14:19:08          00:00:41        pass   
   147     TO_RESET_1           TT2_PCIE_CONFIG_CHECK               2023-08-14 14:19:08            2023-08-14 14:19:08          00:00:01        pass   
   148     TO_RESET_1           TT2_PCIE_DEVICES_CHECK              2023-08-14 14:19:08            2023-08-14 14:19:09          00:00:01        pass   
   149     TO_RESET_1           TT2_NVME_CHECK                      2023-08-14 14:19:09            2023-08-14 14:19:19          00:00:10        pass   
   150     TO_RESET_1           TT2_FAN_CONFIG_CHECK                2023-08-14 14:19:19            2023-08-14 14:19:21          00:00:02        pass   
   151     TO_RESET_1           TT2_DMI_CHECK                       2023-08-14 14:19:21            2023-08-14 14:19:24          00:00:03        pass   
   152     TO_RESET_1           TT2_SDR_CHECK                       2023-08-14 14:19:24            2023-08-14 14:19:26          00:00:02        pass   
   153     TO_RESET_1           TT2_SEL_CHECK                       2023-08-14 14:19:26            2023-08-14 14:19:30          00:00:04        pass   
   154     TO_RESET_1           TT2_MSG_CHECK                       2023-08-14 14:19:30            2023-08-14 14:19:30          00:00:01        pass   
   155     TO_RESET_1           TT2_MCE_CHECK                       2023-08-14 14:19:30            2023-08-14 14:19:30          00:00:01        pass   
   156     TO_RESET_2           TT2_SEL_CLEAR                       2023-08-14 14:19:30            2023-08-14 14:19:37          00:00:07        pass   
   157     TO_RESET_2           TT2_POWER_RESET_CYCLE               2023-08-14 14:19:37            2023-08-14 14:34:19          00:14:42        pass   
   158     TO_RESET_2           TT2_CPU_CONFIG_CHECK                2023-08-14 14:34:19            2023-08-14 14:34:19          00:00:01        pass   
   159     TO_RESET_2           TT2_MEMORY_SLOT_CHECK               2023-08-14 14:34:19            2023-08-14 14:34:19          00:00:01        pass   
   160     TO_RESET_2           TT2_BMC_MAC_CHECK                   2023-08-14 14:34:19            2023-08-14 14:34:21          00:00:02        pass   
   161     TO_RESET_2           TT2_MCIO_CHECK                      2023-08-14 14:34:21            2023-08-14 14:35:03          00:00:42        pass   
   162     TO_RESET_2           TT2_PCIE_CONFIG_CHECK               2023-08-14 14:35:03            2023-08-14 14:35:03          00:00:01        pass   
   163     TO_RESET_2           TT2_PCIE_DEVICES_CHECK              2023-08-14 14:35:04            2023-08-14 14:35:04          00:00:01        pass   
   164     TO_RESET_2           TT2_NVME_CHECK                      2023-08-14 14:35:04            2023-08-14 14:35:14          00:00:10        pass   
   165     TO_RESET_2           TT2_FAN_CONFIG_CHECK                2023-08-14 14:35:14            2023-08-14 14:35:17          00:00:03        pass   
   166     TO_RESET_2           TT2_DMI_CHECK                       2023-08-14 14:35:17            2023-08-14 14:35:19          00:00:02        pass   
   167     TO_RESET_2           TT2_SDR_CHECK                       2023-08-14 14:35:19            2023-08-14 14:35:21          00:00:02        pass   
   168     TO_RESET_2           TT2_SEL_CHECK                       2023-08-14 14:35:21            2023-08-14 14:35:25          00:00:04        pass   
   169     TO_RESET_2           TT2_MSG_CHECK                       2023-08-14 14:35:25            2023-08-14 14:35:26          00:00:01        pass   
   170     TO_RESET_2           TT2_MCE_CHECK                       2023-08-14 14:35:26            2023-08-14 14:35:26          00:00:01        pass   
   171     TO_RESET_3           TT2_SEL_CLEAR                       2023-08-14 14:35:26            2023-08-14 14:35:33          00:00:07        pass   
   172     TO_RESET_3           TT2_POWER_RESET_CYCLE               2023-08-14 14:35:33            2023-08-14 14:50:15          00:14:42        pass   
   173     TO_RESET_3           TT2_CPU_CONFIG_CHECK                2023-08-14 14:50:15            2023-08-14 14:50:15          00:00:01        pass   
   174     TO_RESET_3           TT2_MEMORY_SLOT_CHECK               2023-08-14 14:50:15            2023-08-14 14:50:15          00:00:01        pass   
   175     TO_RESET_3           TT2_BMC_MAC_CHECK                   2023-08-14 14:50:15            2023-08-14 14:50:18          00:00:03        pass   
   176     TO_RESET_3           TT2_MCIO_CHECK                      2023-08-14 14:50:18            2023-08-14 14:51:00          00:00:42        pass   
   177     TO_RESET_3           TT2_PCIE_CONFIG_CHECK               2023-08-14 14:51:00            2023-08-14 14:51:00          00:00:01        pass   
   178     TO_RESET_3           TT2_PCIE_DEVICES_CHECK              2023-08-14 14:51:00            2023-08-14 14:51:00          00:00:01        pass   
   179     TO_RESET_3           TT2_NVME_CHECK                      2023-08-14 14:51:00            2023-08-14 14:51:11          00:00:11        pass   
   180     TO_RESET_3           TT2_FAN_CONFIG_CHECK                2023-08-14 14:51:11            2023-08-14 14:51:14          00:00:03        pass   
   181     TO_RESET_3           TT2_DMI_CHECK                       2023-08-14 14:51:14            2023-08-14 14:51:17          00:00:03        pass   
   182     TO_RESET_3           TT2_SDR_CHECK                       2023-08-14 14:51:17            2023-08-14 14:51:19          00:00:02        pass   
   183     TO_RESET_3           TT2_SEL_CHECK                       2023-08-14 14:51:19            2023-08-14 14:51:23          00:00:04        pass   
   184     TO_RESET_3           TT2_MSG_CHECK                       2023-08-14 14:51:23            2023-08-14 14:51:23          00:00:01        pass   
   185     TO_RESET_3           TT2_MCE_CHECK                       2023-08-14 14:51:23            2023-08-14 14:51:23          00:00:01        pass   
   186     TO_END               SFCS_UPLOAD_TIME                    2023-08-14 14:51:23            2023-08-14 14:51:44          00:00:21        pass   
   187     TO_END               SFCS_PASS                           2023-08-14 14:51:44            2023-08-14 14:51:54          00:00:10        pass   
   188     TP_START             SFCS_UPLOAD_TIME                    2023-08-14 14:51:54            2023-08-14 14:52:04          00:00:10        pass   
   189     TP_FINAL             IDLE                                2023-08-14 14:52:04            2023-08-14 14:52:05          00:00:01        pass   
   190     TP_FINAL             TT2_SDR_CHECK                       2023-08-14 14:52:06            2023-08-14 14:52:08          00:00:02        pass   
   191     TP_FINAL             TT2_SEL_CHECK                       2023-08-14 14:52:08            2023-08-14 14:52:12          00:00:04        pass   
   192     TP_FINAL             TT2_MSG_CHECK                       2023-08-14 14:52:12            2023-08-14 14:52:12          00:00:01        pass   
   193     TP_FINAL             TT2_MCE_CHECK                       2023-08-14 14:52:12            2023-08-14 14:52:12          00:00:01        pass   
   194     TP_FINAL             TT2_BIOS_CHECK                      2023-08-14 14:52:12            2023-08-14 14:52:13          00:00:01        pass   
   195     TP_FINAL             TT2_BMC_HEALTH_CHECK                2023-08-14 14:52:13            2023-08-14 14:52:15          00:00:02        pass   
   196     TP_FINAL             TT2_BMC_VER_CHECK                   2023-08-14 14:52:15            2023-08-14 14:52:20          00:00:05        pass   
   197     TP_FINAL             TT2_CPLD_VER_CHECK                  2023-08-14 14:52:20            2023-08-14 14:52:51          00:00:31        pass   
   198     TP_FINAL             TT2_FRU_CHECK                       2023-08-14 14:52:51            2023-08-14 14:52:59          00:00:08        pass   
   199     TP_FINAL             TT2_K2V4_VER                        2023-08-14 14:52:59            2023-08-14 14:53:05          00:00:06        pass   
   200     TP_FINAL             TT2_K2XN_VER_OOB                    2023-08-14 14:53:05            2023-08-14 14:53:06          00:00:01        pass   
   201     TP_FINAL             TT2_CPU_CONFIG_CHECK                2023-08-14 14:53:06            2023-08-14 14:53:06          00:00:01        pass   
   202     TP_FINAL             TT2_MEMORY_SLOT_CHECK               2023-08-14 14:53:06            2023-08-14 14:53:06          00:00:01        pass   
   203     TP_FINAL             TT2_MLC_TEST                        2023-08-14 14:53:06            2023-08-14 14:56:52          00:03:46        pass   
   204     TP_FINAL             TT2_NVME_CHECK                      2023-08-14 14:56:52            2023-08-14 14:57:02          00:00:10        pass   
   205     TP_FINAL             TT2_BMC_MAC_CHECK                   2023-08-14 14:57:02            2023-08-14 14:57:05          00:00:03        pass   
   206     TP_FINAL             TT2_BFT_IOBD_GF_PRSNT               2023-08-14 14:57:05            2023-08-14 14:57:13          00:00:08        pass   
   207     TP_FINAL             TT2_BFT_IOBD_I2C_CHECK              2023-08-14 14:57:13            2023-08-14 14:57:50          00:00:37        pass   
   208     TP_FINAL             TT2_BFT_IOBD_RETIMER_FW             2023-08-14 14:57:50            2023-08-14 14:57:59          00:00:09        pass   
   209     TP_FINAL             TT2_BFT_IOBD_SMI                    2023-08-14 14:57:59            2023-08-14 14:58:33          00:00:34        pass   
   210     TP_FINAL             TT2_BFT_RISER0_I2C_CHECK            2023-08-14 14:58:33            2023-08-14 14:59:13          00:00:40        pass   
   211     TP_FINAL             TT2_BFT_RISER0_POWER                2023-08-14 14:59:13            2023-08-14 14:59:22          00:00:09        pass   
   212     TP_FINAL             TT2_MCIO_CHECK                      2023-08-14 14:59:22            2023-08-14 15:00:04          00:00:42        pass   
   213     TP_FINAL             TT2_PCIE_CONFIG_CHECK               2023-08-14 15:00:04            2023-08-14 15:00:04          00:00:01        pass   
   214     TP_FINAL             TT2_PCIE_DEVICES_CHECK              2023-08-14 15:00:04            2023-08-14 15:00:05          00:00:01        pass   
   215     TP_FINAL             TT2_FAN_CONFIG_CHECK                2023-08-14 15:00:05            2023-08-14 15:00:07          00:00:02        pass   
   216     TP_FINAL             IDLE                                2023-08-14 15:00:07            2023-08-14 15:00:09          00:00:02        pass   
   217     TP_FINAL             TT2_DMI_CHECK                       2023-08-14 15:00:09            2023-08-14 15:00:11          00:00:02        pass   
   218     TP_FINAL             TT2_INTER_LINK_CHECK                2023-08-14 15:00:11            2023-08-14 15:01:00          00:00:49        pass   
   219     TP_LOG               IDLE                                2023-08-14 15:01:00            2023-08-14 15:01:01          00:00:01        pass   
   220     TP_LOG               TT2_SDR_CHECK                       2023-08-14 15:01:02            2023-08-14 15:01:04          00:00:02        pass   
   221     TP_LOG               TT2_SEL_CHECK                       2023-08-14 15:01:04            2023-08-14 15:01:29          00:00:25        fail   
   219     TP_LOG               IDLE                                2023-08-14 15:04:15            2023-08-14 15:04:33          00:00:18        pass   
   220     TP_LOG               TT2_SDR_CHECK                       2023-08-14 15:04:33            2023-08-14 15:04:36          00:00:03        pass   
   221     TP_LOG               TT2_SEL_CHECK                       2023-08-14 15:04:36            2023-08-14 15:04:38          00:00:02        pass   
   222     TP_LOG               TT2_MSG_CHECK                       2023-08-14 15:04:38            2023-08-14 15:04:38          00:00:01        pass   
   223     TP_LOG               TT2_MCE_CHECK                       2023-08-14 15:04:39            2023-08-14 15:04:39          00:00:01        pass   
   224     TP_LOG               TT2_SEL_CLEAR                       2023-08-14 15:04:39            2023-08-14 15:04:45          00:00:06        pass   
   225     TP_END               SFCS_UPLOAD_TIME                    2023-08-14 15:04:45            2023-08-14 15:05:05          00:00:20        pass   
   226     TP_END               TT2_INIT_CLEAR                      2023-08-14 15:05:05            2023-08-14 15:05:17          00:00:12        pass   
   227     TP_END               SFCS_PASS                           2023-08-14 15:05:17            2023-08-14 15:05:28          00:00:11        pass   
    1      TN_START             IDLE                                2023-08-31 10:51:40            2023-08-31 11:03:06          00:11:26        pass   
    2      TN_START             TT2_INIT_CLEAR                      2023-08-31 11:03:06            2023-08-31 11:03:48          00:00:42        pass   
    3      TN_START             TT2_BFT_RTC_TEST                    2023-08-31 11:03:49            2023-08-31 11:03:57          00:00:08        pass   
    4      TN_START             SFCS_CHECK_ROUTE                    2023-08-31 11:03:57            2023-08-31 11:04:17          00:00:20        fail   
    1      TN_START             IDLE                                2023-08-31 11:18:42            2023-08-31 11:19:04          00:00:22        pass   
    2      TN_START             TT2_INIT_CLEAR                      2023-08-31 11:19:04            2023-08-31 11:19:22          00:00:18        pass   
    3      TN_START             TT2_BFT_RTC_TEST                    2023-08-31 11:19:22            2023-08-31 11:19:30          00:00:08        pass   
    4      TN_START             SFCS_CHECK_ROUTE                    2023-08-31 11:19:30            2023-08-31 11:19:30          00:00:01        pass   
    5      TN_START             SFCS_UPLOAD_TIME                    2023-08-31 11:19:30            2023-08-31 11:19:40          00:00:10        pass   
    6      TN_LOG               IDLE                                2023-08-31 11:19:40            2023-08-31 11:19:41          00:00:01        pass   
    7      TN_LOG               IDLE                                2023-08-31 11:19:41            2023-08-31 11:19:42          00:00:01        pass   
    8      TN_LOG               TT2_MSG_CHECK                       2023-08-31 11:19:42            2023-08-31 11:19:43          00:00:01        pass   
    9      TN_LOG               TT2_MCE_CHECK                       2023-08-31 11:19:43            2023-08-31 11:19:43          00:00:01        pass   
    10     TN_LOG               TT2_SEL_CLEAR                       2023-08-31 11:19:43            2023-08-31 11:19:51          00:00:08        pass   
    11     TN_FW                TT2_BIOS_CHECK                      2023-08-31 11:19:51            2023-08-31 12:01:15          00:41:24        pass   
    12     TN_FW                IDLE                                2023-08-31 12:01:15            2023-08-31 12:01:16          00:00:01        pass   
    13     TN_FW                TT2_BMC_HEALTH_CHECK                2023-08-31 12:01:16            2023-08-31 12:01:19          00:00:03        pass   
    14     TN_FW                TT2_BMC_VER_CHECK                   2023-08-31 12:01:19            2023-08-31 12:26:13          00:24:54        pass   
    15     TN_FW                TT2_CPLD_VER_CHECK                  2023-08-31 12:26:13            2023-08-31 13:09:57          00:43:44        pass   
    16     TN_FW                TT2_FRU_WRITE                       2023-08-31 13:09:57            2023-08-31 13:11:12          00:01:15        pass   
    17     TN_FW                TT2_POWER_AC_CYCLE                  2023-08-31 13:11:12            2023-08-31 13:52:10          00:40:58        pass   
    19     TN_FW                TT2_K2V4_VER                        2023-08-31 13:52:22            2023-08-31 13:52:27          00:00:05        pass   
    20     TN_K2NX_UPD          TT2_MCIO_CHECK                      2023-08-31 13:52:28            2023-08-31 13:53:10          00:00:42        pass   
    21     TN_K2NX_UPD          TT2_K2XN_UPDATE_SOL                 2023-08-31 13:53:10            2023-08-31 13:53:48          00:00:38        fail   
    19     TN_FW                TT2_K2V4_VER                        2023-08-31 16:10:48            2023-08-31 16:13:29          00:02:41        fail   
    18     TN_FW                TT2_FRU_CHECK                       2023-08-31 16:12:48            2023-08-31 16:12:58          00:00:11        pass   
    18     TN_FW                TT2_FRU_CHECK                       2023-08-31 16:12:48            2023-08-31 16:12:58          00:00:10        pass   
    19     TN_FW                TT2_K2V4_VER                        2023-08-31 16:12:59            2023-08-31 16:42:07          00:29:08        pass   
    20     TN_K2NX_UPD          TT2_MCIO_CHECK                      2023-08-31 16:45:33            2023-08-31 16:46:30          00:00:58        pass   
    20     TN_K2NX_UPD          TT2_MCIO_CHECK                      2023-08-31 16:45:33            2023-08-31 16:46:30          00:00:57        pass   
    21     TN_K2NX_UPD          TT2_K2XN_UPDATE_SOL                 2023-08-31 16:46:31            2023-08-31 16:47:08          00:00:37        pass   
    22     TN_K2NX_UPD          TT2_K2XN_UPDATE_SOL                 2023-08-31 16:47:08            2023-08-31 16:47:26          00:00:18        pass   
    23     TN_K2NX_UPD          TT2_K2XN_FWIMG_PUSH                 2023-08-31 16:47:26            2023-08-31 16:47:37          00:00:11        pass   
    24     TN_K2NX_UPD          TT2_K2XN_VER_OOB                    2023-08-31 16:47:37            2023-08-31 16:47:40          00:00:03        pass   
    25     TN_K2NX_UPD          TT2_PCIE_CONFIG_CHECK               2023-08-31 16:47:40            2023-08-31 16:47:40          00:00:01        pass   
    26     TN_K2NX_UPD          TT2_PCIE_DEVICES_CHECK              2023-08-31 16:47:41            2023-08-31 16:47:41          00:00:01        pass   
    27     TN_HW                IDLE                                2023-08-31 16:47:41            2023-08-31 16:47:42          00:00:01        pass   
    28     TN_HW                TT2_PCIE_CONFIG_CHECK               2023-08-31 16:47:42            2023-08-31 16:47:42          00:00:01        pass   
    29     TN_HW                TT2_PCIE_DEVICES_CHECK              2023-08-31 16:47:42            2023-08-31 16:47:43          00:00:01        pass   
    30     TN_HW                TT2_CPU_CONFIG_CHECK                2023-08-31 16:47:43            2023-08-31 16:47:43          00:00:01        pass   
    31     TN_HW                TT2_MEMORY_SLOT_CHECK               2023-08-31 16:47:43            2023-08-31 16:47:43          00:00:01        pass   
    32     TN_HW                TT2_MLC_TEST                        2023-08-31 16:47:43            2023-08-31 16:51:29          00:03:46        pass   
    33     TN_HW                TT2_SDR_CHECK                       2023-08-31 16:51:29            2023-08-31 16:51:32          00:00:03        pass   
    34     TN_HW                TT2_NVME_CHECK                      2023-08-31 16:51:32            2023-08-31 16:51:43          00:00:11        pass   
    35     TN_HW                TT2_BMC_MAC_CHECK                   2023-08-31 16:51:43            2023-08-31 16:51:46          00:00:03        pass   
    36     TN_HW                TT2_BFT_IOBD_GF_PRSNT               2023-08-31 16:51:46            2023-08-31 16:51:55          00:00:09        pass   
    37     TN_HW                TT2_BFT_IOBD_I2C_CHECK              2023-08-31 16:51:55            2023-08-31 16:52:38          00:00:43        pass   
    38     TN_HW                TT2_BFT_IOBD_RETIMER_FW             2023-08-31 16:52:38            2023-08-31 16:52:48          00:00:10        pass   
    39     TN_HW                TT2_BFT_IOBD_SMI                    2023-08-31 16:52:48            2023-08-31 16:53:27          00:00:39        pass   
    40     TN_HW                TT2_BFT_RISER0_I2C_CHECK            2023-08-31 16:53:27            2023-08-31 16:54:09          00:00:42        pass   
    41     TN_HW                TT2_BFT_RISER0_POWER                2023-08-31 16:54:09            2023-08-31 16:54:20          00:00:11        pass   
    42     TN_HW                TT2_MCIO_CHECK                      2023-08-31 16:54:20            2023-08-31 16:55:02          00:00:42        pass   
    43     TN_HW                TT2_FAN_CONFIG_CHECK                2023-08-31 16:55:03            2023-08-31 16:55:06          00:00:03        pass   
    44     TN_HW                IDLE                                2023-08-31 16:55:06            2023-08-31 16:55:07          00:00:01        pass   
    45     TN_HW                TT2_POWER_DC_CYCLE                  2023-08-31 16:55:07            2023-08-31 17:33:31          00:38:24        pass   
    46     TN_HW                TT2_DMI_CHECK                       2023-08-31 17:33:31            2023-08-31 17:33:34          00:00:03        pass   
    47     TN_HW                TT2_INTER_LINK_CHECK                2023-08-31 17:33:34            2023-08-31 17:34:25          00:00:51        pass   
    48     TN_END               SFCS_UPLOAD_TIME                    2023-08-31 17:34:25            2023-08-31 17:34:46          00:00:21        pass   
    49     TN_END               SFCS_PASS                           2023-08-31 17:34:46            2023-08-31 17:34:56          00:00:10        pass   
    50     TO_START             SFCS_UPLOAD_TIME                    2023-08-31 17:34:56            2023-08-31 17:35:06          00:00:10        pass   
    51     TO_DC_1              TT2_SEL_CLEAR                       2023-08-31 17:35:06            2023-08-31 17:35:27          00:00:21        pass   
    52     TO_DC_1              TT2_POWER_DC_CYCLE                  2023-08-31 17:35:27            2023-08-31 18:13:55          00:38:28        pass   
    53     TO_DC_1              TT2_CPU_CONFIG_CHECK                2023-08-31 18:13:55            2023-08-31 18:13:55          00:00:01        pass   
    54     TO_DC_1              TT2_MEMORY_SLOT_CHECK               2023-08-31 18:13:55            2023-08-31 18:13:55          00:00:01        pass   
    55     TO_DC_1              TT2_BMC_MAC_CHECK                   2023-08-31 18:13:55            2023-08-31 18:13:58          00:00:03        pass   
    56     TO_DC_1              TT2_MCIO_CHECK                      2023-08-31 18:13:58            2023-08-31 18:14:40          00:00:42        pass   
    57     TO_DC_1              TT2_PCIE_CONFIG_CHECK               2023-08-31 18:14:40            2023-08-31 18:14:40          00:00:01        pass   
    58     TO_DC_1              TT2_PCIE_DEVICES_CHECK              2023-08-31 18:14:40            2023-08-31 18:14:41          00:00:01        pass   
    59     TO_DC_1              TT2_NVME_CHECK                      2023-08-31 18:14:41            2023-08-31 18:14:51          00:00:10        pass   
    60     TO_DC_1              TT2_FAN_CONFIG_CHECK                2023-08-31 18:14:51            2023-08-31 18:14:54          00:00:03        pass   
    61     TO_DC_1              TT2_DMI_CHECK                       2023-08-31 18:14:54            2023-08-31 18:14:57          00:00:03        pass   
    62     TO_DC_1              TT2_SDR_CHECK                       2023-08-31 18:14:57            2023-08-31 18:15:00          00:00:03        pass   
    63     TO_DC_1              TT2_SEL_CHECK                       2023-08-31 18:15:00            2023-08-31 18:15:05          00:00:05        pass   
    64     TO_DC_1              TT2_MSG_CHECK                       2023-08-31 18:15:05            2023-08-31 18:15:05          00:00:01        pass   
    65     TO_DC_1              TT2_MCE_CHECK                       2023-08-31 18:15:05            2023-08-31 18:15:06          00:00:01        pass   
    66     TO_DC_2              TT2_SEL_CLEAR                       2023-08-31 18:15:06            2023-08-31 18:15:15          00:00:09        pass   
    67     TO_DC_2              TT2_POWER_DC_CYCLE                  2023-08-31 18:15:15            2023-08-31 18:53:44          00:38:29        pass   
    68     TO_DC_2              TT2_CPU_CONFIG_CHECK                2023-08-31 18:53:44            2023-08-31 18:53:44          00:00:01        pass   
    69     TO_DC_2              TT2_MEMORY_SLOT_CHECK               2023-08-31 18:53:44            2023-08-31 18:53:44          00:00:01        pass   
    70     TO_DC_2              TT2_BMC_MAC_CHECK                   2023-08-31 18:53:44            2023-08-31 18:53:47          00:00:03        pass   
    71     TO_DC_2              TT2_MCIO_CHECK                      2023-08-31 18:53:47            2023-08-31 18:54:29          00:00:42        pass   
    72     TO_DC_2              TT2_PCIE_CONFIG_CHECK               2023-08-31 18:54:29            2023-08-31 18:54:29          00:00:01        pass   
    73     TO_DC_2              TT2_PCIE_DEVICES_CHECK              2023-08-31 18:54:30            2023-08-31 18:54:30          00:00:01        pass   
    74     TO_DC_2              TT2_NVME_CHECK                      2023-08-31 18:54:30            2023-08-31 18:54:40          00:00:10        pass   
    75     TO_DC_2              TT2_FAN_CONFIG_CHECK                2023-08-31 18:54:40            2023-08-31 18:54:44          00:00:04        pass   
    76     TO_DC_2              TT2_DMI_CHECK                       2023-08-31 18:54:44            2023-08-31 18:54:47          00:00:03        pass   
    77     TO_DC_2              TT2_SDR_CHECK                       2023-08-31 18:54:47            2023-08-31 18:54:50          00:00:03        pass   
    78     TO_DC_2              TT2_SEL_CHECK                       2023-08-31 18:54:50            2023-08-31 18:54:56          00:00:06        pass   
    79     TO_DC_2              TT2_MSG_CHECK                       2023-08-31 18:54:56            2023-08-31 18:54:56          00:00:01        pass   
    80     TO_DC_2              TT2_MCE_CHECK                       2023-08-31 18:54:56            2023-08-31 18:54:57          00:00:01        pass   
    81     TO_DC_3              TT2_SEL_CLEAR                       2023-08-31 18:54:57            2023-08-31 18:55:06          00:00:09        pass   
    82     TO_DC_3              TT2_POWER_DC_CYCLE                  2023-08-31 18:55:06            2023-08-31 19:33:37          00:38:31        pass   
    83     TO_DC_3              TT2_CPU_CONFIG_CHECK                2023-08-31 19:33:37            2023-08-31 19:33:38          00:00:01        pass   
    84     TO_DC_3              TT2_MEMORY_SLOT_CHECK               2023-08-31 19:33:38            2023-08-31 19:33:38          00:00:01        pass   
    85     TO_DC_3              TT2_BMC_MAC_CHECK                   2023-08-31 19:33:38            2023-08-31 19:33:41          00:00:03        pass   
    86     TO_DC_3              TT2_MCIO_CHECK                      2023-08-31 19:33:41            2023-08-31 19:34:23          00:00:42        pass   
    87     TO_DC_3              TT2_PCIE_CONFIG_CHECK               2023-08-31 19:34:23            2023-08-31 19:34:23          00:00:01        pass   
    88     TO_DC_3              TT2_PCIE_DEVICES_CHECK              2023-08-31 19:34:23            2023-08-31 19:34:23          00:00:01        pass   
    89     TO_DC_3              TT2_NVME_CHECK                      2023-08-31 19:34:23            2023-08-31 19:34:34          00:00:11        pass   
    90     TO_DC_3              TT2_FAN_CONFIG_CHECK                2023-08-31 19:34:34            2023-08-31 19:34:37          00:00:03        pass   
    91     TO_DC_3              TT2_DMI_CHECK                       2023-08-31 19:34:37            2023-08-31 19:34:40          00:00:03        pass   
    92     TO_DC_3              TT2_SDR_CHECK                       2023-08-31 19:34:40            2023-08-31 19:34:43          00:00:03        pass   
    93     TO_DC_3              TT2_SEL_CHECK                       2023-08-31 19:34:43            2023-08-31 19:34:48          00:00:05        pass   
    94     TO_DC_3              TT2_MSG_CHECK                       2023-08-31 19:34:48            2023-08-31 19:34:49          00:00:01        pass   
    95     TO_DC_3              TT2_MCE_CHECK                       2023-08-31 19:34:49            2023-08-31 19:34:50          00:00:01        pass   
    96     TO_AC_1              TT2_SEL_CLEAR                       2023-08-31 19:34:50            2023-08-31 19:34:58          00:00:08        pass   
    97     TO_AC_1              TT2_POWER_AC_CYCLE                  2023-08-31 19:34:59            2023-08-31 20:15:59          00:41:00        pass   
    98     TO_AC_1              TT2_CPU_CONFIG_CHECK                2023-08-31 20:15:59            2023-08-31 20:15:59          00:00:01        pass   
    99     TO_AC_1              TT2_MEMORY_SLOT_CHECK               2023-08-31 20:15:59            2023-08-31 20:15:59          00:00:01        pass   
   100     TO_AC_1              TT2_BMC_MAC_CHECK                   2023-08-31 20:15:59            2023-08-31 20:16:02          00:00:03        pass   
   101     TO_AC_1              TT2_MCIO_CHECK                      2023-08-31 20:16:02            2023-08-31 20:16:55          00:00:53        pass   
   102     TO_AC_1              TT2_PCIE_CONFIG_CHECK               2023-08-31 20:16:55            2023-08-31 20:16:55          00:00:01        pass   
   103     TO_AC_1              TT2_PCIE_DEVICES_CHECK              2023-08-31 20:16:55            2023-08-31 20:16:55          00:00:01        pass   
   104     TO_AC_1              TT2_NVME_CHECK                      2023-08-31 20:16:55            2023-08-31 20:17:06          00:00:11        pass   
   105     TO_AC_1              TT2_FAN_CONFIG_CHECK                2023-08-31 20:17:06            2023-08-31 20:17:09          00:00:03        pass   
   106     TO_AC_1              TT2_DMI_CHECK                       2023-08-31 20:17:09            2023-08-31 20:17:12          00:00:03        pass   
   107     TO_AC_1              TT2_SDR_CHECK                       2023-08-31 20:17:12            2023-08-31 20:17:15          00:00:03        pass   
   108     TO_AC_1              TT2_SEL_CHECK                       2023-08-31 20:17:15            2023-08-31 20:17:20          00:00:05        pass   
   109     TO_AC_1              TT2_MSG_CHECK                       2023-08-31 20:17:20            2023-08-31 20:17:21          00:00:01        pass   
   110     TO_AC_1              TT2_MCE_CHECK                       2023-08-31 20:17:21            2023-08-31 20:17:22          00:00:01        pass   
   111     TO_AC_2              TT2_SEL_CLEAR                       2023-08-31 20:17:22            2023-08-31 20:17:31          00:00:09        pass   
   112     TO_AC_2              TT2_POWER_AC_CYCLE                  2023-08-31 20:17:31            2023-08-31 20:58:31          00:41:00        pass   
   113     TO_AC_2              TT2_CPU_CONFIG_CHECK                2023-08-31 20:58:31            2023-08-31 20:58:32          00:00:01        pass   
   114     TO_AC_2              TT2_MEMORY_SLOT_CHECK               2023-08-31 20:58:32            2023-08-31 20:58:32          00:00:01        pass   
   115     TO_AC_2              TT2_BMC_MAC_CHECK                   2023-08-31 20:58:32            2023-08-31 20:58:35          00:00:03        pass   
   116     TO_AC_2              TT2_MCIO_CHECK                      2023-08-31 20:58:35            2023-08-31 20:59:27          00:00:52        pass   
   117     TO_AC_2              TT2_PCIE_CONFIG_CHECK               2023-08-31 20:59:27            2023-08-31 20:59:27          00:00:01        pass   
   118     TO_AC_2              TT2_PCIE_DEVICES_CHECK              2023-08-31 20:59:27            2023-08-31 20:59:28          00:00:01        pass   
   119     TO_AC_2              TT2_NVME_CHECK                      2023-08-31 20:59:28            2023-08-31 20:59:38          00:00:10        pass   
   120     TO_AC_2              TT2_FAN_CONFIG_CHECK                2023-08-31 20:59:38            2023-08-31 20:59:41          00:00:03        pass   
   121     TO_AC_2              TT2_DMI_CHECK                       2023-08-31 20:59:41            2023-08-31 20:59:45          00:00:04        pass   
   122     TO_AC_2              TT2_SDR_CHECK                       2023-08-31 20:59:45            2023-08-31 20:59:47          00:00:02        pass   
   123     TO_AC_2              TT2_SEL_CHECK                       2023-08-31 20:59:48            2023-08-31 20:59:53          00:00:05        pass   
   124     TO_AC_2              TT2_MSG_CHECK                       2023-08-31 20:59:53            2023-08-31 20:59:53          00:00:01        pass   
   125     TO_AC_2              TT2_MCE_CHECK                       2023-08-31 20:59:53            2023-08-31 20:59:54          00:00:01        pass   
   126     TO_AC_3              TT2_SEL_CLEAR                       2023-08-31 20:59:54            2023-08-31 21:00:03          00:00:09        pass   
   127     TO_AC_3              TT2_POWER_AC_CYCLE                  2023-08-31 21:00:03            2023-08-31 21:40:57          00:40:54        pass   
   128     TO_AC_3              TT2_CPU_CONFIG_CHECK                2023-08-31 21:40:57            2023-08-31 21:40:57          00:00:01        pass   
   129     TO_AC_3              TT2_MEMORY_SLOT_CHECK               2023-08-31 21:40:57            2023-08-31 21:40:57          00:00:01        pass   
   130     TO_AC_3              TT2_BMC_MAC_CHECK                   2023-08-31 21:40:57            2023-08-31 21:41:01          00:00:04        pass   
   131     TO_AC_3              TT2_MCIO_CHECK                      2023-08-31 21:41:01            2023-08-31 21:41:43          00:00:42        pass   
   132     TO_AC_3              TT2_PCIE_CONFIG_CHECK               2023-08-31 21:41:43            2023-08-31 21:41:43          00:00:01        pass   
   133     TO_AC_3              TT2_PCIE_DEVICES_CHECK              2023-08-31 21:41:43            2023-08-31 21:41:44          00:00:01        pass   
   134     TO_AC_3              TT2_NVME_CHECK                      2023-08-31 21:41:44            2023-08-31 21:41:54          00:00:10        pass   
   135     TO_AC_3              TT2_FAN_CONFIG_CHECK                2023-08-31 21:41:54            2023-08-31 21:41:57          00:00:03        pass   
   136     TO_AC_3              TT2_DMI_CHECK                       2023-08-31 21:41:57            2023-08-31 21:42:00          00:00:03        pass   
   137     TO_AC_3              TT2_SDR_CHECK                       2023-08-31 21:42:00            2023-08-31 21:42:04          00:00:04        pass   
   138     TO_AC_3              TT2_SEL_CHECK                       2023-08-31 21:42:04            2023-08-31 21:42:09          00:00:05        pass   
   139     TO_AC_3              TT2_MSG_CHECK                       2023-08-31 21:42:09            2023-08-31 21:42:09          00:00:01        pass   
   140     TO_AC_3              TT2_MCE_CHECK                       2023-08-31 21:42:10            2023-08-31 21:42:10          00:00:01        pass   
   141     TO_RESET_1           TT2_SEL_CLEAR                       2023-08-31 21:42:10            2023-08-31 21:42:19          00:00:09        pass   
   142     TO_RESET_1           TT2_POWER_RESET_CYCLE               2023-08-31 21:42:19            2023-08-31 22:04:54          00:22:35        pass   
   143     TO_RESET_1           TT2_CPU_CONFIG_CHECK                2023-08-31 22:04:54            2023-08-31 22:04:54          00:00:01        pass   
   144     TO_RESET_1           TT2_MEMORY_SLOT_CHECK               2023-08-31 22:04:54            2023-08-31 22:04:54          00:00:01        pass   
   145     TO_RESET_1           TT2_BMC_MAC_CHECK                   2023-08-31 22:04:54            2023-08-31 22:04:57          00:00:03        pass   
   146     TO_RESET_1           TT2_MCIO_CHECK                      2023-08-31 22:04:57            2023-08-31 22:05:40          00:00:43        pass   
   147     TO_RESET_1           TT2_PCIE_CONFIG_CHECK               2023-08-31 22:05:40            2023-08-31 22:05:40          00:00:01        pass   
   148     TO_RESET_1           TT2_PCIE_DEVICES_CHECK              2023-08-31 22:05:40            2023-08-31 22:05:40          00:00:01        pass   
   149     TO_RESET_1           TT2_NVME_CHECK                      2023-08-31 22:05:40            2023-08-31 22:05:51          00:00:11        pass   
   150     TO_RESET_1           TT2_FAN_CONFIG_CHECK                2023-08-31 22:05:51            2023-08-31 22:05:54          00:00:03        pass   
   151     TO_RESET_1           TT2_DMI_CHECK                       2023-08-31 22:05:54            2023-08-31 22:05:57          00:00:03        pass   
   152     TO_RESET_1           TT2_SDR_CHECK                       2023-08-31 22:05:57            2023-08-31 22:06:00          00:00:03        pass   
   153     TO_RESET_1           TT2_SEL_CHECK                       2023-08-31 22:06:00            2023-08-31 22:06:05          00:00:05        pass   
   154     TO_RESET_1           TT2_MSG_CHECK                       2023-08-31 22:06:05            2023-08-31 22:06:05          00:00:01        pass   
   155     TO_RESET_1           TT2_MCE_CHECK                       2023-08-31 22:06:05            2023-08-31 22:06:06          00:00:01        pass   
   156     TO_RESET_2           TT2_SEL_CLEAR                       2023-08-31 22:06:06            2023-08-31 22:06:15          00:00:09        pass   
   157     TO_RESET_2           TT2_POWER_RESET_CYCLE               2023-08-31 22:06:15            2023-08-31 22:28:50          00:22:35        pass   
   158     TO_RESET_2           TT2_CPU_CONFIG_CHECK                2023-08-31 22:28:50            2023-08-31 22:28:50          00:00:01        pass   
   159     TO_RESET_2           TT2_MEMORY_SLOT_CHECK               2023-08-31 22:28:50            2023-08-31 22:28:50          00:00:01        pass   
   160     TO_RESET_2           TT2_BMC_MAC_CHECK                   2023-08-31 22:28:50            2023-08-31 22:28:53          00:00:03        pass   
   161     TO_RESET_2           TT2_MCIO_CHECK                      2023-08-31 22:28:53            2023-08-31 22:29:36          00:00:43        pass   
   162     TO_RESET_2           TT2_PCIE_CONFIG_CHECK               2023-08-31 22:29:36            2023-08-31 22:29:36          00:00:01        pass   
   163     TO_RESET_2           TT2_PCIE_DEVICES_CHECK              2023-08-31 22:29:36            2023-08-31 22:29:36          00:00:01        pass   
   164     TO_RESET_2           TT2_NVME_CHECK                      2023-08-31 22:29:36            2023-08-31 22:29:47          00:00:11        pass   
   165     TO_RESET_2           TT2_FAN_CONFIG_CHECK                2023-08-31 22:29:47            2023-08-31 22:29:50          00:00:03        pass   
   166     TO_RESET_2           TT2_DMI_CHECK                       2023-08-31 22:29:50            2023-08-31 22:29:53          00:00:03        pass   
   167     TO_RESET_2           TT2_SDR_CHECK                       2023-08-31 22:29:53            2023-08-31 22:29:56          00:00:03        pass   
   168     TO_RESET_2           TT2_SEL_CHECK                       2023-08-31 22:29:56            2023-08-31 22:30:01          00:00:05        pass   
   169     TO_RESET_2           TT2_MSG_CHECK                       2023-08-31 22:30:01            2023-08-31 22:30:01          00:00:01        pass   
   170     TO_RESET_2           TT2_MCE_CHECK                       2023-08-31 22:30:01            2023-08-31 22:30:02          00:00:01        pass   
   171     TO_RESET_3           TT2_SEL_CLEAR                       2023-08-31 22:30:02            2023-08-31 22:30:10          00:00:08        pass   
   172     TO_RESET_3           TT2_POWER_RESET_CYCLE               2023-08-31 22:30:10            2023-08-31 22:52:45          00:22:35        pass   
   173     TO_RESET_3           TT2_CPU_CONFIG_CHECK                2023-08-31 22:52:45            2023-08-31 22:52:45          00:00:01        pass   
   174     TO_RESET_3           TT2_MEMORY_SLOT_CHECK               2023-08-31 22:52:45            2023-08-31 22:52:45          00:00:01        pass   
   175     TO_RESET_3           TT2_BMC_MAC_CHECK                   2023-08-31 22:52:46            2023-08-31 22:52:48          00:00:02        pass   
   176     TO_RESET_3           TT2_MCIO_CHECK                      2023-08-31 22:52:49            2023-08-31 22:53:31          00:00:42        pass   
   177     TO_RESET_3           TT2_PCIE_CONFIG_CHECK               2023-08-31 22:53:31            2023-08-31 22:53:31          00:00:01        pass   
   178     TO_RESET_3           TT2_PCIE_DEVICES_CHECK              2023-08-31 22:53:31            2023-08-31 22:53:32          00:00:01        pass   
   179     TO_RESET_3           TT2_NVME_CHECK                      2023-08-31 22:53:32            2023-08-31 22:53:42          00:00:10        pass   
   180     TO_RESET_3           TT2_FAN_CONFIG_CHECK                2023-08-31 22:53:42            2023-08-31 22:53:45          00:00:03        pass   
   181     TO_RESET_3           TT2_DMI_CHECK                       2023-08-31 22:53:45            2023-08-31 22:53:48          00:00:03        pass   
   182     TO_RESET_3           TT2_SDR_CHECK                       2023-08-31 22:53:48            2023-08-31 22:53:51          00:00:03        pass   
   183     TO_RESET_3           TT2_SEL_CHECK                       2023-08-31 22:53:51            2023-08-31 22:53:56          00:00:05        pass   
   184     TO_RESET_3           TT2_MSG_CHECK                       2023-08-31 22:53:56            2023-08-31 22:53:56          00:00:01        pass   
   185     TO_RESET_3           TT2_MCE_CHECK                       2023-08-31 22:53:56            2023-08-31 22:53:57          00:00:01        pass   
   186     TO_END               SFCS_UPLOAD_TIME                    2023-08-31 22:53:57            2023-08-31 22:54:17          00:00:20        pass   
   187     TO_END               SFCS_PASS                           2023-08-31 22:54:17            2023-08-31 22:54:28          00:00:11        pass   
   188     TP_START             SFCS_CHECK_ROUTE                    2023-08-31 22:54:28            2023-08-31 22:54:28          00:00:01        pass   
   189     TP_START             SFCS_UPLOAD_TIME                    2023-08-31 22:54:28            2023-08-31 22:54:38          00:00:10        pass   
   190     TP_FINAL             IDLE                                2023-08-31 22:54:38            2023-08-31 22:54:39          00:00:01        pass   
   191     TP_FINAL             TT2_SDR_CHECK                       2023-08-31 22:54:39            2023-08-31 22:54:42          00:00:03        pass   
   192     TP_FINAL             TT2_SEL_CHECK                       2023-08-31 22:54:43            2023-08-31 22:54:48          00:00:05        pass   
   193     TP_FINAL             TT2_MSG_CHECK                       2023-08-31 22:54:48            2023-08-31 22:54:48          00:00:01        pass   
   194     TP_FINAL             TT2_MCE_CHECK                       2023-08-31 22:54:48            2023-08-31 22:54:49          00:00:01        pass   
   195     TP_FINAL             TT2_BIOS_CHECK                      2023-08-31 22:54:49            2023-08-31 22:54:49          00:00:01        pass   
   196     TP_FINAL             TT2_BMC_HEALTH_CHECK                2023-08-31 22:54:49            2023-08-31 22:54:52          00:00:03        pass   
   197     TP_FINAL             TT2_BMC_VER_CHECK                   2023-08-31 22:54:52            2023-08-31 22:54:57          00:00:05        pass   
   198     TP_FINAL             TT2_CPLD_VER_CHECK                  2023-08-31 22:54:57            2023-08-31 22:55:29          00:00:32        pass   
   199     TP_FINAL             TT2_FRU_CHECK                       2023-08-31 22:55:29            2023-08-31 22:55:40          00:00:11        pass   
   200     TP_FINAL             TT2_K2V4_VER                        2023-08-31 22:55:40            2023-08-31 22:55:46          00:00:06        pass   
   201     TP_FINAL             TT2_K2XN_VER_OOB                    2023-08-31 22:55:46            2023-08-31 22:55:49          00:00:03        pass   
   202     TP_FINAL             TT2_CPU_CONFIG_CHECK                2023-08-31 22:55:49            2023-08-31 22:55:49          00:00:01        pass   
   203     TP_FINAL             TT2_MEMORY_SLOT_CHECK               2023-08-31 22:55:49            2023-08-31 22:55:50          00:00:01        pass   
   204     TP_FINAL             TT2_MLC_TEST                        2023-08-31 22:55:50            2023-08-31 22:59:34          00:03:44        pass   
   205     TP_FINAL             TT2_NVME_CHECK                      2023-08-31 22:59:34            2023-08-31 22:59:45          00:00:11        pass   
   206     TP_FINAL             TT2_BMC_MAC_CHECK                   2023-08-31 22:59:45            2023-08-31 22:59:48          00:00:03        pass   
   207     TP_FINAL             TT2_BFT_IOBD_GF_PRSNT               2023-08-31 22:59:48            2023-08-31 22:59:57          00:00:09        pass   
   208     TP_FINAL             TT2_BFT_IOBD_I2C_CHECK              2023-08-31 22:59:57            2023-08-31 23:00:43          00:00:46        pass   
   209     TP_FINAL             TT2_BFT_IOBD_RETIMER_FW             2023-08-31 23:00:43            2023-08-31 23:00:53          00:00:10        pass   
   210     TP_FINAL             TT2_BFT_IOBD_SMI                    2023-08-31 23:00:53            2023-08-31 23:01:31          00:00:38        pass   
   211     TP_FINAL             TT2_BFT_RISER0_I2C_CHECK            2023-08-31 23:01:31            2023-08-31 23:02:12          00:00:41        pass   
   212     TP_FINAL             TT2_BFT_RISER0_POWER                2023-08-31 23:02:12            2023-08-31 23:02:23          00:00:11        pass   
   213     TP_FINAL             TT2_MCIO_CHECK                      2023-08-31 23:02:23            2023-08-31 23:03:06          00:00:43        pass   
   214     TP_FINAL             TT2_PCIE_CONFIG_CHECK               2023-08-31 23:03:06            2023-08-31 23:03:06          00:00:01        pass   
   215     TP_FINAL             TT2_PCIE_DEVICES_CHECK              2023-08-31 23:03:06            2023-08-31 23:03:06          00:00:01        pass   
   216     TP_FINAL             TT2_FAN_CONFIG_CHECK                2023-08-31 23:03:06            2023-08-31 23:03:10          00:00:04        pass   
   217     TP_FINAL             IDLE                                2023-08-31 23:03:10            2023-08-31 23:03:11          00:00:01        pass   
   218     TP_FINAL             TT2_DMI_CHECK                       2023-08-31 23:03:11            2023-08-31 23:03:14          00:00:03        pass   
   219     TP_FINAL             TT2_INTER_LINK_CHECK                2023-08-31 23:03:14            2023-08-31 23:04:05          00:00:51        pass   
   220     TP_LOG               IDLE                                2023-08-31 23:04:05            2023-08-31 23:04:06          00:00:01        pass   
   221     TP_LOG               TT2_SDR_CHECK                       2023-08-31 23:04:06            2023-08-31 23:04:09          00:00:03        pass   
   222     TP_LOG               TT2_SEL_CHECK                       2023-08-31 23:04:09            2023-08-31 23:04:13          00:00:04        pass   
   223     TP_LOG               TT2_MSG_CHECK                       2023-08-31 23:04:13            2023-08-31 23:04:13          00:00:01        pass   
   224     TP_LOG               TT2_MCE_CHECK                       2023-08-31 23:04:13            2023-08-31 23:04:14          00:00:01        pass   
   225     TP_LOG               TT2_SEL_CLEAR                       2023-08-31 23:04:14            2023-08-31 23:04:22          00:00:08        pass   
   226     TP_END               SFCS_UPLOAD_TIME                    2023-08-31 23:04:22            2023-08-31 23:04:42          00:00:20        pass   
   227     TP_END               TT2_INIT_CLEAR                      2023-08-31 23:04:42            2023-08-31 23:04:55          00:00:13        pass   
   228     TP_END               SFCS_PASS                           2023-08-31 23:04:55            2023-08-31 23:05:06          00:00:11        pass   
    1      KR_START             IDLE                                2023-11-02 16:26:25            2023-11-02 16:45:11          00:18:46        fail   
    1      KR_START             IDLE                                2023-11-02 17:10:28            2023-11-02 17:42:34          00:32:06        fail   
    1      KR_START             IDLE                                2023-11-02 17:45:30            2023-11-02 17:46:13          00:00:43        pass   
    2      KR_START             TT2_L11_INIT_CLEAR                  2023-11-02 17:46:13            2023-11-02 17:46:50          00:00:37        pass   
    3      KR_START             TT2_BFT_RTC_TEST                    2023-11-02 17:46:50            2023-11-02 17:46:58          00:00:08        pass   
    4      KR_START             IDLE                                2023-11-02 17:46:58            2023-11-02 17:46:59          00:00:01        pass   
    5      KR_START             SFCS_UPLOAD_TIME                    2023-11-02 17:46:59            2023-11-02 17:47:09          00:00:10        pass   
    6      KR_HN_FW             TT2_BIOS_CHECK                      2023-11-02 17:47:09            2023-11-02 18:19:55          00:32:46        pass   
    7      KR_HN_FW             IDLE                                2023-11-02 18:19:55            2023-11-02 18:19:56          00:00:01        pass   
    8      KR_HN_FW             TT2_BMC_HEALTH_CHECK                2023-11-02 18:19:56            2023-11-02 18:19:56          00:00:01        pass   
    9      KR_HN_FW             TT2_BMC_VER_CHECK                   2023-11-02 18:19:56            2023-11-02 18:44:46          00:24:50        pass   
    10     KR_HN_FW             TT2_CPLD_VER_CHECK                  2023-11-02 18:44:46            2023-11-02 19:15:05          00:30:19        pass   
    11     KR_HN_FW             IDLE                                2023-11-02 19:15:05            2023-11-02 19:15:06          00:00:01        pass   
    12     KR_HN_FW             TT2_FRU_CHECK                       2023-11-02 19:15:06            2023-11-02 19:15:06          00:00:01        pass   
    13     KR_HN_FW             TT2_K2V4_VER                        2023-11-02 19:15:06            2023-11-02 19:15:12          00:00:06        pass   
    14     KR_HN_FW             TT2_K2XN_VER_OOB                    2023-11-02 19:15:12            2023-11-02 19:15:13          00:00:01        pass   
    15     KR_JBOG_FW           IDLE                                2023-11-02 19:15:13            2023-11-02 19:15:14          00:00:01        pass   
    16     KR_JBOG_FW           TT2_L11_JBOG_SMC_VER_CHECK          2023-11-02 19:15:14            2023-11-02 19:42:32          00:27:18        pass   
    17     KR_JBOG_FW           TT2_L11_JBOG_FRU_CHECK              2023-11-02 19:42:32            2023-11-02 19:43:18          00:00:46        pass   
    18     KR_JBOG_FW           IDLE                                2023-11-02 19:43:18            2023-11-02 19:43:20          00:00:02        pass   
    19     KR_JBOG_FW           IDLE                                2023-11-02 19:43:20            2023-11-02 19:43:21          00:00:01        pass   
    20     KR_JBOG_FW           TT2_L11_JBOG_CPLD_VER_CHECK         2023-11-02 19:43:21            2023-11-02 19:47:54          00:04:33        pass   
    21     KR_JBOG_FW           IDLE                                2023-11-02 19:47:54            2023-11-02 19:47:55          00:00:01        pass   
    22     KR_JBOG_FW           TT2_L11_JBOG_PESW_VER_UPDATE        2023-11-02 19:47:55            2023-11-02 19:48:11          00:00:16        pass   
    23     KR_JBOG_FW           TT2_L11_JBOG_PESW_VER_CHECK         2023-11-02 19:48:11            2023-11-02 19:48:28          00:00:17        pass   
    24     KR_JBOG_FW           IDLE                                2023-11-02 19:48:28            2023-11-02 19:48:29          00:00:01        pass   
    25     KR_JBOG_FW           IDLE                                2023-11-02 19:48:29            2023-11-02 19:48:30          00:00:01        pass   
    26     KR_JBOG_FW           IDLE                                2023-11-02 19:48:30            2023-11-02 19:48:32          00:00:02        pass   
    27     KR_AC                IDLE                                2023-11-02 19:48:32            2023-11-02 19:48:33          00:00:01        pass   
    28     KR_AC                TT2_L11_POWER_AC                    2023-11-02 19:48:33            2023-11-02 20:15:56          00:27:23        pass   
    29     KR_AC                IDLE                                2023-11-02 20:15:56            2023-11-02 20:15:57          00:00:01        pass   
    30     KR_INTER_LINK        TT2_L11_JBOG_RPM_PRESENCE           2023-11-02 20:15:57            2023-11-02 20:16:58          00:01:01        pass   
    31     KR_INTER_LINK        TT2_L11_EXT_CABLE_DETECT            2023-11-02 20:16:58            2023-11-02 20:29:25          00:12:27        fail   
    30     KR_INTER_LINK        TT2_L11_JBOG_RPM_PRESENCE           2023-11-02 22:54:52            2023-11-02 22:56:24          00:01:32        pass   
    31     KR_INTER_LINK        TT2_L11_EXT_CABLE_DETECT            2023-11-02 22:56:24            2023-11-02 23:11:11          00:14:47        pass   
    32     KR_INTER_LINK        TT2_L11_INTERNAL_LAN_CHECK          2023-11-02 23:11:11            2023-11-02 23:15:39          00:04:28        fail   
    30     KR_INTER_LINK        TT2_L11_JBOG_RPM_PRESENCE           2023-11-03 02:28:37            2023-11-03 02:45:04          00:16:27        pass   
    31     KR_INTER_LINK        TT2_L11_EXT_CABLE_DETECT            2023-11-03 02:45:05            2023-11-03 02:58:35          00:13:30        pass   
    32     KR_INTER_LINK        TT2_L11_INTERNAL_LAN_CHECK          2023-11-03 02:58:35            2023-11-03 03:02:34          00:03:59        pass   
    33     KR_HW                IDLE                                2023-11-03 03:02:34            2023-11-03 03:02:36          00:00:02        pass   
    34     KR_HW                TT2_PCIE_CONFIG_CHECK               2023-11-03 03:02:36            2023-11-03 03:02:57          00:00:21        fail   
    33     KR_HW                IDLE                                2023-11-03 03:20:11            2023-11-03 03:43:01          00:22:50        pass   
    34     KR_HW                TT2_PCIE_CONFIG_CHECK               2023-11-03 03:43:01            2023-11-03 03:45:02          00:02:01        pass   
    35     KR_HW                TT2_PCIE_DEVICES_CHECK              2023-11-03 03:45:02            2023-11-03 03:45:05          00:00:03        pass   
    36     KR_HW                TT2_CPU_CONFIG_CHECK                2023-11-03 03:45:05            2023-11-03 03:45:05          00:00:01        pass   
    37     KR_HW                TT2_MEMORY_SLOT_CHECK               2023-11-03 03:45:05            2023-11-03 03:45:05          00:00:01        pass   
    38     KR_HW                TT2_MLC_TEST                        2023-11-03 03:45:05            2023-11-03 03:48:51          00:03:46        pass   
    39     KR_HW                TT2_SDR_CHECK                       2023-11-03 03:48:51            2023-11-03 03:48:51          00:00:01        pass   
    40     KR_HW                TT2_L11_JBOG_SMC_POS_CHECK          2023-11-03 03:48:51            2023-11-03 03:49:00          00:00:09        pass   
    41     KR_HW                TT2_L11_JBOG_RPM_PRESENCE           2023-11-03 03:49:00            2023-11-03 03:49:50          00:00:50        pass   
    42     KR_HW                TT2_L11_JBOG_SDR_CHECK              2023-11-03 11:04:53            2023-11-03 11:05:40          00:00:48        pass   
    42     KR_HW                TT2_L11_JBOG_SDR_CHECK              2023-11-03 11:04:53            2023-11-03 11:05:40          00:00:47        pass   
    43     KR_HW                TT2_NVME_CHECK                      2023-11-03 11:05:43            2023-11-03 11:06:35          00:00:52        pass   
    44     KR_HW                TT2_BMC_MAC_CHECK                   2023-11-03 11:06:35            2023-11-03 11:06:36          00:00:01        pass   
    45     KR_HW                TT2_MCIO_CHECK                      2023-11-03 11:06:36            2023-11-03 11:07:19          00:00:43        pass   
    46     KR_HW                TT2_FAN_CONFIG_CHECK                2023-11-03 11:07:19            2023-11-03 11:07:20          00:00:01        pass   
    47     KR_HW                TT2_L11_JBOG_FAN_CONFIG_CHECK       2023-11-03 11:07:20            2023-11-03 11:07:26          00:00:06        pass   
    48     KR_HW                TT2_DMI_CHECK                       2023-11-03 11:07:26            2023-11-03 11:07:27          00:00:01        pass   
    49     KR_HW                TT2_INTER_LINK_CHECK                2023-11-03 11:07:27            2023-11-03 11:07:59          00:00:32        pass   
    50     KR_HW                TT2_L11_JBOG_SOL_TEST               2023-11-03 11:07:59            2023-11-03 12:04:26          00:56:27        pass   
    51     KR_AL_TEST           IDLE                                2023-11-03 12:04:26            2023-11-03 12:04:27          00:00:01        pass   
    52     KR_AL_TEST           TT2_L11_AWS_ALDACEEPROM             2023-11-03 12:04:27            2023-11-03 12:22:16          00:17:49        fail   
    51     KR_AL_TEST           IDLE                                2023-11-03 23:26:00            2023-11-03 23:26:43          00:00:43        pass   
    52     KR_AL_TEST           TT2_L11_AWS_ALDACEEPROM             2023-11-03 23:26:43            2023-11-03 23:43:27          00:16:44        pass   
    53     KR_AL_TEST           IDLE                                2023-11-03 23:43:27            2023-11-03 23:43:28          00:00:01        pass   
    54     KR_AL_TEST           IDLE                                2023-11-03 23:43:28            2023-11-03 23:43:29          00:00:01        pass   
    55     KR_LOG               IDLE                                2023-11-03 23:43:29            2023-11-03 23:43:30          00:00:01        pass   
    56     KR_LOG               IDLE                                2023-11-03 23:43:30            2023-11-03 23:43:31          00:00:01        pass   
    57     KR_LOG               TT2_MSG_CHECK                       2023-11-03 23:43:31            2023-11-03 23:43:52          00:00:21        fail   
    55     KR_LOG               IDLE                                2023-11-04 03:11:44            2023-11-04 03:12:26          00:00:42        pass   
    56     KR_LOG               IDLE                                2023-11-04 03:12:26            2023-11-04 03:12:27          00:00:01        pass   
    57     KR_LOG               TT2_MSG_CHECK                       2023-11-04 03:12:27            2023-11-04 03:12:28          00:00:01        pass   
    58     KR_LOG               TT2_MCE_CHECK                       2023-11-04 03:12:28            2023-11-04 03:12:28          00:00:01        pass   
    59     KR_LOG               TT2_SEL_CHECK                       2023-11-04 03:12:28            2023-11-04 03:12:46          00:00:18        pass   
    60     KR_LOG               TT2_L11_JBOG_SEL_CHECK              2023-11-04 03:12:46            2023-11-04 03:12:56          00:00:10        pass   
    61     KR_LOG               TT2_SEL_CLEAR                       2023-11-04 03:12:56            2023-11-04 03:13:15          00:00:19        pass   
    62     KR_AWS_K2            IDLE                                2023-11-04 03:13:15            2023-11-04 03:13:16          00:00:01        pass   
    63     KR_AWS_K2            TT2_SWITCH_BOOTMENU                 2023-11-04 03:13:16            2023-11-04 03:37:40          00:24:24        pass   
    64     KR_AWS_K2            TT2_RAMDISK_LOG_CHECK               2023-11-04 03:37:40            2023-11-06 11:34:00          07:56:20        fail   
    62     KR_AWS_K2            IDLE                                2023-11-06 14:58:36            2023-11-06 14:59:19          00:00:43        pass   
    63     KR_AWS_K2            TT2_SWITCH_BOOTMENU                 2023-11-06 14:59:19            2023-11-06 15:23:44          00:24:25        pass   
    64     KR_AWS_K2            TT2_RAMDISK_LOG_CHECK               2023-11-06 15:23:44            2023-11-06 23:29:39          08:05:55        fail   
    62     KR_AWS_K2            IDLE                                2023-11-07 14:41:06            2023-11-07 14:41:49          00:00:43        pass   
    63     KR_AWS_K2            TT2_SWITCH_BOOTMENU                 2023-11-07 14:41:49            2023-11-07 15:06:14          00:24:25        pass   
    64     KR_AWS_K2            TT2_RAMDISK_LOG_CHECK               2023-11-07 15:06:14            2023-11-07 23:27:24          08:21:10        pass   
    65     KR_AWS_K2            TT2_SWITCH_BOOTMENU                 2023-11-07 23:27:24            2023-11-07 23:53:39          00:26:15        pass   
    66     KR_AWS_K2            SFCS_UPLOAD_TIME                    2023-11-07 23:53:39            2023-11-07 23:54:00          00:00:21        pass   
    67     KR_AWS_END           IDLE                                2023-11-07 23:54:00            2023-11-07 23:54:01          00:00:01        pass   
    68     KR_AWS_END           SFCS_CHECK_ROUTE                    2023-11-08 08:21:25            2023-11-08 08:22:07          00:00:43        pass   
    68     KR_AWS_END           SFCS_CHECK_ROUTE                    2023-11-08 08:21:25            2023-11-08 08:22:07          00:00:42        pass   
    69     KR_AWS_END           IDLE                                2023-11-08 08:22:13            2023-11-08 08:22:56          00:00:43        pass   
    70     KR_AWS_END           SFCS_PASS                           2023-11-08 08:22:56            2023-11-08 08:23:08          00:00:12        pass   
    71     MR_AWS_START         IDLE                                2023-11-08 08:23:08            2023-11-08 08:23:09          00:00:01        pass   
    72     MR_AWS_START         SFCS_CHECK_ROUTE                    2023-11-08 08:23:09            2023-11-08 08:23:10          00:00:01        pass   
    73     MR_AWS_START         IDLE                                2023-11-08 08:23:10            2023-11-08 08:23:11          00:00:01        pass   
    74     MR_AWS_START         SFCS_UPLOAD_TIME                    2023-11-08 08:23:11            2023-11-08 08:23:21          00:00:10        pass   
    75     MR_AWS_MLA           TT2_K2V4_KEG_PUSH                   2023-11-08 08:23:21            2023-11-08 08:25:04          00:01:43        pass   
    77     MR_AWS_MLA           TT2_RAMDISK_LOG_CHECK               2023-11-08 08:49:30            2023-11-08 09:48:15          00:58:45        fail   
    76     MR_AWS_MLA           TT2_SWITCH_BOOTMENU                 2023-11-09 02:55:44            2023-11-09 03:46:13          00:50:30        pass   
    76     MR_AWS_MLA           TT2_SWITCH_BOOTMENU                 2023-11-09 02:55:44            2023-11-09 03:46:13          00:50:29        pass   
    77     MR_AWS_MLA           TT2_RAMDISK_LOG_CHECK               2023-11-09 03:46:28            2023-11-09 04:40:52          00:54:24        fail   
    75     MR_AWS_MLA           IDLE                                2023-11-09 11:00:26            2023-11-09 11:01:08          00:00:42        pass   
    76     MR_AWS_MLA           TT2_SWITCH_BOOTMENU                 2023-11-09 11:01:08            2023-11-09 11:25:27          00:24:19        pass   
    77     MR_AWS_MLA           TT2_RAMDISK_LOG_CHECK               2023-11-09 11:25:27            2023-11-09 12:14:09          00:48:42        fail   
    75     MR_AWS_MLA           IDLE                                2023-11-09 19:12:57            2023-11-09 19:33:44          00:20:47        pass   
    76     MR_AWS_MLA           TT2_SWITCH_BOOTMENU                 2023-11-09 19:33:44            2023-11-09 19:58:13          00:24:29        pass   
    77     MR_AWS_MLA           TT2_RAMDISK_LOG_CHECK               2023-11-09 19:58:14            2023-11-09 20:25:47          00:27:33        fail   
    75     MR_AWS_MLA           IDLE                                2023-11-09 22:17:39            2023-11-09 22:18:22          00:00:43        pass   
    76     MR_AWS_MLA           TT2_SWITCH_BOOTMENU                 2023-11-09 22:18:22            2023-11-09 22:42:41          00:24:19        pass   
    77     MR_AWS_MLA           TT2_RAMDISK_LOG_CHECK               2023-11-09 22:42:41            2023-11-09 23:35:24          00:52:43        fail   




